
StoryGraphToolkit, tool: maxgraph

Generating maxgraphs from 2019-02-17 00:00:00 to 2019-02-17 01:16:12
Calculating maxgraph for date: 2019-02-17
	get_timezone_aware_graphs() rm date: 2019-02-17 01:16:31 > 2019-02-17 01:16:12
	get_timezone_aware_graphs() rm date: 2019-02-17 01:27:11 > 2019-02-17 01:16:12
	get_timezone_aware_graphs() rm date: 2019-02-17 01:36:42 > 2019-02-17 01:16:12
	get_timezone_aware_graphs() rm date: 2019-02-17 01:47:03 > 2019-02-17 01:16:12
	get_timezone_aware_graphs() rm date: 2019-02-17 01:57:03 > 2019-02-17 01:16:12
	get_timezone_aware_graphs() rm date: 2019-02-17 02:07:30 > 2019-02-17 01:16:12
	get_timezone_aware_graphs() rm date: 2019-02-17 02:16:43 > 2019-02-17 01:16:12
	get_timezone_aware_graphs() rm date: 2019-02-17 02:27:41 > 2019-02-17 01:16:12
	get_timezone_aware_graphs() rm date: 2019-02-17 02:36:46 > 2019-02-17 01:16:12
	get_timezone_aware_graphs() rm date: 2019-02-17 02:47:19 > 2019-02-17 01:16:12
	get_timezone_aware_graphs() rm date: 2019-02-17 02:57:29 > 2019-02-17 01:16:12
	get_timezone_aware_graphs() rm date: 2019-02-17 03:06:44 > 2019-02-17 01:16:12
	get_timezone_aware_graphs() rm date: 2019-02-17 03:17:21 > 2019-02-17 01:16:12
	get_timezone_aware_graphs() rm date: 2019-02-17 03:27:39 > 2019-02-17 01:16:12
	get_timezone_aware_graphs() rm date: 2019-02-17 03:36:35 > 2019-02-17 01:16:12
	get_timezone_aware_graphs() rm date: 2019-02-17 03:47:31 > 2019-02-17 01:16:12
	get_timezone_aware_graphs() rm date: 2019-02-17 03:57:15 > 2019-02-17 01:16:12
	get_timezone_aware_graphs() rm date: 2019-02-17 04:07:13 > 2019-02-17 01:16:12
	get_timezone_aware_graphs() rm date: 2019-02-17 04:16:52 > 2019-02-17 01:16:12
	get_timezone_aware_graphs() rm date: 2019-02-17 04:26:32 > 2019-02-17 01:16:12
	get_timezone_aware_graphs() rm date: 2019-02-17 04:37:34 > 2019-02-17 01:16:12
	get_timezone_aware_graphs() rm date: 2019-02-17 04:47:14 > 2019-02-17 01:16:12
	get_timezone_aware_graphs() rm date: 2019-02-17 04:57:01 > 2019-02-17 01:16:12
	get_timezone_aware_graphs() rm date: 2019-02-17 05:07:19 > 2019-02-17 01:16:12
	get_timezone_aware_graphs() rm date: 2019-02-17 05:16:31 > 2019-02-17 01:16:12
	get_timezone_aware_graphs() rm date: 2019-02-17 05:27:29 > 2019-02-17 01:16:12
	get_timezone_aware_graphs() rm date: 2019-02-17 05:37:33 > 2019-02-17 01:16:12
	get_timezone_aware_graphs() rm date: 2019-02-17 05:46:56 > 2019-02-17 01:16:12
	get_timezone_aware_graphs() rm date: 2019-02-17 05:57:36 > 2019-02-17 01:16:12
	get_timezone_aware_graphs() rm date: 2019-02-17 06:07:46 > 2019-02-17 01:16:12
	get_timezone_aware_graphs() rm date: 2019-02-17 06:17:04 > 2019-02-17 01:16:12
	get_timezone_aware_graphs() rm date: 2019-02-17 06:27:33 > 2019-02-17 01:16:12
	get_timezone_aware_graphs() rm date: 2019-02-17 06:37:00 > 2019-02-17 01:16:12
	get_timezone_aware_graphs() rm date: 2019-02-17 06:47:31 > 2019-02-17 01:16:12
	get_timezone_aware_graphs() rm date: 2019-02-17 06:57:03 > 2019-02-17 01:16:12
	get_timezone_aware_graphs() rm date: 2019-02-17 07:07:23 > 2019-02-17 01:16:12
	get_timezone_aware_graphs() rm date: 2019-02-17 07:17:47 > 2019-02-17 01:16:12
	get_timezone_aware_graphs() rm date: 2019-02-17 07:27:13 > 2019-02-17 01:16:12
	get_timezone_aware_graphs() rm date: 2019-02-17 07:37:47 > 2019-02-17 01:16:12
	get_timezone_aware_graphs() rm date: 2019-02-17 07:47:05 > 2019-02-17 01:16:12
	get_timezone_aware_graphs() rm date: 2019-02-17 07:58:00 > 2019-02-17 01:16:12
	get_timezone_aware_graphs() rm date: 2019-02-17 08:07:27 > 2019-02-17 01:16:12
	get_timezone_aware_graphs() rm date: 2019-02-17 08:17:52 > 2019-02-17 01:16:12
	get_timezone_aware_graphs() rm date: 2019-02-17 08:27:55 > 2019-02-17 01:16:12
	get_timezone_aware_graphs() rm date: 2019-02-17 08:37:21 > 2019-02-17 01:16:12
	get_timezone_aware_graphs() rm date: 2019-02-17 08:47:34 > 2019-02-17 01:16:12
	get_timezone_aware_graphs() rm date: 2019-02-17 08:57:03 > 2019-02-17 01:16:12
	get_timezone_aware_graphs() rm date: 2019-02-17 09:07:57 > 2019-02-17 01:16:12
	get_timezone_aware_graphs() rm date: 2019-02-17 09:17:31 > 2019-02-17 01:16:12
	get_timezone_aware_graphs() rm date: 2019-02-17 09:27:42 > 2019-02-17 01:16:12
	get_timezone_aware_graphs() rm date: 2019-02-17 09:38:22 > 2019-02-17 01:16:12
	get_timezone_aware_graphs() rm date: 2019-02-17 09:47:04 > 2019-02-17 01:16:12
	get_timezone_aware_graphs() rm date: 2019-02-17 09:57:39 > 2019-02-17 01:16:12
	get_timezone_aware_graphs() rm date: 2019-02-17 10:08:00 > 2019-02-17 01:16:12
	get_timezone_aware_graphs() rm date: 2019-02-17 10:17:26 > 2019-02-17 01:16:12
	get_timezone_aware_graphs() rm date: 2019-02-17 10:28:00 > 2019-02-17 01:16:12
	get_timezone_aware_graphs() rm date: 2019-02-17 10:38:02 > 2019-02-17 01:16:12
	get_timezone_aware_graphs() rm date: 2019-02-17 10:48:11 > 2019-02-17 01:16:12
	get_timezone_aware_graphs() rm date: 2019-02-17 10:57:26 > 2019-02-17 01:16:12
	get_timezone_aware_graphs() rm date: 2019-02-17 11:08:10 > 2019-02-17 01:16:12
	get_timezone_aware_graphs() rm date: 2019-02-17 11:17:39 > 2019-02-17 01:16:12
	get_timezone_aware_graphs() rm date: 2019-02-17 11:28:29 > 2019-02-17 01:16:12
	get_timezone_aware_graphs() rm date: 2019-02-17 11:38:45 > 2019-02-17 01:16:12
	get_timezone_aware_graphs() rm date: 2019-02-17 11:47:37 > 2019-02-17 01:16:12
	get_timezone_aware_graphs() rm date: 2019-02-17 11:57:48 > 2019-02-17 01:16:12
	get_timezone_aware_graphs() rm date: 2019-02-17 12:07:57 > 2019-02-17 01:16:12
	get_timezone_aware_graphs() rm date: 2019-02-17 12:18:08 > 2019-02-17 01:16:12
	get_timezone_aware_graphs() rm date: 2019-02-17 12:28:19 > 2019-02-17 01:16:12
	get_timezone_aware_graphs() rm date: 2019-02-17 12:37:32 > 2019-02-17 01:16:12
	get_timezone_aware_graphs() rm date: 2019-02-17 12:48:05 > 2019-02-17 01:16:12
	get_timezone_aware_graphs() rm date: 2019-02-17 12:57:43 > 2019-02-17 01:16:12
	get_timezone_aware_graphs() rm date: 2019-02-17 13:08:13 > 2019-02-17 01:16:12
	get_timezone_aware_graphs() rm date: 2019-02-17 13:18:19 > 2019-02-17 01:16:12
	get_timezone_aware_graphs() rm date: 2019-02-17 13:27:37 > 2019-02-17 01:16:12
	get_timezone_aware_graphs() rm date: 2019-02-17 13:37:59 > 2019-02-17 01:16:12
	get_timezone_aware_graphs() rm date: 2019-02-17 13:48:09 > 2019-02-17 01:16:12
	get_timezone_aware_graphs() rm date: 2019-02-17 13:58:18 > 2019-02-17 01:16:12
	get_timezone_aware_graphs() rm date: 2019-02-17 14:08:23 > 2019-02-17 01:16:12
	get_timezone_aware_graphs() rm date: 2019-02-17 14:17:42 > 2019-02-17 01:16:12
	get_timezone_aware_graphs() rm date: 2019-02-17 14:28:43 > 2019-02-17 01:16:12
	get_timezone_aware_graphs() rm date: 2019-02-17 14:37:55 > 2019-02-17 01:16:12
	get_timezone_aware_graphs() rm date: 2019-02-17 14:48:18 > 2019-02-17 01:16:12
	get_timezone_aware_graphs() rm date: 2019-02-17 14:58:27 > 2019-02-17 01:16:12
	get_timezone_aware_graphs() rm date: 2019-02-17 15:07:53 > 2019-02-17 01:16:12
	get_timezone_aware_graphs() rm date: 2019-02-17 15:18:29 > 2019-02-17 01:16:12
	get_timezone_aware_graphs() rm date: 2019-02-17 15:28:40 > 2019-02-17 01:16:12
	get_timezone_aware_graphs() rm date: 2019-02-17 15:38:02 > 2019-02-17 01:16:12
	get_timezone_aware_graphs() rm date: 2019-02-17 15:48:49 > 2019-02-17 01:16:12
	get_timezone_aware_graphs() rm date: 2019-02-17 15:58:05 > 2019-02-17 01:16:12
	get_timezone_aware_graphs() rm date: 2019-02-17 16:08:37 > 2019-02-17 01:16:12
	get_timezone_aware_graphs() rm date: 2019-02-17 16:17:58 > 2019-02-17 01:16:12
	get_timezone_aware_graphs() rm date: 2019-02-17 16:28:47 > 2019-02-17 01:16:12
	get_timezone_aware_graphs() rm date: 2019-02-17 16:37:46 > 2019-02-17 01:16:12
	get_timezone_aware_graphs() rm date: 2019-02-17 16:48:28 > 2019-02-17 01:16:12
	get_timezone_aware_graphs() rm date: 2019-02-17 16:57:41 > 2019-02-17 01:16:12
	get_timezone_aware_graphs() rm date: 2019-02-17 17:08:35 > 2019-02-17 01:16:12
	get_timezone_aware_graphs() rm date: 2019-02-17 17:18:48 > 2019-02-17 01:16:12
	get_timezone_aware_graphs() rm date: 2019-02-17 17:28:07 > 2019-02-17 01:16:12
	get_timezone_aware_graphs() rm date: 2019-02-17 17:38:31 > 2019-02-17 01:16:12
	get_timezone_aware_graphs() rm date: 2019-02-17 17:48:08 > 2019-02-17 01:16:12
	get_timezone_aware_graphs() rm date: 2019-02-17 17:58:37 > 2019-02-17 01:16:12
	get_timezone_aware_graphs() rm date: 2019-02-17 18:08:47 > 2019-02-17 01:16:12
	get_timezone_aware_graphs() rm date: 2019-02-17 18:17:50 > 2019-02-17 01:16:12
	get_timezone_aware_graphs() rm date: 2019-02-17 18:28:55 > 2019-02-17 01:16:12
	get_timezone_aware_graphs() rm date: 2019-02-17 18:38:23 > 2019-02-17 01:16:12
	get_timezone_aware_graphs() rm date: 2019-02-17 18:48:51 > 2019-02-17 01:16:12
	get_timezone_aware_graphs() rm date: 2019-02-17 18:58:16 > 2019-02-17 01:16:12
	get_timezone_aware_graphs() rm date: 2019-02-17 19:08:45 > 2019-02-17 01:16:12
	get_timezone_aware_graphs() rm date: 2019-02-17 19:19:03 > 2019-02-17 01:16:12
	get_timezone_aware_graphs() rm date: 2019-02-17 19:28:08 > 2019-02-17 01:16:12
	get_timezone_aware_graphs() rm date: 2019-02-17 19:38:33 > 2019-02-17 01:16:12
	get_timezone_aware_graphs() rm date: 2019-02-17 19:49:01 > 2019-02-17 01:16:12
	get_timezone_aware_graphs() rm date: 2019-02-17 19:59:26 > 2019-02-17 01:16:12
	get_timezone_aware_graphs() rm date: 2019-02-17 20:08:34 > 2019-02-17 01:16:12
	get_timezone_aware_graphs() rm date: 2019-02-17 20:18:55 > 2019-02-17 01:16:12
	get_timezone_aware_graphs() rm date: 2019-02-17 20:29:07 > 2019-02-17 01:16:12
	get_timezone_aware_graphs() rm date: 2019-02-17 20:38:28 > 2019-02-17 01:16:12
	get_timezone_aware_graphs() rm date: 2019-02-17 20:48:47 > 2019-02-17 01:16:12
	get_timezone_aware_graphs() rm date: 2019-02-17 20:58:22 > 2019-02-17 01:16:12
	get_timezone_aware_graphs() rm date: 2019-02-17 21:08:43 > 2019-02-17 01:16:12
	get_timezone_aware_graphs() rm date: 2019-02-17 21:19:00 > 2019-02-17 01:16:12
	get_timezone_aware_graphs() rm date: 2019-02-17 21:28:23 > 2019-02-17 01:16:12
	get_timezone_aware_graphs() rm date: 2019-02-17 21:38:38 > 2019-02-17 01:16:12
	get_timezone_aware_graphs() rm date: 2019-02-17 21:49:01 > 2019-02-17 01:16:12
	get_timezone_aware_graphs() rm date: 2019-02-17 21:58:31 > 2019-02-17 01:16:12
	get_timezone_aware_graphs() rm date: 2019-02-17 22:08:51 > 2019-02-17 01:16:12
	get_timezone_aware_graphs() rm date: 2019-02-17 22:19:05 > 2019-02-17 01:16:12
	get_timezone_aware_graphs() rm date: 2019-02-17 22:29:20 > 2019-02-17 01:16:12
	get_timezone_aware_graphs() rm date: 2019-02-17 22:38:48 > 2019-02-17 01:16:12
	get_timezone_aware_graphs() rm date: 2019-02-17 22:49:29 > 2019-02-17 01:16:12
	get_timezone_aware_graphs() rm date: 2019-02-17 22:58:33 > 2019-02-17 01:16:12
	get_timezone_aware_graphs() rm date: 2019-02-17 23:09:16 > 2019-02-17 01:16:12
	get_timezone_aware_graphs() rm date: 2019-02-17 23:18:38 > 2019-02-17 01:16:12
	get_timezone_aware_graphs() rm date: 2019-02-17 23:29:02 > 2019-02-17 01:16:12
	get_timezone_aware_graphs() rm date: 2019-02-17 23:39:13 > 2019-02-17 01:16:12
	get_timezone_aware_graphs() rm date: 2019-02-17 23:48:47 > 2019-02-17 01:16:12
	get_timezone_aware_graphs() rm date: 2019-02-17 23:59:08 > 2019-02-17 01:16:12

Day: 2019-02-17, clustered 7 graphs with similar links into 1 initial subgraph clusters

Day: 2019-02-17, graphs with similar links were clustered into 1 initial subgraphs clusters
Attempting to further cluster 1 initial subgraph clusters based on similar sumgrams
Clustered 1 initial subgraph clusters into 1 subgraph clusters
	dumpJsonToFile(), wrote: ./sgbot_8/tmp/current_storygraphdata.json

RANKED LIST OF STORIES

date: 2019-02-17, 1 (--maxstory-count=1) story


1/1, max_node_title: Report: CPD Believe Jussie Smollett Paid Two Men to Stage Attack (max_node_title repeated 7 of 7 graphs)
Maxgraph link: https://web.archive.org/storygraph/graphs/usa/#cursor=30&hist=144&t=2019-02-17T05:06:24
From: 2019-02-17T05:06:24Z to 2019-02-17T06:07:25Z (1hrs 01min 01 sec), maxgraph max CC avg. deg: 4.27
Maxgraph max CC max_node_title: Report: CPD Believe Jussie Smollett Paid Two Men to Stage Attack
Clusterer: sgdata.same_day_seq_cluster_by_common_links
Pulse: .......

All pulses: .......

