
StoryGraphToolkit, tool: maxgraph

Generating maxgraphs from 2019-08-14 12:25:36 to 2019-08-14 20:06:07
Calculating maxgraph for date: 2019-08-14
	get_timezone_aware_graphs() rm date: 2019-08-14 00:04:54 < 2019-08-14 12:25:36
	get_timezone_aware_graphs() rm date: 2019-08-14 00:14:45 < 2019-08-14 12:25:36
	get_timezone_aware_graphs() rm date: 2019-08-14 00:24:47 < 2019-08-14 12:25:36
	get_timezone_aware_graphs() rm date: 2019-08-14 00:34:33 < 2019-08-14 12:25:36
	get_timezone_aware_graphs() rm date: 2019-08-14 00:44:38 < 2019-08-14 12:25:36
	get_timezone_aware_graphs() rm date: 2019-08-14 00:54:50 < 2019-08-14 12:25:36
	get_timezone_aware_graphs() rm date: 2019-08-14 01:04:46 < 2019-08-14 12:25:36
	get_timezone_aware_graphs() rm date: 2019-08-14 01:14:45 < 2019-08-14 12:25:36
	get_timezone_aware_graphs() rm date: 2019-08-14 01:24:38 < 2019-08-14 12:25:36
	get_timezone_aware_graphs() rm date: 2019-08-14 01:34:37 < 2019-08-14 12:25:36
	get_timezone_aware_graphs() rm date: 2019-08-14 01:44:45 < 2019-08-14 12:25:36
	get_timezone_aware_graphs() rm date: 2019-08-14 01:54:45 < 2019-08-14 12:25:36
	get_timezone_aware_graphs() rm date: 2019-08-14 02:04:52 < 2019-08-14 12:25:36
	get_timezone_aware_graphs() rm date: 2019-08-14 02:14:58 < 2019-08-14 12:25:36
	get_timezone_aware_graphs() rm date: 2019-08-14 02:24:58 < 2019-08-14 12:25:36
	get_timezone_aware_graphs() rm date: 2019-08-14 02:34:43 < 2019-08-14 12:25:36
	get_timezone_aware_graphs() rm date: 2019-08-14 02:45:06 < 2019-08-14 12:25:36
	get_timezone_aware_graphs() rm date: 2019-08-14 02:55:13 < 2019-08-14 12:25:36
	get_timezone_aware_graphs() rm date: 2019-08-14 03:05:24 < 2019-08-14 12:25:36
	get_timezone_aware_graphs() rm date: 2019-08-14 03:14:49 < 2019-08-14 12:25:36
	get_timezone_aware_graphs() rm date: 2019-08-14 03:25:06 < 2019-08-14 12:25:36
	get_timezone_aware_graphs() rm date: 2019-08-14 03:34:34 < 2019-08-14 12:25:36
	get_timezone_aware_graphs() rm date: 2019-08-14 03:45:19 < 2019-08-14 12:25:36
	get_timezone_aware_graphs() rm date: 2019-08-14 03:54:49 < 2019-08-14 12:25:36
	get_timezone_aware_graphs() rm date: 2019-08-14 04:05:02 < 2019-08-14 12:25:36
	get_timezone_aware_graphs() rm date: 2019-08-14 04:15:28 < 2019-08-14 12:25:36
	get_timezone_aware_graphs() rm date: 2019-08-14 04:25:41 < 2019-08-14 12:25:36
	get_timezone_aware_graphs() rm date: 2019-08-14 04:35:00 < 2019-08-14 12:25:36
	get_timezone_aware_graphs() rm date: 2019-08-14 04:45:45 < 2019-08-14 12:25:36
	get_timezone_aware_graphs() rm date: 2019-08-14 04:55:06 < 2019-08-14 12:25:36
	get_timezone_aware_graphs() rm date: 2019-08-14 05:04:57 < 2019-08-14 12:25:36
	get_timezone_aware_graphs() rm date: 2019-08-14 05:15:17 < 2019-08-14 12:25:36
	get_timezone_aware_graphs() rm date: 2019-08-14 05:25:20 < 2019-08-14 12:25:36
	get_timezone_aware_graphs() rm date: 2019-08-14 05:35:10 < 2019-08-14 12:25:36
	get_timezone_aware_graphs() rm date: 2019-08-14 05:45:42 < 2019-08-14 12:25:36
	get_timezone_aware_graphs() rm date: 2019-08-14 05:55:25 < 2019-08-14 12:25:36
	get_timezone_aware_graphs() rm date: 2019-08-14 06:05:14 < 2019-08-14 12:25:36
	get_timezone_aware_graphs() rm date: 2019-08-14 06:15:18 < 2019-08-14 12:25:36
	get_timezone_aware_graphs() rm date: 2019-08-14 06:25:23 < 2019-08-14 12:25:36
	get_timezone_aware_graphs() rm date: 2019-08-14 06:35:29 < 2019-08-14 12:25:36
	get_timezone_aware_graphs() rm date: 2019-08-14 06:45:26 < 2019-08-14 12:25:36
	get_timezone_aware_graphs() rm date: 2019-08-14 06:55:12 < 2019-08-14 12:25:36
	get_timezone_aware_graphs() rm date: 2019-08-14 07:05:16 < 2019-08-14 12:25:36
	get_timezone_aware_graphs() rm date: 2019-08-14 07:15:02 < 2019-08-14 12:25:36
	get_timezone_aware_graphs() rm date: 2019-08-14 07:25:17 < 2019-08-14 12:25:36
	get_timezone_aware_graphs() rm date: 2019-08-14 07:35:25 < 2019-08-14 12:25:36
	get_timezone_aware_graphs() rm date: 2019-08-14 07:45:20 < 2019-08-14 12:25:36
	get_timezone_aware_graphs() rm date: 2019-08-14 07:55:14 < 2019-08-14 12:25:36
	get_timezone_aware_graphs() rm date: 2019-08-14 08:05:35 < 2019-08-14 12:25:36
	get_timezone_aware_graphs() rm date: 2019-08-14 08:15:13 < 2019-08-14 12:25:36
	get_timezone_aware_graphs() rm date: 2019-08-14 08:25:36 < 2019-08-14 12:25:36
	get_timezone_aware_graphs() rm date: 2019-08-14 08:35:11 < 2019-08-14 12:25:36
	get_timezone_aware_graphs() rm date: 2019-08-14 08:45:12 < 2019-08-14 12:25:36
	get_timezone_aware_graphs() rm date: 2019-08-14 08:55:40 < 2019-08-14 12:25:36
	get_timezone_aware_graphs() rm date: 2019-08-14 09:05:23 < 2019-08-14 12:25:36
	get_timezone_aware_graphs() rm date: 2019-08-14 09:15:38 < 2019-08-14 12:25:36
	get_timezone_aware_graphs() rm date: 2019-08-14 09:25:28 < 2019-08-14 12:25:36
	get_timezone_aware_graphs() rm date: 2019-08-14 09:35:44 < 2019-08-14 12:25:36
	get_timezone_aware_graphs() rm date: 2019-08-14 09:46:07 < 2019-08-14 12:25:36
	get_timezone_aware_graphs() rm date: 2019-08-14 09:56:05 < 2019-08-14 12:25:36
	get_timezone_aware_graphs() rm date: 2019-08-14 10:05:28 < 2019-08-14 12:25:36
	get_timezone_aware_graphs() rm date: 2019-08-14 10:15:53 < 2019-08-14 12:25:36
	get_timezone_aware_graphs() rm date: 2019-08-14 10:25:45 < 2019-08-14 12:25:36
	get_timezone_aware_graphs() rm date: 2019-08-14 10:35:42 < 2019-08-14 12:25:36
	get_timezone_aware_graphs() rm date: 2019-08-14 10:45:31 < 2019-08-14 12:25:36
	get_timezone_aware_graphs() rm date: 2019-08-14 10:56:08 < 2019-08-14 12:25:36
	get_timezone_aware_graphs() rm date: 2019-08-14 11:05:44 < 2019-08-14 12:25:36
	get_timezone_aware_graphs() rm date: 2019-08-14 11:15:32 < 2019-08-14 12:25:36
	get_timezone_aware_graphs() rm date: 2019-08-14 11:26:02 < 2019-08-14 12:25:36
	get_timezone_aware_graphs() rm date: 2019-08-14 11:36:24 < 2019-08-14 12:25:36
	get_timezone_aware_graphs() rm date: 2019-08-14 11:46:29 < 2019-08-14 12:25:36
	get_timezone_aware_graphs() rm date: 2019-08-14 11:56:00 < 2019-08-14 12:25:36
	get_timezone_aware_graphs() rm date: 2019-08-14 12:05:36 < 2019-08-14 12:25:36
	get_timezone_aware_graphs() rm date: 2019-08-14 12:16:55 < 2019-08-14 12:25:36
	get_timezone_aware_graphs() rm date: 2019-08-14 20:06:33 > 2019-08-14 20:06:07
	get_timezone_aware_graphs() rm date: 2019-08-14 20:17:04 > 2019-08-14 20:06:07
	get_timezone_aware_graphs() rm date: 2019-08-14 20:26:52 > 2019-08-14 20:06:07
	get_timezone_aware_graphs() rm date: 2019-08-14 20:36:52 > 2019-08-14 20:06:07
	get_timezone_aware_graphs() rm date: 2019-08-14 20:46:41 > 2019-08-14 20:06:07
	get_timezone_aware_graphs() rm date: 2019-08-14 20:56:41 > 2019-08-14 20:06:07
	get_timezone_aware_graphs() rm date: 2019-08-14 21:06:38 > 2019-08-14 20:06:07
	get_timezone_aware_graphs() rm date: 2019-08-14 21:16:34 > 2019-08-14 20:06:07
	get_timezone_aware_graphs() rm date: 2019-08-14 21:26:23 > 2019-08-14 20:06:07
	get_timezone_aware_graphs() rm date: 2019-08-14 21:36:33 > 2019-08-14 20:06:07
	get_timezone_aware_graphs() rm date: 2019-08-14 21:46:55 > 2019-08-14 20:06:07
	get_timezone_aware_graphs() rm date: 2019-08-14 21:57:01 > 2019-08-14 20:06:07
	get_timezone_aware_graphs() rm date: 2019-08-14 22:07:10 > 2019-08-14 20:06:07
	get_timezone_aware_graphs() rm date: 2019-08-14 22:16:45 > 2019-08-14 20:06:07
	get_timezone_aware_graphs() rm date: 2019-08-14 22:26:41 > 2019-08-14 20:06:07
	get_timezone_aware_graphs() rm date: 2019-08-14 22:36:57 > 2019-08-14 20:06:07
	get_timezone_aware_graphs() rm date: 2019-08-14 22:46:30 > 2019-08-14 20:06:07
	get_timezone_aware_graphs() rm date: 2019-08-14 22:56:59 > 2019-08-14 20:06:07
	get_timezone_aware_graphs() rm date: 2019-08-14 23:06:46 > 2019-08-14 20:06:07
	get_timezone_aware_graphs() rm date: 2019-08-14 23:16:43 > 2019-08-14 20:06:07
	get_timezone_aware_graphs() rm date: 2019-08-14 23:26:18 > 2019-08-14 20:06:07
	get_timezone_aware_graphs() rm date: 2019-08-14 23:36:50 > 2019-08-14 20:06:07
	get_timezone_aware_graphs() rm date: 2019-08-14 23:46:59 > 2019-08-14 20:06:07
	get_timezone_aware_graphs() rm date: 2019-08-14 23:56:51 > 2019-08-14 20:06:07
	download_graph_at_byteoffset() at: 2019-08-14T16:45:50.720715Z, bytes=14955551-15117233
	download_graph_at_byteoffset() at: 2019-08-14T20:06:07.521811Z, bytes=17819157-17966360
	download_graph_at_byteoffset() at: 2019-08-14T23:26:32.219704Z, bytes=20701756-20851203

Day: 2019-08-14, clustered 46 graphs with similar links into 19 initial subgraph clusters

Day: 2019-08-14, graphs with similar links were clustered into 19 initial subgraphs clusters
Attempting to further cluster 19 initial subgraph clusters based on similar sumgrams
	sumgram for pair: 1 of 171 (19 Comb. 2), ov: 0.0
	sumgram for pair: 2 of 171 (19 Comb. 2), ov: 0.43
	sumgram for pair: 3 of 171 (19 Comb. 2), ov: 0.0
	sumgram for pair: 4 of 171 (19 Comb. 2), ov: 1.0
	sumgram for pair: 5 of 171 (19 Comb. 2), ov: 0.0
	sumgram for pair: 6 of 171 (19 Comb. 2), ov: 0.0
	sumgram for pair: 7 of 171 (19 Comb. 2), ov: 0.0
	sumgram for pair: 8 of 171 (19 Comb. 2), ov: 0.0
	sumgram for pair: 9 of 171 (19 Comb. 2), ov: 0.0
	sumgram for pair: 10 of 171 (19 Comb. 2), ov: 0.11
	sumgram for pair: 11 of 171 (19 Comb. 2), ov: 0.0
	sumgram for pair: 12 of 171 (19 Comb. 2), ov: 0.0
	sumgram for pair: 13 of 171 (19 Comb. 2), ov: 0.0
	sumgram for pair: 14 of 171 (19 Comb. 2), ov: 0.1
	sumgram for pair: 15 of 171 (19 Comb. 2), ov: 0.0
	sumgram for pair: 16 of 171 (19 Comb. 2), ov: 0.1
	sumgram for pair: 17 of 171 (19 Comb. 2), ov: 0.0
	sumgram for pair: 18 of 171 (19 Comb. 2), ov: 0.0
	sumgram for pair: 19 of 171 (19 Comb. 2), ov: 0.0
	sumgram for pair: 20 of 171 (19 Comb. 2), ov: 0.0
	sumgram for pair: 21 of 171 (19 Comb. 2), ov: 0.0
	sumgram for pair: 22 of 171 (19 Comb. 2), ov: 0.0
	sumgram for pair: 23 of 171 (19 Comb. 2), ov: 0.0
	sumgram for pair: 24 of 171 (19 Comb. 2), ov: 0.0
	sumgram for pair: 25 of 171 (19 Comb. 2), ov: 0.0
	sumgram for pair: 26 of 171 (19 Comb. 2), ov: 0.0
	sumgram for pair: 27 of 171 (19 Comb. 2), ov: 0.0
	sumgram for pair: 28 of 171 (19 Comb. 2), ov: 0.0
	sumgram for pair: 29 of 171 (19 Comb. 2), ov: 0.0
	sumgram for pair: 30 of 171 (19 Comb. 2), ov: 0.0
	sumgram for pair: 31 of 171 (19 Comb. 2), ov: 0.0
	sumgram for pair: 32 of 171 (19 Comb. 2), ov: 0.0
	sumgram for pair: 33 of 171 (19 Comb. 2), ov: 0.0
	sumgram for pair: 34 of 171 (19 Comb. 2), ov: 0.0
	sumgram for pair: 35 of 171 (19 Comb. 2), ov: 0.0
	sumgram for pair: 36 of 171 (19 Comb. 2), ov: 0.0
	sumgram for pair: 37 of 171 (19 Comb. 2), ov: 0.29
	sumgram for pair: 38 of 171 (19 Comb. 2), ov: 0.0
	sumgram for pair: 39 of 171 (19 Comb. 2), ov: 0.0
	sumgram for pair: 40 of 171 (19 Comb. 2), ov: 0.0
	sumgram for pair: 41 of 171 (19 Comb. 2), ov: 0.0
	sumgram for pair: 42 of 171 (19 Comb. 2), ov: 0.0
	sumgram for pair: 43 of 171 (19 Comb. 2), ov: 0.0
	sumgram for pair: 44 of 171 (19 Comb. 2), ov: 0.0
	sumgram for pair: 45 of 171 (19 Comb. 2), ov: 0.0
	sumgram for pair: 46 of 171 (19 Comb. 2), ov: 0.0
	sumgram for pair: 47 of 171 (19 Comb. 2), ov: 0.0
	sumgram for pair: 48 of 171 (19 Comb. 2), ov: 0.0
	sumgram for pair: 49 of 171 (19 Comb. 2), ov: 0.0
	sumgram for pair: 50 of 171 (19 Comb. 2), ov: 0.0
	sumgram for pair: 51 of 171 (19 Comb. 2), ov: 0.0
	sumgram for pair: 52 of 171 (19 Comb. 2), ov: 0.0
	sumgram for pair: 53 of 171 (19 Comb. 2), ov: 0.0
	sumgram for pair: 54 of 171 (19 Comb. 2), ov: 0.0
	sumgram for pair: 55 of 171 (19 Comb. 2), ov: 0.0
	sumgram for pair: 56 of 171 (19 Comb. 2), ov: 0.0
	sumgram for pair: 57 of 171 (19 Comb. 2), ov: 0.0
	sumgram for pair: 58 of 171 (19 Comb. 2), ov: 0.0
	sumgram for pair: 59 of 171 (19 Comb. 2), ov: 0.0
	sumgram for pair: 60 of 171 (19 Comb. 2), ov: 0.0
	sumgram for pair: 61 of 171 (19 Comb. 2), ov: 0.0
	sumgram for pair: 62 of 171 (19 Comb. 2), ov: 0.0
	sumgram for pair: 63 of 171 (19 Comb. 2), ov: 0.0
	sumgram for pair: 64 of 171 (19 Comb. 2), ov: 0.0
	sumgram for pair: 65 of 171 (19 Comb. 2), ov: 0.0
	sumgram for pair: 66 of 171 (19 Comb. 2), ov: 0.0
	sumgram for pair: 67 of 171 (19 Comb. 2), ov: 0.0
	sumgram for pair: 68 of 171 (19 Comb. 2), ov: 0.0
	sumgram for pair: 69 of 171 (19 Comb. 2), ov: 0.0
	sumgram for pair: 70 of 171 (19 Comb. 2), ov: 0.0
	sumgram for pair: 71 of 171 (19 Comb. 2), ov: 0.0
	sumgram for pair: 72 of 171 (19 Comb. 2), ov: 0.11
	sumgram for pair: 73 of 171 (19 Comb. 2), ov: 0.0
	sumgram for pair: 74 of 171 (19 Comb. 2), ov: 0.0
	sumgram for pair: 75 of 171 (19 Comb. 2), ov: 0.0
	sumgram for pair: 76 of 171 (19 Comb. 2), ov: 0.1
	sumgram for pair: 77 of 171 (19 Comb. 2), ov: 0.0
	sumgram for pair: 78 of 171 (19 Comb. 2), ov: 0.1
	sumgram for pair: 79 of 171 (19 Comb. 2), ov: 0.0
	sumgram for pair: 80 of 171 (19 Comb. 2), ov: 0.0
	sumgram for pair: 81 of 171 (19 Comb. 2), ov: 0.0
	sumgram for pair: 82 of 171 (19 Comb. 2), ov: 0.0
	sumgram for pair: 83 of 171 (19 Comb. 2), ov: 0.0
	sumgram for pair: 84 of 171 (19 Comb. 2), ov: 0.0
	sumgram for pair: 85 of 171 (19 Comb. 2), ov: 0.0
	sumgram for pair: 86 of 171 (19 Comb. 2), ov: 0.0
	sumgram for pair: 87 of 171 (19 Comb. 2), ov: 0.0
	sumgram for pair: 88 of 171 (19 Comb. 2), ov: 0.0
	sumgram for pair: 89 of 171 (19 Comb. 2), ov: 0.0
	sumgram for pair: 90 of 171 (19 Comb. 2), ov: 0.0
	sumgram for pair: 91 of 171 (19 Comb. 2), ov: 0.0
	sumgram for pair: 92 of 171 (19 Comb. 2), ov: 0.0
	sumgram for pair: 93 of 171 (19 Comb. 2), ov: 0.0
	sumgram for pair: 94 of 171 (19 Comb. 2), ov: 0.0
	sumgram for pair: 95 of 171 (19 Comb. 2), ov: 0.0
	sumgram for pair: 96 of 171 (19 Comb. 2), ov: 0.0
	sumgram for pair: 97 of 171 (19 Comb. 2), ov: 0.0
	sumgram for pair: 98 of 171 (19 Comb. 2), ov: 0.0
	sumgram for pair: 99 of 171 (19 Comb. 2), ov: 0.0
	sumgram for pair: 100 of 171 (19 Comb. 2), ov: 0.0
	sumgram for pair: 101 of 171 (19 Comb. 2), ov: 0.0
	sumgram for pair: 102 of 171 (19 Comb. 2), ov: 0.0
	sumgram for pair: 103 of 171 (19 Comb. 2), ov: 0.0
	sumgram for pair: 104 of 171 (19 Comb. 2), ov: 0.0
	sumgram for pair: 105 of 171 (19 Comb. 2), ov: 0.0
	sumgram for pair: 106 of 171 (19 Comb. 2), ov: 0.0
	sumgram for pair: 107 of 171 (19 Comb. 2), ov: 1.0
	sumgram for pair: 108 of 171 (19 Comb. 2), ov: 0.0
	sumgram for pair: 109 of 171 (19 Comb. 2), ov: 0.29
	sumgram for pair: 110 of 171 (19 Comb. 2), ov: 0.0
	sumgram for pair: 111 of 171 (19 Comb. 2), ov: 0.0
	sumgram for pair: 112 of 171 (19 Comb. 2), ov: 0.0
	sumgram for pair: 113 of 171 (19 Comb. 2), ov: 0.0
	sumgram for pair: 114 of 171 (19 Comb. 2), ov: 0.0
	sumgram for pair: 115 of 171 (19 Comb. 2), ov: 0.0
	sumgram for pair: 116 of 171 (19 Comb. 2), ov: 0.0
	sumgram for pair: 117 of 171 (19 Comb. 2), ov: 0.0
	sumgram for pair: 118 of 171 (19 Comb. 2), ov: 0.0
	sumgram for pair: 119 of 171 (19 Comb. 2), ov: 0.0
	sumgram for pair: 120 of 171 (19 Comb. 2), ov: 0.0
	sumgram for pair: 121 of 171 (19 Comb. 2), ov: 0.0
	sumgram for pair: 122 of 171 (19 Comb. 2), ov: 0.0
	sumgram for pair: 123 of 171 (19 Comb. 2), ov: 0.0
	sumgram for pair: 124 of 171 (19 Comb. 2), ov: 0.0
	sumgram for pair: 125 of 171 (19 Comb. 2), ov: 0.0
	sumgram for pair: 126 of 171 (19 Comb. 2), ov: 0.0
	sumgram for pair: 127 of 171 (19 Comb. 2), ov: 0.0
	sumgram for pair: 128 of 171 (19 Comb. 2), ov: 0.14
	sumgram for pair: 129 of 171 (19 Comb. 2), ov: 0.0
	sumgram for pair: 130 of 171 (19 Comb. 2), ov: 0.0
	sumgram for pair: 131 of 171 (19 Comb. 2), ov: 0.0
	sumgram for pair: 132 of 171 (19 Comb. 2), ov: 0.0
	sumgram for pair: 133 of 171 (19 Comb. 2), ov: 0.0
	sumgram for pair: 134 of 171 (19 Comb. 2), ov: 0.0
	sumgram for pair: 135 of 171 (19 Comb. 2), ov: 0.0
	sumgram for pair: 136 of 171 (19 Comb. 2), ov: 0.0
	sumgram for pair: 137 of 171 (19 Comb. 2), ov: 0.0
	sumgram for pair: 138 of 171 (19 Comb. 2), ov: 0.0
	sumgram for pair: 139 of 171 (19 Comb. 2), ov: 0.22
	sumgram for pair: 140 of 171 (19 Comb. 2), ov: 0.0
	sumgram for pair: 141 of 171 (19 Comb. 2), ov: 1.0
	sumgram for pair: 142 of 171 (19 Comb. 2), ov: 0.0
	sumgram for pair: 143 of 171 (19 Comb. 2), ov: 0.0
	sumgram for pair: 144 of 171 (19 Comb. 2), ov: 0.0
	sumgram for pair: 145 of 171 (19 Comb. 2), ov: 0.0
	sumgram for pair: 146 of 171 (19 Comb. 2), ov: 0.0
	sumgram for pair: 147 of 171 (19 Comb. 2), ov: 0.0
	sumgram for pair: 148 of 171 (19 Comb. 2), ov: 0.0
	sumgram for pair: 149 of 171 (19 Comb. 2), ov: 0.0
	sumgram for pair: 150 of 171 (19 Comb. 2), ov: 0.0
	sumgram for pair: 151 of 171 (19 Comb. 2), ov: 0.0
	sumgram for pair: 152 of 171 (19 Comb. 2), ov: 0.88
	sumgram for pair: 153 of 171 (19 Comb. 2), ov: 0.0
	sumgram for pair: 154 of 171 (19 Comb. 2), ov: 0.0
	sumgram for pair: 155 of 171 (19 Comb. 2), ov: 0.0
	sumgram for pair: 156 of 171 (19 Comb. 2), ov: 0.0
	sumgram for pair: 157 of 171 (19 Comb. 2), ov: 0.0
	sumgram for pair: 158 of 171 (19 Comb. 2), ov: 0.0
	sumgram for pair: 159 of 171 (19 Comb. 2), ov: 0.0
	sumgram for pair: 160 of 171 (19 Comb. 2), ov: 0.0
	sumgram for pair: 161 of 171 (19 Comb. 2), ov: 0.0
	sumgram for pair: 162 of 171 (19 Comb. 2), ov: 0.0
	sumgram for pair: 163 of 171 (19 Comb. 2), ov: 0.4
	sumgram for pair: 164 of 171 (19 Comb. 2), ov: 0.0
	sumgram for pair: 165 of 171 (19 Comb. 2), ov: 0.0
	sumgram for pair: 166 of 171 (19 Comb. 2), ov: 0.0
	sumgram for pair: 167 of 171 (19 Comb. 2), ov: 0.0
	sumgram for pair: 168 of 171 (19 Comb. 2), ov: 0.0
	sumgram for pair: 169 of 171 (19 Comb. 2), ov: 0.0
	sumgram for pair: 170 of 171 (19 Comb. 2), ov: 0.0
	sumgram for pair: 171 of 171 (19 Comb. 2), ov: 0.0
Initial subgraphs: [{0, 2, 4}, {9, 7}, {16, 10, 12, 14}]
Singletons: [1, 3, 5, 6, 8, 11, 13, 15, 17, 18]
Subgraphs post adding singletons: [{0, 2, 4}, {9, 7}, {16, 10, 12, 14}, {1}, {3}, {5}, {6}, {8}, {11}, {13}, {15}, {17}, {18}]
Clustered 19 initial subgraph clusters into 13 subgraph clusters
	dumpJsonToFile(), wrote: ./sgbot_19/tmp/current_storygraphdata.json

RANKED LIST OF STORIES

date: 2019-08-14, 13 (--maxstory-count=13) stories


1/13, max_node_title: Racist Rep. Steve King Creepily Downplays Rape, Incest In Anti-Abortion Remarks | HuffPost (max_node_title repeated 13 of 17 graphs)
Maxgraph link: https://web.archive.org/storygraph/graphs/usa/#cursor=117&hist=144&t=2019-08-14T19:36:32
From: 2019-08-14T18:26:09Z to 2019-08-14T21:17:05Z (2hrs 50min 55 sec), maxgraph max CC avg. deg: 3.67
Maxgraph max CC max_node_title: Racist Rep. Steve King Creepily Downplays Rape, Incest In Anti-Abortion Remarks | HuffPost
Clusterer: sgdata.same_day_non_seq_cluster_by_title_sumgrams
Pulse: ..............................................

2/13, max_node_title: Steve King questions if there would be any population left if not for rape and incest - CNNPolitics (max_node_title repeated 1 of 1 graphs)
Maxgraph link: https://web.archive.org/storygraph/graphs/usa/#cursor=129&hist=144&t=2019-08-14T21:36:55
From: 2019-08-14T21:36:55Z to 2019-08-14T21:36:55Z (0hrs 00min 00 sec), maxgraph max CC avg. deg: 3.33
Maxgraph max CC max_node_title: Steve King questions if there would be any population left if not for rape and incest - CNNPolitics
Clusterer: sgdata.same_day_seq_cluster_by_common_links
Pulse: ..............................................

3/13, max_node_title: President Trump Is Still Winning the Trade War With China | RealClearPolitics (max_node_title repeated 1 of 1 graphs)
Maxgraph link: https://web.archive.org/storygraph/graphs/usa/#cursor=108&hist=144&t=2019-08-14T18:06:34
From: 2019-08-14T18:06:34Z to 2019-08-14T18:06:34Z (0hrs 00min 00 sec), maxgraph max CC avg. deg: 2.75
Maxgraph max CC max_node_title: President Trump Is Still Winning the Trade War With China | RealClearPolitics
Clusterer: sgdata.same_day_seq_cluster_by_common_links
Pulse: ..............................................

4/13, max_node_title: How failed presidential candidates could hold the key to a Democratic Senate majority in 2020 - CNNPolitics (max_node_title repeated 1 of 1 graphs)
Maxgraph link: https://web.archive.org/storygraph/graphs/usa/#cursor=109&hist=144&t=2019-08-14T18:16:16
From: 2019-08-14T18:16:16Z to 2019-08-14T18:16:16Z (0hrs 00min 00 sec), maxgraph max CC avg. deg: 2.67
Maxgraph max CC max_node_title: How failed presidential candidates could hold the key to a Democratic Senate majority in 2020 - CNNPolitics
Clusterer: sgdata.same_day_seq_cluster_by_common_links
Pulse: ..............................................

5/13, max_node_title: Stacey Abrams suggests RNC may intimidate people of color during 2020 elections (max_node_title repeated 1 of 1 graphs)
Maxgraph link: https://web.archive.org/storygraph/graphs/usa/#cursor=106&hist=144&t=2019-08-14T17:46:37
From: 2019-08-14T17:46:37Z to 2019-08-14T17:46:37Z (0hrs 00min 00 sec), maxgraph max CC avg. deg: 2.57
Maxgraph max CC max_node_title: Stacey Abrams suggests RNC may intimidate people of color during 2020 elections
Clusterer: sgdata.same_day_seq_cluster_by_common_links
Pulse: ..............................................

6/13, max_node_title: Live updates: Philadelphia shooting  - CNN (max_node_title repeated 2 of 2 graphs)
Maxgraph link: https://web.archive.org/storygraph/graphs/usa/#cursor=142&hist=144&t=2019-08-14T23:46:55
From: 2019-08-14T23:46:55Z to 2019-08-14T23:56:32Z (0hrs 09min 36 sec), maxgraph max CC avg. deg: 2.57
Maxgraph max CC max_node_title: Live updates: Philadelphia shooting  - CNN
Clusterer: sgdata.same_day_seq_cluster_by_common_links
Pulse: ..............................................

7/13, max_node_title: The Daily 202: Clouds of economic uncertainty loom despite temporary reprieve from Trump on China tariffs - The Washington Post (max_node_title repeated 1 of 1 graphs)
Maxgraph link: https://web.archive.org/storygraph/graphs/usa/#cursor=104&hist=144&t=2019-08-14T17:26:12
From: 2019-08-14T17:26:12Z to 2019-08-14T17:26:12Z (0hrs 00min 00 sec), maxgraph max CC avg. deg: 2.13
Maxgraph max CC max_node_title: The Daily 202: Clouds of economic uncertainty loom despite temporary reprieve from Trump on China tariffs - The Washington Post
Clusterer: sgdata.same_day_seq_cluster_by_common_links
Pulse: ..............................................

8/13, max_node_title: ASAP Rocky found guilty of assault but will not face prison time, Swedish prosecutors announce - ABC News (max_node_title repeated 6 of 8 graphs)
Maxgraph link: https://web.archive.org/storygraph/graphs/usa/#cursor=98&hist=144&t=2019-08-14T16:25:41
From: 2019-08-14T16:25:41Z to 2019-08-14T17:56:10Z (1hrs 30min 28 sec), maxgraph max CC avg. deg: 2.0
Maxgraph max CC max_node_title: ASAP Rocky found guilty of assault but will not face prison time, Swedish prosecutors announce - ABC News
Clusterer: sgdata.same_day_seq_cluster_by_common_links
Pulse: ..............................................

9/13, max_node_title: 'No Blame?' ABC News finds 36 cases invoking 'Trump' in connection with violence, threats, alleged assaults. - ABC News (max_node_title repeated 4 of 8 graphs)
Maxgraph link: https://web.archive.org/storygraph/graphs/usa/#cursor=138&hist=144&t=2019-08-14T23:06:32
From: 2019-08-14T21:26:35Z to 2019-08-14T23:15:57Z (1hrs 49min 21 sec), maxgraph max CC avg. deg: 2.0
Maxgraph max CC max_node_title: 'No Blame?' ABC News finds 36 cases invoking 'Trump' in connection with violence, threats, alleged assaults. - ABC News
Clusterer: sgdata.same_day_seq_cluster_by_common_links
Pulse: ..............................................

10/13, max_node_title: Bernie Sanders’s bogus media beef - The Washington Post (max_node_title repeated 1 of 1 graphs)
Maxgraph link: https://web.archive.org/storygraph/graphs/usa/#cursor=115&hist=144&t=2019-08-14T19:16:33
From: 2019-08-14T19:16:33Z to 2019-08-14T19:16:33Z (0hrs 00min 00 sec), maxgraph max CC avg. deg: 2.0
Maxgraph max CC max_node_title: Bernie Sanders’s bogus media beef - The Washington Post
Clusterer: sgdata.same_day_seq_cluster_by_common_links
Pulse: ..............................................

11/13, max_node_title: New Video Shows CNN Contributor’s Bodyguards Assaulting Reporter And Stealing His Camera | The Daily Caller (max_node_title repeated 1 of 1 graphs)
Maxgraph link: https://web.archive.org/storygraph/graphs/usa/#cursor=133&hist=144&t=2019-08-14T22:16:20
From: 2019-08-14T22:16:20Z to 2019-08-14T22:16:20Z (0hrs 00min 00 sec), maxgraph max CC avg. deg: 2.0
Maxgraph max CC max_node_title: New Video Shows CNN Contributor’s Bodyguards Assaulting Reporter And Stealing His Camera | The Daily Caller
Clusterer: sgdata.same_day_seq_cluster_by_common_links
Pulse: ..............................................

12/13, max_node_title: Video shows bodyguard of CNN's April Ryan allegedly roughing up journalist (max_node_title repeated 2 of 2 graphs)
Maxgraph link: https://web.archive.org/storygraph/graphs/usa/#cursor=136&hist=144&t=2019-08-14T22:47:00
From: 2019-08-14T22:47:00Z to 2019-08-14T22:56:49Z (0hrs 09min 48 sec), maxgraph max CC avg. deg: 2.0
Maxgraph max CC max_node_title: Video shows bodyguard of CNN's April Ryan allegedly roughing up journalist
Clusterer: sgdata.same_day_seq_cluster_by_common_links
Pulse: ..............................................

13/13, max_node_title: Poll: Kamala Harris Falls to Sixth Place Among Early Democrat Voters (max_node_title repeated 1 of 2 graphs)
Maxgraph link: https://web.archive.org/storygraph/graphs/usa/#cursor=140&hist=144&t=2019-08-14T23:26:32
From: 2019-08-14T23:26:32Z to 2019-08-14T23:36:48Z (0hrs 10min 16 sec), maxgraph max CC avg. deg: 2.0
Maxgraph max CC max_node_title: Poll: Kamala Harris Falls to Sixth Place Among Early Democrat Voters
Clusterer: sgdata.same_day_seq_cluster_by_common_links
Pulse: ..............................................

All pulses: ..............................................

