
StoryGraphToolkit, tool: maxgraph

Generating maxgraphs from 2018-12-02 00:00:00 to 2018-12-02 17:18:46
Calculating maxgraph for date: 2018-12-02
	get_timezone_aware_graphs() rm date: 2018-12-02 17:20:20 > 2018-12-02 17:18:46
	get_timezone_aware_graphs() rm date: 2018-12-02 17:29:17 > 2018-12-02 17:18:46
	get_timezone_aware_graphs() rm date: 2018-12-02 17:39:27 > 2018-12-02 17:18:46
	get_timezone_aware_graphs() rm date: 2018-12-02 17:49:57 > 2018-12-02 17:18:46
	get_timezone_aware_graphs() rm date: 2018-12-02 17:59:19 > 2018-12-02 17:18:46
	get_timezone_aware_graphs() rm date: 2018-12-02 18:10:09 > 2018-12-02 17:18:46
	get_timezone_aware_graphs() rm date: 2018-12-02 18:18:53 > 2018-12-02 17:18:46
	get_timezone_aware_graphs() rm date: 2018-12-02 18:30:18 > 2018-12-02 17:18:46
	get_timezone_aware_graphs() rm date: 2018-12-02 18:39:06 > 2018-12-02 17:18:46
	get_timezone_aware_graphs() rm date: 2018-12-02 18:49:47 > 2018-12-02 17:18:46
	get_timezone_aware_graphs() rm date: 2018-12-02 19:00:06 > 2018-12-02 17:18:46
	get_timezone_aware_graphs() rm date: 2018-12-02 19:09:30 > 2018-12-02 17:18:46
	get_timezone_aware_graphs() rm date: 2018-12-02 19:20:05 > 2018-12-02 17:18:46
	get_timezone_aware_graphs() rm date: 2018-12-02 19:30:08 > 2018-12-02 17:18:46
	get_timezone_aware_graphs() rm date: 2018-12-02 19:39:45 > 2018-12-02 17:18:46
	get_timezone_aware_graphs() rm date: 2018-12-02 19:49:37 > 2018-12-02 17:18:46
	get_timezone_aware_graphs() rm date: 2018-12-02 20:00:27 > 2018-12-02 17:18:46
	get_timezone_aware_graphs() rm date: 2018-12-02 20:09:35 > 2018-12-02 17:18:46
	get_timezone_aware_graphs() rm date: 2018-12-02 20:20:19 > 2018-12-02 17:18:46
	get_timezone_aware_graphs() rm date: 2018-12-02 20:29:17 > 2018-12-02 17:18:46
	get_timezone_aware_graphs() rm date: 2018-12-02 20:39:53 > 2018-12-02 17:18:46
	get_timezone_aware_graphs() rm date: 2018-12-02 20:50:09 > 2018-12-02 17:18:46
	get_timezone_aware_graphs() rm date: 2018-12-02 20:59:28 > 2018-12-02 17:18:46
	get_timezone_aware_graphs() rm date: 2018-12-02 21:09:56 > 2018-12-02 17:18:46
	get_timezone_aware_graphs() rm date: 2018-12-02 21:20:13 > 2018-12-02 17:18:46
	get_timezone_aware_graphs() rm date: 2018-12-02 21:29:40 > 2018-12-02 17:18:46
	get_timezone_aware_graphs() rm date: 2018-12-02 21:40:11 > 2018-12-02 17:18:46
	get_timezone_aware_graphs() rm date: 2018-12-02 21:50:42 > 2018-12-02 17:18:46
	get_timezone_aware_graphs() rm date: 2018-12-02 21:59:38 > 2018-12-02 17:18:46
	get_timezone_aware_graphs() rm date: 2018-12-02 22:10:26 > 2018-12-02 17:18:46
	get_timezone_aware_graphs() rm date: 2018-12-02 22:19:55 > 2018-12-02 17:18:46
	get_timezone_aware_graphs() rm date: 2018-12-02 22:30:15 > 2018-12-02 17:18:46
	get_timezone_aware_graphs() rm date: 2018-12-02 22:39:35 > 2018-12-02 17:18:46
	get_timezone_aware_graphs() rm date: 2018-12-02 22:49:58 > 2018-12-02 17:18:46
	get_timezone_aware_graphs() rm date: 2018-12-02 23:00:18 > 2018-12-02 17:18:46
	get_timezone_aware_graphs() rm date: 2018-12-02 23:10:11 > 2018-12-02 17:18:46
	get_timezone_aware_graphs() rm date: 2018-12-02 23:19:44 > 2018-12-02 17:18:46
	get_timezone_aware_graphs() rm date: 2018-12-02 23:29:42 > 2018-12-02 17:18:46
	get_timezone_aware_graphs() rm date: 2018-12-02 23:40:25 > 2018-12-02 17:18:46
	get_timezone_aware_graphs() rm date: 2018-12-02 23:49:36 > 2018-12-02 17:18:46
	download_graph_at_byteoffset() at: 2018-12-02T06:48:25.319016Z, bytes=7337976-7518518
	download_graph_at_byteoffset() at: 2018-12-02T10:08:24.985411Z, bytes=10952652-11133951
	download_graph_at_byteoffset() at: 2018-12-02T13:29:18.910954Z, bytes=14596921-14779177
	download_graph_at_byteoffset() at: 2018-12-02T16:50:22.646069Z, bytes=18083257-18242586
	download_graph_at_byteoffset() at: 2018-12-02T20:09:19.736481Z, bytes=21222072-21373308

Day: 2018-12-02, clustered 103 graphs with similar links into 1 initial subgraph clusters

Day: 2018-12-02, graphs with similar links were clustered into 1 initial subgraphs clusters
Attempting to further cluster 1 initial subgraph clusters based on similar sumgrams
Clustered 1 initial subgraph clusters into 1 subgraph clusters
	dumpJsonToFile(), wrote: ./sgbot_5/tmp/current_storygraphdata.json

RANKED LIST OF STORIES

date: 2018-12-02, 1 (--maxstory-count=1) story


1/1, max_node_title: George H.W. Bush dead at 94 - CNNPolitics (max_node_title repeated 43 of 103 graphs)
Maxgraph link: https://web.archive.org/storygraph/graphs/usa/#cursor=54&hist=144&t=2018-12-02T09:08:09
From: 2018-12-02T05:08:16Z to 2018-12-02T22:09:28Z (17hrs 01min 12 sec), maxgraph max CC avg. deg: 5.1
Maxgraph max CC max_node_title: George H.W. Bush dead at 94 - CNNPolitics
Clusterer: sgdata.same_day_seq_cluster_by_common_links
Pulse: ..............................●●●●●●●●●●●●●●●●●●●●●●●●●●●●●●●●●●●●●●●●●●●●●●●●●●●●●●●●●●●●●●●●●●●●●●●●●

All pulses: ..............................●●●●●●●●●●●●●●●●●●●●●●●●●●●●●●●●●●●●●●●●●●●●●●●●●●●●●●●●●●●●●●●●●●●●●●●●●

