
StoryGraphToolkit, tool: maxgraph

Generating maxgraphs from 2018-12-01 00:00:00 to 2018-12-02 01:06:14
Calculating maxgraph for date: 2018-12-01
	download_graph_at_byteoffset() at: 2018-12-01T06:45:26.139518Z, bytes=6198920-6408320
	download_graph_at_byteoffset() at: 2018-12-01T10:06:08.207180Z, bytes=10547190-10763603
	download_graph_at_byteoffset() at: 2018-12-01T13:26:32.029357Z, bytes=15044800-15273124
	download_graph_at_byteoffset() at: 2018-12-01T16:48:13.258947Z, bytes=19437243-19654453
	download_graph_at_byteoffset() at: 2018-12-01T20:08:04.679301Z, bytes=23828354-24037395
	download_graph_at_byteoffset() at: 2018-12-02T00:08:05.489844Z, bytes=0-196570
	download_graph_at_byteoffset() at: 2018-12-01T23:28:35.366392Z, bytes=27812260-28006437
	download_graph_at_byteoffset() at: 2018-12-02T03:27:34.986809Z, bytes=3748783-3929094
Calculating maxgraph for date: 2018-12-02
	get_timezone_aware_graphs() rm date: 2018-12-02 01:08:28 > 2018-12-02 01:06:14
	get_timezone_aware_graphs() rm date: 2018-12-02 01:17:44 > 2018-12-02 01:06:14
	get_timezone_aware_graphs() rm date: 2018-12-02 01:28:37 > 2018-12-02 01:06:14
	get_timezone_aware_graphs() rm date: 2018-12-02 01:38:01 > 2018-12-02 01:06:14
	get_timezone_aware_graphs() rm date: 2018-12-02 01:48:25 > 2018-12-02 01:06:14
	get_timezone_aware_graphs() rm date: 2018-12-02 01:58:57 > 2018-12-02 01:06:14
	get_timezone_aware_graphs() rm date: 2018-12-02 02:08:05 > 2018-12-02 01:06:14
	get_timezone_aware_graphs() rm date: 2018-12-02 02:18:49 > 2018-12-02 01:06:14
	get_timezone_aware_graphs() rm date: 2018-12-02 02:27:50 > 2018-12-02 01:06:14
	get_timezone_aware_graphs() rm date: 2018-12-02 02:37:57 > 2018-12-02 01:06:14
	get_timezone_aware_graphs() rm date: 2018-12-02 02:48:56 > 2018-12-02 01:06:14
	get_timezone_aware_graphs() rm date: 2018-12-02 02:57:54 > 2018-12-02 01:06:14
	get_timezone_aware_graphs() rm date: 2018-12-02 03:08:27 > 2018-12-02 01:06:14
	get_timezone_aware_graphs() rm date: 2018-12-02 03:18:53 > 2018-12-02 01:06:14
	get_timezone_aware_graphs() rm date: 2018-12-02 03:28:36 > 2018-12-02 01:06:14
	get_timezone_aware_graphs() rm date: 2018-12-02 03:38:07 > 2018-12-02 01:06:14
	get_timezone_aware_graphs() rm date: 2018-12-02 03:48:43 > 2018-12-02 01:06:14
	get_timezone_aware_graphs() rm date: 2018-12-02 03:58:54 > 2018-12-02 01:06:14
	get_timezone_aware_graphs() rm date: 2018-12-02 04:08:09 > 2018-12-02 01:06:14
	get_timezone_aware_graphs() rm date: 2018-12-02 04:18:47 > 2018-12-02 01:06:14
	get_timezone_aware_graphs() rm date: 2018-12-02 04:26:41 > 2018-12-02 01:06:14
	get_timezone_aware_graphs() rm date: 2018-12-02 04:38:48 > 2018-12-02 01:06:14
	get_timezone_aware_graphs() rm date: 2018-12-02 04:49:14 > 2018-12-02 01:06:14
	get_timezone_aware_graphs() rm date: 2018-12-02 04:59:24 > 2018-12-02 01:06:14
	get_timezone_aware_graphs() rm date: 2018-12-02 05:08:24 > 2018-12-02 01:06:14
	get_timezone_aware_graphs() rm date: 2018-12-02 05:18:40 > 2018-12-02 01:06:14
	get_timezone_aware_graphs() rm date: 2018-12-02 05:29:17 > 2018-12-02 01:06:14
	get_timezone_aware_graphs() rm date: 2018-12-02 05:38:28 > 2018-12-02 01:06:14
	get_timezone_aware_graphs() rm date: 2018-12-02 05:49:07 > 2018-12-02 01:06:14
	get_timezone_aware_graphs() rm date: 2018-12-02 05:58:07 > 2018-12-02 01:06:14
	get_timezone_aware_graphs() rm date: 2018-12-02 06:09:18 > 2018-12-02 01:06:14
	get_timezone_aware_graphs() rm date: 2018-12-02 06:18:20 > 2018-12-02 01:06:14
	get_timezone_aware_graphs() rm date: 2018-12-02 06:28:45 > 2018-12-02 01:06:14
	get_timezone_aware_graphs() rm date: 2018-12-02 06:39:28 > 2018-12-02 01:06:14
	get_timezone_aware_graphs() rm date: 2018-12-02 06:48:34 > 2018-12-02 01:06:14
	get_timezone_aware_graphs() rm date: 2018-12-02 06:58:42 > 2018-12-02 01:06:14
	get_timezone_aware_graphs() rm date: 2018-12-02 07:09:18 > 2018-12-02 01:06:14
	get_timezone_aware_graphs() rm date: 2018-12-02 07:18:21 > 2018-12-02 01:06:14
	get_timezone_aware_graphs() rm date: 2018-12-02 07:29:16 > 2018-12-02 01:06:14
	get_timezone_aware_graphs() rm date: 2018-12-02 07:39:21 > 2018-12-02 01:06:14
	get_timezone_aware_graphs() rm date: 2018-12-02 07:48:20 > 2018-12-02 01:06:14
	get_timezone_aware_graphs() rm date: 2018-12-02 07:59:08 > 2018-12-02 01:06:14
	get_timezone_aware_graphs() rm date: 2018-12-02 08:08:31 > 2018-12-02 01:06:14
	get_timezone_aware_graphs() rm date: 2018-12-02 08:19:10 > 2018-12-02 01:06:14
	get_timezone_aware_graphs() rm date: 2018-12-02 08:29:18 > 2018-12-02 01:06:14
	get_timezone_aware_graphs() rm date: 2018-12-02 08:38:14 > 2018-12-02 01:06:14
	get_timezone_aware_graphs() rm date: 2018-12-02 08:49:04 > 2018-12-02 01:06:14
	get_timezone_aware_graphs() rm date: 2018-12-02 08:59:10 > 2018-12-02 01:06:14
	get_timezone_aware_graphs() rm date: 2018-12-02 09:09:07 > 2018-12-02 01:06:14
	get_timezone_aware_graphs() rm date: 2018-12-02 09:18:17 > 2018-12-02 01:06:14
	get_timezone_aware_graphs() rm date: 2018-12-02 09:29:15 > 2018-12-02 01:06:14
	get_timezone_aware_graphs() rm date: 2018-12-02 09:38:17 > 2018-12-02 01:06:14
	get_timezone_aware_graphs() rm date: 2018-12-02 09:49:13 > 2018-12-02 01:06:14
	get_timezone_aware_graphs() rm date: 2018-12-02 09:58:39 > 2018-12-02 01:06:14
	get_timezone_aware_graphs() rm date: 2018-12-02 10:09:44 > 2018-12-02 01:06:14
	get_timezone_aware_graphs() rm date: 2018-12-02 10:18:48 > 2018-12-02 01:06:14
	get_timezone_aware_graphs() rm date: 2018-12-02 10:29:40 > 2018-12-02 01:06:14
	get_timezone_aware_graphs() rm date: 2018-12-02 10:38:43 > 2018-12-02 01:06:14
	get_timezone_aware_graphs() rm date: 2018-12-02 10:50:05 > 2018-12-02 01:06:14
	get_timezone_aware_graphs() rm date: 2018-12-02 11:00:03 > 2018-12-02 01:06:14
	get_timezone_aware_graphs() rm date: 2018-12-02 11:10:19 > 2018-12-02 01:06:14
	get_timezone_aware_graphs() rm date: 2018-12-02 11:19:13 > 2018-12-02 01:06:14
	get_timezone_aware_graphs() rm date: 2018-12-02 11:30:22 > 2018-12-02 01:06:14
	get_timezone_aware_graphs() rm date: 2018-12-02 11:38:54 > 2018-12-02 01:06:14
	get_timezone_aware_graphs() rm date: 2018-12-02 11:50:22 > 2018-12-02 01:06:14
	get_timezone_aware_graphs() rm date: 2018-12-02 11:59:15 > 2018-12-02 01:06:14
	get_timezone_aware_graphs() rm date: 2018-12-02 12:10:27 > 2018-12-02 01:06:14
	get_timezone_aware_graphs() rm date: 2018-12-02 12:18:46 > 2018-12-02 01:06:14
	get_timezone_aware_graphs() rm date: 2018-12-02 12:29:49 > 2018-12-02 01:06:14
	get_timezone_aware_graphs() rm date: 2018-12-02 12:38:47 > 2018-12-02 01:06:14
	get_timezone_aware_graphs() rm date: 2018-12-02 12:49:53 > 2018-12-02 01:06:14
	get_timezone_aware_graphs() rm date: 2018-12-02 12:59:08 > 2018-12-02 01:06:14
	get_timezone_aware_graphs() rm date: 2018-12-02 13:10:06 > 2018-12-02 01:06:14
	get_timezone_aware_graphs() rm date: 2018-12-02 13:20:10 > 2018-12-02 01:06:14
	get_timezone_aware_graphs() rm date: 2018-12-02 13:29:19 > 2018-12-02 01:06:14
	get_timezone_aware_graphs() rm date: 2018-12-02 13:39:42 > 2018-12-02 01:06:14
	get_timezone_aware_graphs() rm date: 2018-12-02 13:50:19 > 2018-12-02 01:06:14
	get_timezone_aware_graphs() rm date: 2018-12-02 13:59:10 > 2018-12-02 01:06:14
	get_timezone_aware_graphs() rm date: 2018-12-02 14:09:38 > 2018-12-02 01:06:14
	get_timezone_aware_graphs() rm date: 2018-12-02 14:20:11 > 2018-12-02 01:06:14
	get_timezone_aware_graphs() rm date: 2018-12-02 14:29:06 > 2018-12-02 01:06:14
	get_timezone_aware_graphs() rm date: 2018-12-02 14:39:47 > 2018-12-02 01:06:14
	get_timezone_aware_graphs() rm date: 2018-12-02 14:49:19 > 2018-12-02 01:06:14
	get_timezone_aware_graphs() rm date: 2018-12-02 14:59:57 > 2018-12-02 01:06:14
	get_timezone_aware_graphs() rm date: 2018-12-02 15:09:19 > 2018-12-02 01:06:14
	get_timezone_aware_graphs() rm date: 2018-12-02 15:20:09 > 2018-12-02 01:06:14
	get_timezone_aware_graphs() rm date: 2018-12-02 15:29:14 > 2018-12-02 01:06:14
	get_timezone_aware_graphs() rm date: 2018-12-02 15:40:00 > 2018-12-02 01:06:14
	get_timezone_aware_graphs() rm date: 2018-12-02 15:51:26 > 2018-12-02 01:06:14
	get_timezone_aware_graphs() rm date: 2018-12-02 16:00:44 > 2018-12-02 01:06:14
	get_timezone_aware_graphs() rm date: 2018-12-02 16:10:42 > 2018-12-02 01:06:14
	get_timezone_aware_graphs() rm date: 2018-12-02 16:20:52 > 2018-12-02 01:06:14
	get_timezone_aware_graphs() rm date: 2018-12-02 16:29:26 > 2018-12-02 01:06:14
	get_timezone_aware_graphs() rm date: 2018-12-02 16:41:04 > 2018-12-02 01:06:14
	get_timezone_aware_graphs() rm date: 2018-12-02 16:49:08 > 2018-12-02 01:06:14
	get_timezone_aware_graphs() rm date: 2018-12-02 17:00:23 > 2018-12-02 01:06:14
	get_timezone_aware_graphs() rm date: 2018-12-02 17:09:28 > 2018-12-02 01:06:14
	get_timezone_aware_graphs() rm date: 2018-12-02 17:20:20 > 2018-12-02 01:06:14
	get_timezone_aware_graphs() rm date: 2018-12-02 17:29:17 > 2018-12-02 01:06:14
	get_timezone_aware_graphs() rm date: 2018-12-02 17:39:27 > 2018-12-02 01:06:14
	get_timezone_aware_graphs() rm date: 2018-12-02 17:49:57 > 2018-12-02 01:06:14
	get_timezone_aware_graphs() rm date: 2018-12-02 17:59:19 > 2018-12-02 01:06:14
	get_timezone_aware_graphs() rm date: 2018-12-02 18:10:09 > 2018-12-02 01:06:14
	get_timezone_aware_graphs() rm date: 2018-12-02 18:18:53 > 2018-12-02 01:06:14
	get_timezone_aware_graphs() rm date: 2018-12-02 18:30:18 > 2018-12-02 01:06:14
	get_timezone_aware_graphs() rm date: 2018-12-02 18:39:06 > 2018-12-02 01:06:14
	get_timezone_aware_graphs() rm date: 2018-12-02 18:49:47 > 2018-12-02 01:06:14
	get_timezone_aware_graphs() rm date: 2018-12-02 19:00:06 > 2018-12-02 01:06:14
	get_timezone_aware_graphs() rm date: 2018-12-02 19:09:30 > 2018-12-02 01:06:14
	get_timezone_aware_graphs() rm date: 2018-12-02 19:20:05 > 2018-12-02 01:06:14
	get_timezone_aware_graphs() rm date: 2018-12-02 19:30:08 > 2018-12-02 01:06:14
	get_timezone_aware_graphs() rm date: 2018-12-02 19:39:45 > 2018-12-02 01:06:14
	get_timezone_aware_graphs() rm date: 2018-12-02 19:49:37 > 2018-12-02 01:06:14
	get_timezone_aware_graphs() rm date: 2018-12-02 20:00:27 > 2018-12-02 01:06:14
	get_timezone_aware_graphs() rm date: 2018-12-02 20:09:35 > 2018-12-02 01:06:14
	get_timezone_aware_graphs() rm date: 2018-12-02 20:20:19 > 2018-12-02 01:06:14
	get_timezone_aware_graphs() rm date: 2018-12-02 20:29:17 > 2018-12-02 01:06:14
	get_timezone_aware_graphs() rm date: 2018-12-02 20:39:53 > 2018-12-02 01:06:14
	get_timezone_aware_graphs() rm date: 2018-12-02 20:50:09 > 2018-12-02 01:06:14
	get_timezone_aware_graphs() rm date: 2018-12-02 20:59:28 > 2018-12-02 01:06:14
	get_timezone_aware_graphs() rm date: 2018-12-02 21:09:56 > 2018-12-02 01:06:14
	get_timezone_aware_graphs() rm date: 2018-12-02 21:20:13 > 2018-12-02 01:06:14
	get_timezone_aware_graphs() rm date: 2018-12-02 21:29:40 > 2018-12-02 01:06:14
	get_timezone_aware_graphs() rm date: 2018-12-02 21:40:11 > 2018-12-02 01:06:14
	get_timezone_aware_graphs() rm date: 2018-12-02 21:50:42 > 2018-12-02 01:06:14
	get_timezone_aware_graphs() rm date: 2018-12-02 21:59:38 > 2018-12-02 01:06:14
	get_timezone_aware_graphs() rm date: 2018-12-02 22:10:26 > 2018-12-02 01:06:14
	get_timezone_aware_graphs() rm date: 2018-12-02 22:19:55 > 2018-12-02 01:06:14
	get_timezone_aware_graphs() rm date: 2018-12-02 22:30:15 > 2018-12-02 01:06:14
	get_timezone_aware_graphs() rm date: 2018-12-02 22:39:35 > 2018-12-02 01:06:14
	get_timezone_aware_graphs() rm date: 2018-12-02 22:49:58 > 2018-12-02 01:06:14
	get_timezone_aware_graphs() rm date: 2018-12-02 23:00:18 > 2018-12-02 01:06:14
	get_timezone_aware_graphs() rm date: 2018-12-02 23:10:11 > 2018-12-02 01:06:14
	get_timezone_aware_graphs() rm date: 2018-12-02 23:19:44 > 2018-12-02 01:06:14
	get_timezone_aware_graphs() rm date: 2018-12-02 23:29:42 > 2018-12-02 01:06:14
	get_timezone_aware_graphs() rm date: 2018-12-02 23:40:25 > 2018-12-02 01:06:14
	get_timezone_aware_graphs() rm date: 2018-12-02 23:49:36 > 2018-12-02 01:06:14

Day: YYYY-MM-DD, clustered 150 graphs with similar links into 1 initial subgraph clusters

Day: YYYY-MM-DD, graphs with similar links were clustered into 1 initial subgraphs clusters
Attempting to further cluster 1 initial subgraph clusters based on similar sumgrams
Clustered 1 initial subgraph clusters into 1 subgraph clusters
	dumpJsonToFile(), wrote: ./sgbot_5/tmp/multi-day-clust.json

RANKED LIST OF STORIES

date: YYYY-MM-DD, 1 (--maxstory-count=1) story


1/1, max_node_title: George Bush, 41st President, Dies at 94 - The New York Times (max_node_title repeated 136 of 150 graphs)
Maxgraph link: https://web.archive.org/storygraph/graphs/usa/#cursor=95&hist=144&t=2018-12-01T15:57:55
From: 2018-12-01T05:06:14Z to 2018-12-02T05:57:37Z (1 day, 0hrs 51min 22 sec), maxgraph max CC avg. deg: 14.45
Maxgraph max CC max_node_title: George Bush, 41st President, Dies at 94 - The New York Times
Clusterer: sgdata.same_day_seq_cluster_by_common_links
Pulse: ..............................●●●●●●●●●●●●●●●●●●●●●●●●●●●●●●●●●●●●●●●●●●●●●●●●●●●●●●●●●●●●●●●●●●●●●●●●●●●●●●●●●●●●●●●●●●●●●●●●●●●●●●●●●●●●●●●●●●......

All pulses: ..............................●●●●●●●●●●●●●●●●●●●●●●●●●●●●●●●●●●●●●●●●●●●●●●●●●●●●●●●●●●●●●●●●●●●●●●●●●●●●●●●●●●●●●●●●●●●●●●●●●●●●●●●●●●●●●●●●●●......

