
StoryGraphToolkit, tool: maxgraph

Generating maxgraphs from 2018-10-28 00:00:00 to 2018-10-29 01:10:54
Calculating maxgraph for date: 2018-10-28
	download_graph_at_byteoffset() at: 2018-10-28T06:42:30.687304Z, bytes=6452298-6613789
	download_graph_at_byteoffset() at: 2018-10-28T10:02:38.458770Z, bytes=9660418-9816975
	download_graph_at_byteoffset() at: 2018-10-28T13:23:20.055629Z, bytes=12818634-12974520
	download_graph_at_byteoffset() at: 2018-10-28T16:42:49.697618Z, bytes=15780688-15921837
	download_graph_at_byteoffset() at: 2018-10-28T20:03:49.757868Z, bytes=18721989-18865089
	download_graph_at_byteoffset() at: 2018-10-28T23:24:08.053207Z, bytes=21583326-21737271
	download_graph_at_byteoffset() at: 2018-10-29T00:03:29.773686Z, bytes=0-163536
	download_graph_at_byteoffset() at: 2018-10-29T03:24:13.560431Z, bytes=3373576-3551923
Calculating maxgraph for date: 2018-10-29
	get_timezone_aware_graphs() rm date: 2018-10-29 01:15:05 > 2018-10-29 01:10:54
	get_timezone_aware_graphs() rm date: 2018-10-29 01:24:02 > 2018-10-29 01:10:54
	get_timezone_aware_graphs() rm date: 2018-10-29 01:34:45 > 2018-10-29 01:10:54
	get_timezone_aware_graphs() rm date: 2018-10-29 01:43:59 > 2018-10-29 01:10:54
	get_timezone_aware_graphs() rm date: 2018-10-29 01:55:08 > 2018-10-29 01:10:54
	get_timezone_aware_graphs() rm date: 2018-10-29 02:04:04 > 2018-10-29 01:10:54
	get_timezone_aware_graphs() rm date: 2018-10-29 02:14:48 > 2018-10-29 01:10:54
	get_timezone_aware_graphs() rm date: 2018-10-29 02:23:58 > 2018-10-29 01:10:54
	get_timezone_aware_graphs() rm date: 2018-10-29 02:34:55 > 2018-10-29 01:10:54
	get_timezone_aware_graphs() rm date: 2018-10-29 02:44:12 > 2018-10-29 01:10:54
	get_timezone_aware_graphs() rm date: 2018-10-29 02:54:39 > 2018-10-29 01:10:54
	get_timezone_aware_graphs() rm date: 2018-10-29 03:04:47 > 2018-10-29 01:10:54
	get_timezone_aware_graphs() rm date: 2018-10-29 03:15:06 > 2018-10-29 01:10:54
	get_timezone_aware_graphs() rm date: 2018-10-29 03:24:09 > 2018-10-29 01:10:54
	get_timezone_aware_graphs() rm date: 2018-10-29 03:34:58 > 2018-10-29 01:10:54
	get_timezone_aware_graphs() rm date: 2018-10-29 03:45:06 > 2018-10-29 01:10:54
	get_timezone_aware_graphs() rm date: 2018-10-29 03:54:36 > 2018-10-29 01:10:54
	get_timezone_aware_graphs() rm date: 2018-10-29 04:05:06 > 2018-10-29 01:10:54
	get_timezone_aware_graphs() rm date: 2018-10-29 04:14:51 > 2018-10-29 01:10:54
	get_timezone_aware_graphs() rm date: 2018-10-29 04:24:48 > 2018-10-29 01:10:54
	get_timezone_aware_graphs() rm date: 2018-10-29 04:34:50 > 2018-10-29 01:10:54
	get_timezone_aware_graphs() rm date: 2018-10-29 04:45:10 > 2018-10-29 01:10:54
	get_timezone_aware_graphs() rm date: 2018-10-29 04:54:26 > 2018-10-29 01:10:54
	get_timezone_aware_graphs() rm date: 2018-10-29 05:05:12 > 2018-10-29 01:10:54
	get_timezone_aware_graphs() rm date: 2018-10-29 05:14:21 > 2018-10-29 01:10:54
	get_timezone_aware_graphs() rm date: 2018-10-29 05:25:13 > 2018-10-29 01:10:54
	get_timezone_aware_graphs() rm date: 2018-10-29 05:35:06 > 2018-10-29 01:10:54
	get_timezone_aware_graphs() rm date: 2018-10-29 05:44:37 > 2018-10-29 01:10:54
	get_timezone_aware_graphs() rm date: 2018-10-29 05:55:16 > 2018-10-29 01:10:54
	get_timezone_aware_graphs() rm date: 2018-10-29 06:04:27 > 2018-10-29 01:10:54
	get_timezone_aware_graphs() rm date: 2018-10-29 06:15:30 > 2018-10-29 01:10:54
	get_timezone_aware_graphs() rm date: 2018-10-29 06:25:37 > 2018-10-29 01:10:54
	get_timezone_aware_graphs() rm date: 2018-10-29 06:34:38 > 2018-10-29 01:10:54
	get_timezone_aware_graphs() rm date: 2018-10-29 06:45:26 > 2018-10-29 01:10:54
	get_timezone_aware_graphs() rm date: 2018-10-29 06:54:35 > 2018-10-29 01:10:54
	get_timezone_aware_graphs() rm date: 2018-10-29 07:05:29 > 2018-10-29 01:10:54
	get_timezone_aware_graphs() rm date: 2018-10-29 07:15:29 > 2018-10-29 01:10:54
	get_timezone_aware_graphs() rm date: 2018-10-29 07:24:34 > 2018-10-29 01:10:54
	get_timezone_aware_graphs() rm date: 2018-10-29 07:35:38 > 2018-10-29 01:10:54
	get_timezone_aware_graphs() rm date: 2018-10-29 07:44:49 > 2018-10-29 01:10:54
	get_timezone_aware_graphs() rm date: 2018-10-29 07:55:44 > 2018-10-29 01:10:54
	get_timezone_aware_graphs() rm date: 2018-10-29 08:05:58 > 2018-10-29 01:10:54
	get_timezone_aware_graphs() rm date: 2018-10-29 08:15:09 > 2018-10-29 01:10:54
	get_timezone_aware_graphs() rm date: 2018-10-29 08:26:05 > 2018-10-29 01:10:54
	get_timezone_aware_graphs() rm date: 2018-10-29 08:36:07 > 2018-10-29 01:10:54
	get_timezone_aware_graphs() rm date: 2018-10-29 08:44:51 > 2018-10-29 01:10:54
	get_timezone_aware_graphs() rm date: 2018-10-29 08:55:41 > 2018-10-29 01:10:54
	get_timezone_aware_graphs() rm date: 2018-10-29 09:04:47 > 2018-10-29 01:10:54
	get_timezone_aware_graphs() rm date: 2018-10-29 09:16:00 > 2018-10-29 01:10:54
	get_timezone_aware_graphs() rm date: 2018-10-29 09:24:58 > 2018-10-29 01:10:54
	get_timezone_aware_graphs() rm date: 2018-10-29 09:35:55 > 2018-10-29 01:10:54
	get_timezone_aware_graphs() rm date: 2018-10-29 09:44:58 > 2018-10-29 01:10:54
	get_timezone_aware_graphs() rm date: 2018-10-29 09:55:51 > 2018-10-29 01:10:54
	get_timezone_aware_graphs() rm date: 2018-10-29 10:04:53 > 2018-10-29 01:10:54
	get_timezone_aware_graphs() rm date: 2018-10-29 10:16:11 > 2018-10-29 01:10:54
	get_timezone_aware_graphs() rm date: 2018-10-29 10:24:54 > 2018-10-29 01:10:54
	get_timezone_aware_graphs() rm date: 2018-10-29 10:36:40 > 2018-10-29 01:10:54
	get_timezone_aware_graphs() rm date: 2018-10-29 10:45:09 > 2018-10-29 01:10:54
	get_timezone_aware_graphs() rm date: 2018-10-29 10:56:30 > 2018-10-29 01:10:54
	get_timezone_aware_graphs() rm date: 2018-10-29 11:05:28 > 2018-10-29 01:10:54
	get_timezone_aware_graphs() rm date: 2018-10-29 11:16:55 > 2018-10-29 01:10:54
	get_timezone_aware_graphs() rm date: 2018-10-29 11:25:21 > 2018-10-29 01:10:54
	get_timezone_aware_graphs() rm date: 2018-10-29 11:36:43 > 2018-10-29 01:10:54
	get_timezone_aware_graphs() rm date: 2018-10-29 11:45:26 > 2018-10-29 01:10:54
	get_timezone_aware_graphs() rm date: 2018-10-29 11:57:04 > 2018-10-29 01:10:54
	get_timezone_aware_graphs() rm date: 2018-10-29 12:05:20 > 2018-10-29 01:10:54
	get_timezone_aware_graphs() rm date: 2018-10-29 12:16:41 > 2018-10-29 01:10:54
	get_timezone_aware_graphs() rm date: 2018-10-29 12:25:59 > 2018-10-29 01:10:54
	get_timezone_aware_graphs() rm date: 2018-10-29 12:35:54 > 2018-10-29 01:10:54
	get_timezone_aware_graphs() rm date: 2018-10-29 12:46:46 > 2018-10-29 01:10:54
	get_timezone_aware_graphs() rm date: 2018-10-29 12:55:18 > 2018-10-29 01:10:54
	get_timezone_aware_graphs() rm date: 2018-10-29 13:06:45 > 2018-10-29 01:10:54
	get_timezone_aware_graphs() rm date: 2018-10-29 13:15:13 > 2018-10-29 01:10:54
	get_timezone_aware_graphs() rm date: 2018-10-29 13:26:43 > 2018-10-29 01:10:54
	get_timezone_aware_graphs() rm date: 2018-10-29 13:35:33 > 2018-10-29 01:10:54
	get_timezone_aware_graphs() rm date: 2018-10-29 13:46:32 > 2018-10-29 01:10:54
	get_timezone_aware_graphs() rm date: 2018-10-29 13:55:26 > 2018-10-29 01:10:54
	get_timezone_aware_graphs() rm date: 2018-10-29 14:06:24 > 2018-10-29 01:10:54
	get_timezone_aware_graphs() rm date: 2018-10-29 14:17:12 > 2018-10-29 01:10:54
	get_timezone_aware_graphs() rm date: 2018-10-29 14:25:31 > 2018-10-29 01:10:54
	get_timezone_aware_graphs() rm date: 2018-10-29 14:36:54 > 2018-10-29 01:10:54
	get_timezone_aware_graphs() rm date: 2018-10-29 14:45:42 > 2018-10-29 01:10:54
	get_timezone_aware_graphs() rm date: 2018-10-29 14:56:52 > 2018-10-29 01:10:54
	get_timezone_aware_graphs() rm date: 2018-10-29 15:05:28 > 2018-10-29 01:10:54
	get_timezone_aware_graphs() rm date: 2018-10-29 15:16:46 > 2018-10-29 01:10:54
	get_timezone_aware_graphs() rm date: 2018-10-29 15:26:44 > 2018-10-29 01:10:54
	get_timezone_aware_graphs() rm date: 2018-10-29 15:35:38 > 2018-10-29 01:10:54
	get_timezone_aware_graphs() rm date: 2018-10-29 15:46:58 > 2018-10-29 01:10:54
	get_timezone_aware_graphs() rm date: 2018-10-29 15:56:30 > 2018-10-29 01:10:54
	get_timezone_aware_graphs() rm date: 2018-10-29 16:07:01 > 2018-10-29 01:10:54
	get_timezone_aware_graphs() rm date: 2018-10-29 16:15:45 > 2018-10-29 01:10:54
	get_timezone_aware_graphs() rm date: 2018-10-29 16:26:53 > 2018-10-29 01:10:54
	get_timezone_aware_graphs() rm date: 2018-10-29 16:35:41 > 2018-10-29 01:10:54
	get_timezone_aware_graphs() rm date: 2018-10-29 16:46:45 > 2018-10-29 01:10:54
	get_timezone_aware_graphs() rm date: 2018-10-29 16:56:03 > 2018-10-29 01:10:54
	get_timezone_aware_graphs() rm date: 2018-10-29 17:07:07 > 2018-10-29 01:10:54
	get_timezone_aware_graphs() rm date: 2018-10-29 17:15:55 > 2018-10-29 01:10:54
	get_timezone_aware_graphs() rm date: 2018-10-29 17:27:01 > 2018-10-29 01:10:54
	get_timezone_aware_graphs() rm date: 2018-10-29 17:36:11 > 2018-10-29 01:10:54
	get_timezone_aware_graphs() rm date: 2018-10-29 17:47:00 > 2018-10-29 01:10:54
	get_timezone_aware_graphs() rm date: 2018-10-29 17:55:44 > 2018-10-29 01:10:54
	get_timezone_aware_graphs() rm date: 2018-10-29 18:06:48 > 2018-10-29 01:10:54
	get_timezone_aware_graphs() rm date: 2018-10-29 18:16:12 > 2018-10-29 01:10:54
	get_timezone_aware_graphs() rm date: 2018-10-29 18:26:54 > 2018-10-29 01:10:54
	get_timezone_aware_graphs() rm date: 2018-10-29 18:35:49 > 2018-10-29 01:10:54
	get_timezone_aware_graphs() rm date: 2018-10-29 18:46:54 > 2018-10-29 01:10:54
	get_timezone_aware_graphs() rm date: 2018-10-29 18:56:04 > 2018-10-29 01:10:54
	get_timezone_aware_graphs() rm date: 2018-10-29 19:06:48 > 2018-10-29 01:10:54
	get_timezone_aware_graphs() rm date: 2018-10-29 19:16:39 > 2018-10-29 01:10:54
	get_timezone_aware_graphs() rm date: 2018-10-29 19:26:17 > 2018-10-29 01:10:54
	get_timezone_aware_graphs() rm date: 2018-10-29 19:36:54 > 2018-10-29 01:10:54
	get_timezone_aware_graphs() rm date: 2018-10-29 19:46:08 > 2018-10-29 01:10:54
	get_timezone_aware_graphs() rm date: 2018-10-29 19:56:54 > 2018-10-29 01:10:54
	get_timezone_aware_graphs() rm date: 2018-10-29 20:06:13 > 2018-10-29 01:10:54
	get_timezone_aware_graphs() rm date: 2018-10-29 20:17:04 > 2018-10-29 01:10:54
	get_timezone_aware_graphs() rm date: 2018-10-29 20:26:16 > 2018-10-29 01:10:54
	get_timezone_aware_graphs() rm date: 2018-10-29 20:36:38 > 2018-10-29 01:10:54
	get_timezone_aware_graphs() rm date: 2018-10-29 20:46:56 > 2018-10-29 01:10:54
	get_timezone_aware_graphs() rm date: 2018-10-29 20:56:24 > 2018-10-29 01:10:54
	get_timezone_aware_graphs() rm date: 2018-10-29 21:06:18 > 2018-10-29 01:10:54
	get_timezone_aware_graphs() rm date: 2018-10-29 21:16:56 > 2018-10-29 01:10:54
	get_timezone_aware_graphs() rm date: 2018-10-29 21:26:03 > 2018-10-29 01:10:54
	get_timezone_aware_graphs() rm date: 2018-10-29 21:37:01 > 2018-10-29 01:10:54
	get_timezone_aware_graphs() rm date: 2018-10-29 21:46:02 > 2018-10-29 01:10:54
	get_timezone_aware_graphs() rm date: 2018-10-29 21:56:58 > 2018-10-29 01:10:54
	get_timezone_aware_graphs() rm date: 2018-10-29 22:06:22 > 2018-10-29 01:10:54
	get_timezone_aware_graphs() rm date: 2018-10-29 22:16:36 > 2018-10-29 01:10:54
	get_timezone_aware_graphs() rm date: 2018-10-29 22:26:47 > 2018-10-29 01:10:54
	get_timezone_aware_graphs() rm date: 2018-10-29 22:36:25 > 2018-10-29 01:10:54
	get_timezone_aware_graphs() rm date: 2018-10-29 22:46:37 > 2018-10-29 01:10:54
	get_timezone_aware_graphs() rm date: 2018-10-29 22:57:08 > 2018-10-29 01:10:54
	get_timezone_aware_graphs() rm date: 2018-10-29 23:06:07 > 2018-10-29 01:10:54
	get_timezone_aware_graphs() rm date: 2018-10-29 23:17:10 > 2018-10-29 01:10:54
	get_timezone_aware_graphs() rm date: 2018-10-29 23:26:23 > 2018-10-29 01:10:54
	get_timezone_aware_graphs() rm date: 2018-10-29 23:36:58 > 2018-10-29 01:10:54
	get_timezone_aware_graphs() rm date: 2018-10-29 23:46:10 > 2018-10-29 01:10:54
	get_timezone_aware_graphs() rm date: 2018-10-29 23:57:01 > 2018-10-29 01:10:54

Day: YYYY-MM-DD, clustered 151 graphs with similar links into 2 initial subgraph clusters

Day: YYYY-MM-DD, graphs with similar links were clustered into 2 initial subgraphs clusters
Attempting to further cluster 2 initial subgraph clusters based on similar sumgrams
	sumgram for pair: 1 of 1 (2 Comb. 2), ov: 0.7
Initial subgraphs: [{0, 1}]
Singletons: []
Subgraphs post adding singletons: [{0, 1}]
Clustered 2 initial subgraph clusters into 1 subgraph clusters
	dumpJsonToFile(), wrote: ./sgbot_3/tmp/multi-day-clust.json

RANKED LIST OF STORIES

date: YYYY-MM-DD, 1 (--maxstory-count=1) story


1/1, max_node_title: Pittsburgh Tree of Life Synagogue Shooting  - Vox (max_node_title repeated 73 of 151 graphs)
Maxgraph link: https://web.archive.org/storygraph/graphs/usa/#cursor=24&hist=144&t=2018-10-28T04:01:21
From: 2018-10-28T04:01:21Z to 2018-10-29T05:04:02Z (1 day, 1hrs 02min 41 sec), maxgraph max CC avg. deg: 9.2
Maxgraph max CC max_node_title: Sessions: Death Penalty On The Table For Pittsburgh Synagogue Shooter | The Daily Caller
Clusterer: sgdata.same_day_non_seq_cluster_by_title_sumgrams
Pulse: ........................●●●●●●●●●●●●●●●●●●●●●●●●●●●●●●●●●●●●●●●●●●●●●●●●●●●●●●●●●●●●●●●●●●●●●●●●●●●●●●●●●●●●●●●●●●●●●●●●●●●●●●●●●●●●●●●●●●●●●●●●.......

All pulses: ........................●●●●●●●●●●●●●●●●●●●●●●●●●●●●●●●●●●●●●●●●●●●●●●●●●●●●●●●●●●●●●●●●●●●●●●●●●●●●●●●●●●●●●●●●●●●●●●●●●●●●●●●●●●●●●●●●●●●●●●●●.......

