
StoryGraphToolkit, tool: maxgraph

Generating maxgraphs from 2018-12-14 00:00:00 to 2018-12-14 06:22:57
Calculating maxgraph for date: 2018-12-14
	get_timezone_aware_graphs() rm date: 2018-12-14 06:24:17 > 2018-12-14 06:22:57
	get_timezone_aware_graphs() rm date: 2018-12-14 06:33:56 > 2018-12-14 06:22:57
	get_timezone_aware_graphs() rm date: 2018-12-14 06:44:03 > 2018-12-14 06:22:57
	get_timezone_aware_graphs() rm date: 2018-12-14 06:54:28 > 2018-12-14 06:22:57
	get_timezone_aware_graphs() rm date: 2018-12-14 07:03:41 > 2018-12-14 06:22:57
	get_timezone_aware_graphs() rm date: 2018-12-14 07:14:13 > 2018-12-14 06:22:57
	get_timezone_aware_graphs() rm date: 2018-12-14 07:24:15 > 2018-12-14 06:22:57
	get_timezone_aware_graphs() rm date: 2018-12-14 07:33:46 > 2018-12-14 06:22:57
	get_timezone_aware_graphs() rm date: 2018-12-14 07:44:17 > 2018-12-14 06:22:57
	get_timezone_aware_graphs() rm date: 2018-12-14 07:54:29 > 2018-12-14 06:22:57
	get_timezone_aware_graphs() rm date: 2018-12-14 08:04:04 > 2018-12-14 06:22:57
	get_timezone_aware_graphs() rm date: 2018-12-14 08:14:10 > 2018-12-14 06:22:57
	get_timezone_aware_graphs() rm date: 2018-12-14 08:24:32 > 2018-12-14 06:22:57
	get_timezone_aware_graphs() rm date: 2018-12-14 08:34:14 > 2018-12-14 06:22:57
	get_timezone_aware_graphs() rm date: 2018-12-14 08:44:16 > 2018-12-14 06:22:57
	get_timezone_aware_graphs() rm date: 2018-12-14 08:54:19 > 2018-12-14 06:22:57
	get_timezone_aware_graphs() rm date: 2018-12-14 09:03:41 > 2018-12-14 06:22:57
	get_timezone_aware_graphs() rm date: 2018-12-14 09:14:21 > 2018-12-14 06:22:57
	get_timezone_aware_graphs() rm date: 2018-12-14 09:23:43 > 2018-12-14 06:22:57
	get_timezone_aware_graphs() rm date: 2018-12-14 09:34:37 > 2018-12-14 06:22:57
	get_timezone_aware_graphs() rm date: 2018-12-14 09:43:35 > 2018-12-14 06:22:57
	get_timezone_aware_graphs() rm date: 2018-12-14 09:54:16 > 2018-12-14 06:22:57
	get_timezone_aware_graphs() rm date: 2018-12-14 10:04:34 > 2018-12-14 06:22:57
	get_timezone_aware_graphs() rm date: 2018-12-14 10:13:39 > 2018-12-14 06:22:57
	get_timezone_aware_graphs() rm date: 2018-12-14 10:24:48 > 2018-12-14 06:22:57
	get_timezone_aware_graphs() rm date: 2018-12-14 10:33:55 > 2018-12-14 06:22:57
	get_timezone_aware_graphs() rm date: 2018-12-14 10:44:37 > 2018-12-14 06:22:57
	get_timezone_aware_graphs() rm date: 2018-12-14 10:54:58 > 2018-12-14 06:22:57
	get_timezone_aware_graphs() rm date: 2018-12-14 11:04:05 > 2018-12-14 06:22:57
	get_timezone_aware_graphs() rm date: 2018-12-14 11:14:33 > 2018-12-14 06:22:57
	get_timezone_aware_graphs() rm date: 2018-12-14 11:25:05 > 2018-12-14 06:22:57
	get_timezone_aware_graphs() rm date: 2018-12-14 11:34:46 > 2018-12-14 06:22:57
	get_timezone_aware_graphs() rm date: 2018-12-14 11:44:41 > 2018-12-14 06:22:57
	get_timezone_aware_graphs() rm date: 2018-12-14 11:54:59 > 2018-12-14 06:22:57
	get_timezone_aware_graphs() rm date: 2018-12-14 12:04:05 > 2018-12-14 06:22:57
	get_timezone_aware_graphs() rm date: 2018-12-14 12:14:57 > 2018-12-14 06:22:57
	get_timezone_aware_graphs() rm date: 2018-12-14 12:25:11 > 2018-12-14 06:22:57
	get_timezone_aware_graphs() rm date: 2018-12-14 12:33:51 > 2018-12-14 06:22:57
	get_timezone_aware_graphs() rm date: 2018-12-14 12:44:49 > 2018-12-14 06:22:57
	get_timezone_aware_graphs() rm date: 2018-12-14 12:54:06 > 2018-12-14 06:22:57
	get_timezone_aware_graphs() rm date: 2018-12-14 13:04:34 > 2018-12-14 06:22:57
	get_timezone_aware_graphs() rm date: 2018-12-14 13:14:50 > 2018-12-14 06:22:57
	get_timezone_aware_graphs() rm date: 2018-12-14 13:24:09 > 2018-12-14 06:22:57
	get_timezone_aware_graphs() rm date: 2018-12-14 13:35:02 > 2018-12-14 06:22:57
	get_timezone_aware_graphs() rm date: 2018-12-14 13:44:15 > 2018-12-14 06:22:57
	get_timezone_aware_graphs() rm date: 2018-12-14 13:55:00 > 2018-12-14 06:22:57
	get_timezone_aware_graphs() rm date: 2018-12-14 14:04:11 > 2018-12-14 06:22:57
	get_timezone_aware_graphs() rm date: 2018-12-14 14:14:43 > 2018-12-14 06:22:57
	get_timezone_aware_graphs() rm date: 2018-12-14 14:24:47 > 2018-12-14 06:22:57
	get_timezone_aware_graphs() rm date: 2018-12-14 14:34:50 > 2018-12-14 06:22:57
	get_timezone_aware_graphs() rm date: 2018-12-14 14:44:16 > 2018-12-14 06:22:57
	get_timezone_aware_graphs() rm date: 2018-12-14 14:54:58 > 2018-12-14 06:22:57
	get_timezone_aware_graphs() rm date: 2018-12-14 15:04:33 > 2018-12-14 06:22:57
	get_timezone_aware_graphs() rm date: 2018-12-14 15:14:52 > 2018-12-14 06:22:57
	get_timezone_aware_graphs() rm date: 2018-12-14 15:24:43 > 2018-12-14 06:22:57
	get_timezone_aware_graphs() rm date: 2018-12-14 15:34:52 > 2018-12-14 06:22:57
	get_timezone_aware_graphs() rm date: 2018-12-14 15:44:39 > 2018-12-14 06:22:57
	get_timezone_aware_graphs() rm date: 2018-12-14 15:58:49 > 2018-12-14 06:22:57
	get_timezone_aware_graphs() rm date: 2018-12-14 16:05:51 > 2018-12-14 06:22:57
	get_timezone_aware_graphs() rm date: 2018-12-14 16:15:58 > 2018-12-14 06:22:57
	get_timezone_aware_graphs() rm date: 2018-12-14 16:24:49 > 2018-12-14 06:22:57
	get_timezone_aware_graphs() rm date: 2018-12-14 16:35:05 > 2018-12-14 06:22:57
	get_timezone_aware_graphs() rm date: 2018-12-14 16:44:23 > 2018-12-14 06:22:57
	get_timezone_aware_graphs() rm date: 2018-12-14 16:55:06 > 2018-12-14 06:22:57
	get_timezone_aware_graphs() rm date: 2018-12-14 17:04:52 > 2018-12-14 06:22:57
	get_timezone_aware_graphs() rm date: 2018-12-14 17:14:48 > 2018-12-14 06:22:57
	get_timezone_aware_graphs() rm date: 2018-12-14 17:25:15 > 2018-12-14 06:22:57
	get_timezone_aware_graphs() rm date: 2018-12-14 17:34:27 > 2018-12-14 06:22:57
	get_timezone_aware_graphs() rm date: 2018-12-14 17:45:20 > 2018-12-14 06:22:57
	get_timezone_aware_graphs() rm date: 2018-12-14 17:54:46 > 2018-12-14 06:22:57
	get_timezone_aware_graphs() rm date: 2018-12-14 18:05:04 > 2018-12-14 06:22:57
	get_timezone_aware_graphs() rm date: 2018-12-14 18:14:37 > 2018-12-14 06:22:57
	get_timezone_aware_graphs() rm date: 2018-12-14 18:25:24 > 2018-12-14 06:22:57
	get_timezone_aware_graphs() rm date: 2018-12-14 18:34:49 > 2018-12-14 06:22:57
	get_timezone_aware_graphs() rm date: 2018-12-14 18:45:24 > 2018-12-14 06:22:57
	get_timezone_aware_graphs() rm date: 2018-12-14 18:54:43 > 2018-12-14 06:22:57
	get_timezone_aware_graphs() rm date: 2018-12-14 19:05:24 > 2018-12-14 06:22:57
	get_timezone_aware_graphs() rm date: 2018-12-14 19:15:36 > 2018-12-14 06:22:57
	get_timezone_aware_graphs() rm date: 2018-12-14 19:24:38 > 2018-12-14 06:22:57
	get_timezone_aware_graphs() rm date: 2018-12-14 19:34:56 > 2018-12-14 06:22:57
	get_timezone_aware_graphs() rm date: 2018-12-14 19:45:42 > 2018-12-14 06:22:57
	get_timezone_aware_graphs() rm date: 2018-12-14 19:55:00 > 2018-12-14 06:22:57
	get_timezone_aware_graphs() rm date: 2018-12-14 20:05:24 > 2018-12-14 06:22:57
	get_timezone_aware_graphs() rm date: 2018-12-14 20:15:01 > 2018-12-14 06:22:57
	get_timezone_aware_graphs() rm date: 2018-12-14 20:25:09 > 2018-12-14 06:22:57
	get_timezone_aware_graphs() rm date: 2018-12-14 20:35:21 > 2018-12-14 06:22:57
	get_timezone_aware_graphs() rm date: 2018-12-14 20:44:51 > 2018-12-14 06:22:57
	get_timezone_aware_graphs() rm date: 2018-12-14 20:54:55 > 2018-12-14 06:22:57
	get_timezone_aware_graphs() rm date: 2018-12-14 21:05:19 > 2018-12-14 06:22:57
	get_timezone_aware_graphs() rm date: 2018-12-14 21:14:40 > 2018-12-14 06:22:57
	get_timezone_aware_graphs() rm date: 2018-12-14 21:25:21 > 2018-12-14 06:22:57
	get_timezone_aware_graphs() rm date: 2018-12-14 21:34:44 > 2018-12-14 06:22:57
	get_timezone_aware_graphs() rm date: 2018-12-14 21:45:25 > 2018-12-14 06:22:57
	get_timezone_aware_graphs() rm date: 2018-12-14 21:54:37 > 2018-12-14 06:22:57
	get_timezone_aware_graphs() rm date: 2018-12-14 22:05:23 > 2018-12-14 06:22:57
	get_timezone_aware_graphs() rm date: 2018-12-14 22:15:20 > 2018-12-14 06:22:57
	get_timezone_aware_graphs() rm date: 2018-12-14 22:24:36 > 2018-12-14 06:22:57
	get_timezone_aware_graphs() rm date: 2018-12-14 22:35:21 > 2018-12-14 06:22:57
	get_timezone_aware_graphs() rm date: 2018-12-14 22:44:51 > 2018-12-14 06:22:57
	get_timezone_aware_graphs() rm date: 2018-12-14 22:55:16 > 2018-12-14 06:22:57
	get_timezone_aware_graphs() rm date: 2018-12-14 23:05:25 > 2018-12-14 06:22:57
	get_timezone_aware_graphs() rm date: 2018-12-14 23:15:20 > 2018-12-14 06:22:57
	get_timezone_aware_graphs() rm date: 2018-12-14 23:25:19 > 2018-12-14 06:22:57
	get_timezone_aware_graphs() rm date: 2018-12-14 23:35:28 > 2018-12-14 06:22:57
	get_timezone_aware_graphs() rm date: 2018-12-14 23:45:49 > 2018-12-14 06:22:57
	get_timezone_aware_graphs() rm date: 2018-12-14 23:55:09 > 2018-12-14 06:22:57
	download_graph_at_byteoffset() at: 2018-12-14T06:42:59.654084Z, bytes=6225224-6373166
	download_graph_at_byteoffset() at: 2018-12-14T10:04:13.932831Z, bytes=9171356-9316543

Day: 2018-12-14, clustered 38 graphs with similar links into 1 initial subgraph clusters

Day: 2018-12-14, graphs with similar links were clustered into 1 initial subgraphs clusters
Attempting to further cluster 1 initial subgraph clusters based on similar sumgrams
Clustered 1 initial subgraph clusters into 1 subgraph clusters
	dumpJsonToFile(), wrote: ./sgbot_4/tmp/current_storygraphdata.json

RANKED LIST OF STORIES

date: 2018-12-14, 1 (--maxstory-count=1) story


1/1, max_node_title: Trump was at August 2015 meeting about hush money payments, source says - CNNPolitics (max_node_title repeated 32 of 38 graphs)
Maxgraph link: https://web.archive.org/storygraph/graphs/usa/#cursor=35&hist=144&t=2018-12-14T05:53:07
From: 2018-12-14T05:03:07Z to 2018-12-14T11:13:22Z (6hrs 10min 14 sec), maxgraph max CC avg. deg: 5.71
Maxgraph max CC max_node_title: Trump was at August 2015 meeting about hush money payments, source says - CNNPolitics
Clusterer: sgdata.same_day_seq_cluster_by_common_links
Pulse: ..............................●●●●●●●●

All pulses: ..............................●●●●●●●●

