
StoryGraphToolkit, tool: maxgraph

Generating maxgraphs from 2018-12-13 00:00:00 to 2018-12-14 00:42:54
Calculating maxgraph for date: 2018-12-13
	download_graph_at_byteoffset() at: 2018-12-13T06:41:19.401258Z, bytes=5788980-5950813
	download_graph_at_byteoffset() at: 2018-12-13T10:03:00.930702Z, bytes=8846992-9007719
	download_graph_at_byteoffset() at: 2018-12-13T13:23:02.595053Z, bytes=12017002-12172050
	download_graph_at_byteoffset() at: 2018-12-13T16:43:30.361972Z, bytes=15054818-15181955
	download_graph_at_byteoffset() at: 2018-12-13T20:02:57.974438Z, bytes=17796170-17924921
	download_graph_at_byteoffset() at: 2018-12-14T00:03:09.526544Z, bytes=0-171290
	download_graph_at_byteoffset() at: 2018-12-13T23:22:42.478852Z, bytes=20850759-21013090
	download_graph_at_byteoffset() at: 2018-12-14T03:22:57.251892Z, bytes=3309622-3471586
Calculating maxgraph for date: 2018-12-14
	get_timezone_aware_graphs() rm date: 2018-12-14 00:43:43 > 2018-12-14 00:42:54
	get_timezone_aware_graphs() rm date: 2018-12-14 00:53:07 > 2018-12-14 00:42:54
	get_timezone_aware_graphs() rm date: 2018-12-14 01:03:21 > 2018-12-14 00:42:54
	get_timezone_aware_graphs() rm date: 2018-12-14 01:13:44 > 2018-12-14 00:42:54
	get_timezone_aware_graphs() rm date: 2018-12-14 01:22:57 > 2018-12-14 00:42:54
	get_timezone_aware_graphs() rm date: 2018-12-14 01:33:38 > 2018-12-14 00:42:54
	get_timezone_aware_graphs() rm date: 2018-12-14 01:42:59 > 2018-12-14 00:42:54
	get_timezone_aware_graphs() rm date: 2018-12-14 01:53:54 > 2018-12-14 00:42:54
	get_timezone_aware_graphs() rm date: 2018-12-14 02:03:20 > 2018-12-14 00:42:54
	get_timezone_aware_graphs() rm date: 2018-12-14 02:13:41 > 2018-12-14 00:42:54
	get_timezone_aware_graphs() rm date: 2018-12-14 02:23:27 > 2018-12-14 00:42:54
	get_timezone_aware_graphs() rm date: 2018-12-14 02:33:43 > 2018-12-14 00:42:54
	get_timezone_aware_graphs() rm date: 2018-12-14 02:43:03 > 2018-12-14 00:42:54
	get_timezone_aware_graphs() rm date: 2018-12-14 02:53:33 > 2018-12-14 00:42:54
	get_timezone_aware_graphs() rm date: 2018-12-14 03:03:40 > 2018-12-14 00:42:54
	get_timezone_aware_graphs() rm date: 2018-12-14 03:14:03 > 2018-12-14 00:42:54
	get_timezone_aware_graphs() rm date: 2018-12-14 03:23:17 > 2018-12-14 00:42:54
	get_timezone_aware_graphs() rm date: 2018-12-14 03:33:51 > 2018-12-14 00:42:54
	get_timezone_aware_graphs() rm date: 2018-12-14 03:43:17 > 2018-12-14 00:42:54
	get_timezone_aware_graphs() rm date: 2018-12-14 03:54:01 > 2018-12-14 00:42:54
	get_timezone_aware_graphs() rm date: 2018-12-14 04:03:34 > 2018-12-14 00:42:54
	get_timezone_aware_graphs() rm date: 2018-12-14 04:13:45 > 2018-12-14 00:42:54
	get_timezone_aware_graphs() rm date: 2018-12-14 04:23:16 > 2018-12-14 00:42:54
	get_timezone_aware_graphs() rm date: 2018-12-14 04:34:20 > 2018-12-14 00:42:54
	get_timezone_aware_graphs() rm date: 2018-12-14 04:43:50 > 2018-12-14 00:42:54
	get_timezone_aware_graphs() rm date: 2018-12-14 04:54:36 > 2018-12-14 00:42:54
	get_timezone_aware_graphs() rm date: 2018-12-14 05:04:13 > 2018-12-14 00:42:54
	get_timezone_aware_graphs() rm date: 2018-12-14 05:14:15 > 2018-12-14 00:42:54
	get_timezone_aware_graphs() rm date: 2018-12-14 05:24:36 > 2018-12-14 00:42:54
	get_timezone_aware_graphs() rm date: 2018-12-14 05:33:54 > 2018-12-14 00:42:54
	get_timezone_aware_graphs() rm date: 2018-12-14 05:44:20 > 2018-12-14 00:42:54
	get_timezone_aware_graphs() rm date: 2018-12-14 05:53:52 > 2018-12-14 00:42:54
	get_timezone_aware_graphs() rm date: 2018-12-14 06:03:52 > 2018-12-14 00:42:54
	get_timezone_aware_graphs() rm date: 2018-12-14 06:13:22 > 2018-12-14 00:42:54
	get_timezone_aware_graphs() rm date: 2018-12-14 06:24:17 > 2018-12-14 00:42:54
	get_timezone_aware_graphs() rm date: 2018-12-14 06:33:56 > 2018-12-14 00:42:54
	get_timezone_aware_graphs() rm date: 2018-12-14 06:44:03 > 2018-12-14 00:42:54
	get_timezone_aware_graphs() rm date: 2018-12-14 06:54:28 > 2018-12-14 00:42:54
	get_timezone_aware_graphs() rm date: 2018-12-14 07:03:41 > 2018-12-14 00:42:54
	get_timezone_aware_graphs() rm date: 2018-12-14 07:14:13 > 2018-12-14 00:42:54
	get_timezone_aware_graphs() rm date: 2018-12-14 07:24:15 > 2018-12-14 00:42:54
	get_timezone_aware_graphs() rm date: 2018-12-14 07:33:46 > 2018-12-14 00:42:54
	get_timezone_aware_graphs() rm date: 2018-12-14 07:44:17 > 2018-12-14 00:42:54
	get_timezone_aware_graphs() rm date: 2018-12-14 07:54:29 > 2018-12-14 00:42:54
	get_timezone_aware_graphs() rm date: 2018-12-14 08:04:04 > 2018-12-14 00:42:54
	get_timezone_aware_graphs() rm date: 2018-12-14 08:14:10 > 2018-12-14 00:42:54
	get_timezone_aware_graphs() rm date: 2018-12-14 08:24:32 > 2018-12-14 00:42:54
	get_timezone_aware_graphs() rm date: 2018-12-14 08:34:14 > 2018-12-14 00:42:54
	get_timezone_aware_graphs() rm date: 2018-12-14 08:44:16 > 2018-12-14 00:42:54
	get_timezone_aware_graphs() rm date: 2018-12-14 08:54:19 > 2018-12-14 00:42:54
	get_timezone_aware_graphs() rm date: 2018-12-14 09:03:41 > 2018-12-14 00:42:54
	get_timezone_aware_graphs() rm date: 2018-12-14 09:14:21 > 2018-12-14 00:42:54
	get_timezone_aware_graphs() rm date: 2018-12-14 09:23:43 > 2018-12-14 00:42:54
	get_timezone_aware_graphs() rm date: 2018-12-14 09:34:37 > 2018-12-14 00:42:54
	get_timezone_aware_graphs() rm date: 2018-12-14 09:43:35 > 2018-12-14 00:42:54
	get_timezone_aware_graphs() rm date: 2018-12-14 09:54:16 > 2018-12-14 00:42:54
	get_timezone_aware_graphs() rm date: 2018-12-14 10:04:34 > 2018-12-14 00:42:54
	get_timezone_aware_graphs() rm date: 2018-12-14 10:13:39 > 2018-12-14 00:42:54
	get_timezone_aware_graphs() rm date: 2018-12-14 10:24:48 > 2018-12-14 00:42:54
	get_timezone_aware_graphs() rm date: 2018-12-14 10:33:55 > 2018-12-14 00:42:54
	get_timezone_aware_graphs() rm date: 2018-12-14 10:44:37 > 2018-12-14 00:42:54
	get_timezone_aware_graphs() rm date: 2018-12-14 10:54:58 > 2018-12-14 00:42:54
	get_timezone_aware_graphs() rm date: 2018-12-14 11:04:05 > 2018-12-14 00:42:54
	get_timezone_aware_graphs() rm date: 2018-12-14 11:14:33 > 2018-12-14 00:42:54
	get_timezone_aware_graphs() rm date: 2018-12-14 11:25:05 > 2018-12-14 00:42:54
	get_timezone_aware_graphs() rm date: 2018-12-14 11:34:46 > 2018-12-14 00:42:54
	get_timezone_aware_graphs() rm date: 2018-12-14 11:44:41 > 2018-12-14 00:42:54
	get_timezone_aware_graphs() rm date: 2018-12-14 11:54:59 > 2018-12-14 00:42:54
	get_timezone_aware_graphs() rm date: 2018-12-14 12:04:05 > 2018-12-14 00:42:54
	get_timezone_aware_graphs() rm date: 2018-12-14 12:14:57 > 2018-12-14 00:42:54
	get_timezone_aware_graphs() rm date: 2018-12-14 12:25:11 > 2018-12-14 00:42:54
	get_timezone_aware_graphs() rm date: 2018-12-14 12:33:51 > 2018-12-14 00:42:54
	get_timezone_aware_graphs() rm date: 2018-12-14 12:44:49 > 2018-12-14 00:42:54
	get_timezone_aware_graphs() rm date: 2018-12-14 12:54:06 > 2018-12-14 00:42:54
	get_timezone_aware_graphs() rm date: 2018-12-14 13:04:34 > 2018-12-14 00:42:54
	get_timezone_aware_graphs() rm date: 2018-12-14 13:14:50 > 2018-12-14 00:42:54
	get_timezone_aware_graphs() rm date: 2018-12-14 13:24:09 > 2018-12-14 00:42:54
	get_timezone_aware_graphs() rm date: 2018-12-14 13:35:02 > 2018-12-14 00:42:54
	get_timezone_aware_graphs() rm date: 2018-12-14 13:44:15 > 2018-12-14 00:42:54
	get_timezone_aware_graphs() rm date: 2018-12-14 13:55:00 > 2018-12-14 00:42:54
	get_timezone_aware_graphs() rm date: 2018-12-14 14:04:11 > 2018-12-14 00:42:54
	get_timezone_aware_graphs() rm date: 2018-12-14 14:14:43 > 2018-12-14 00:42:54
	get_timezone_aware_graphs() rm date: 2018-12-14 14:24:47 > 2018-12-14 00:42:54
	get_timezone_aware_graphs() rm date: 2018-12-14 14:34:50 > 2018-12-14 00:42:54
	get_timezone_aware_graphs() rm date: 2018-12-14 14:44:16 > 2018-12-14 00:42:54
	get_timezone_aware_graphs() rm date: 2018-12-14 14:54:58 > 2018-12-14 00:42:54
	get_timezone_aware_graphs() rm date: 2018-12-14 15:04:33 > 2018-12-14 00:42:54
	get_timezone_aware_graphs() rm date: 2018-12-14 15:14:52 > 2018-12-14 00:42:54
	get_timezone_aware_graphs() rm date: 2018-12-14 15:24:43 > 2018-12-14 00:42:54
	get_timezone_aware_graphs() rm date: 2018-12-14 15:34:52 > 2018-12-14 00:42:54
	get_timezone_aware_graphs() rm date: 2018-12-14 15:44:39 > 2018-12-14 00:42:54
	get_timezone_aware_graphs() rm date: 2018-12-14 15:58:49 > 2018-12-14 00:42:54
	get_timezone_aware_graphs() rm date: 2018-12-14 16:05:51 > 2018-12-14 00:42:54
	get_timezone_aware_graphs() rm date: 2018-12-14 16:15:58 > 2018-12-14 00:42:54
	get_timezone_aware_graphs() rm date: 2018-12-14 16:24:49 > 2018-12-14 00:42:54
	get_timezone_aware_graphs() rm date: 2018-12-14 16:35:05 > 2018-12-14 00:42:54
	get_timezone_aware_graphs() rm date: 2018-12-14 16:44:23 > 2018-12-14 00:42:54
	get_timezone_aware_graphs() rm date: 2018-12-14 16:55:06 > 2018-12-14 00:42:54
	get_timezone_aware_graphs() rm date: 2018-12-14 17:04:52 > 2018-12-14 00:42:54
	get_timezone_aware_graphs() rm date: 2018-12-14 17:14:48 > 2018-12-14 00:42:54
	get_timezone_aware_graphs() rm date: 2018-12-14 17:25:15 > 2018-12-14 00:42:54
	get_timezone_aware_graphs() rm date: 2018-12-14 17:34:27 > 2018-12-14 00:42:54
	get_timezone_aware_graphs() rm date: 2018-12-14 17:45:20 > 2018-12-14 00:42:54
	get_timezone_aware_graphs() rm date: 2018-12-14 17:54:46 > 2018-12-14 00:42:54
	get_timezone_aware_graphs() rm date: 2018-12-14 18:05:04 > 2018-12-14 00:42:54
	get_timezone_aware_graphs() rm date: 2018-12-14 18:14:37 > 2018-12-14 00:42:54
	get_timezone_aware_graphs() rm date: 2018-12-14 18:25:24 > 2018-12-14 00:42:54
	get_timezone_aware_graphs() rm date: 2018-12-14 18:34:49 > 2018-12-14 00:42:54
	get_timezone_aware_graphs() rm date: 2018-12-14 18:45:24 > 2018-12-14 00:42:54
	get_timezone_aware_graphs() rm date: 2018-12-14 18:54:43 > 2018-12-14 00:42:54
	get_timezone_aware_graphs() rm date: 2018-12-14 19:05:24 > 2018-12-14 00:42:54
	get_timezone_aware_graphs() rm date: 2018-12-14 19:15:36 > 2018-12-14 00:42:54
	get_timezone_aware_graphs() rm date: 2018-12-14 19:24:38 > 2018-12-14 00:42:54
	get_timezone_aware_graphs() rm date: 2018-12-14 19:34:56 > 2018-12-14 00:42:54
	get_timezone_aware_graphs() rm date: 2018-12-14 19:45:42 > 2018-12-14 00:42:54
	get_timezone_aware_graphs() rm date: 2018-12-14 19:55:00 > 2018-12-14 00:42:54
	get_timezone_aware_graphs() rm date: 2018-12-14 20:05:24 > 2018-12-14 00:42:54
	get_timezone_aware_graphs() rm date: 2018-12-14 20:15:01 > 2018-12-14 00:42:54
	get_timezone_aware_graphs() rm date: 2018-12-14 20:25:09 > 2018-12-14 00:42:54
	get_timezone_aware_graphs() rm date: 2018-12-14 20:35:21 > 2018-12-14 00:42:54
	get_timezone_aware_graphs() rm date: 2018-12-14 20:44:51 > 2018-12-14 00:42:54
	get_timezone_aware_graphs() rm date: 2018-12-14 20:54:55 > 2018-12-14 00:42:54
	get_timezone_aware_graphs() rm date: 2018-12-14 21:05:19 > 2018-12-14 00:42:54
	get_timezone_aware_graphs() rm date: 2018-12-14 21:14:40 > 2018-12-14 00:42:54
	get_timezone_aware_graphs() rm date: 2018-12-14 21:25:21 > 2018-12-14 00:42:54
	get_timezone_aware_graphs() rm date: 2018-12-14 21:34:44 > 2018-12-14 00:42:54
	get_timezone_aware_graphs() rm date: 2018-12-14 21:45:25 > 2018-12-14 00:42:54
	get_timezone_aware_graphs() rm date: 2018-12-14 21:54:37 > 2018-12-14 00:42:54
	get_timezone_aware_graphs() rm date: 2018-12-14 22:05:23 > 2018-12-14 00:42:54
	get_timezone_aware_graphs() rm date: 2018-12-14 22:15:20 > 2018-12-14 00:42:54
	get_timezone_aware_graphs() rm date: 2018-12-14 22:24:36 > 2018-12-14 00:42:54
	get_timezone_aware_graphs() rm date: 2018-12-14 22:35:21 > 2018-12-14 00:42:54
	get_timezone_aware_graphs() rm date: 2018-12-14 22:44:51 > 2018-12-14 00:42:54
	get_timezone_aware_graphs() rm date: 2018-12-14 22:55:16 > 2018-12-14 00:42:54
	get_timezone_aware_graphs() rm date: 2018-12-14 23:05:25 > 2018-12-14 00:42:54
	get_timezone_aware_graphs() rm date: 2018-12-14 23:15:20 > 2018-12-14 00:42:54
	get_timezone_aware_graphs() rm date: 2018-12-14 23:25:19 > 2018-12-14 00:42:54
	get_timezone_aware_graphs() rm date: 2018-12-14 23:35:28 > 2018-12-14 00:42:54
	get_timezone_aware_graphs() rm date: 2018-12-14 23:45:49 > 2018-12-14 00:42:54
	get_timezone_aware_graphs() rm date: 2018-12-14 23:55:09 > 2018-12-14 00:42:54

Day: YYYY-MM-DD, clustered 148 graphs with similar links into 12 initial subgraph clusters

Day: YYYY-MM-DD, graphs with similar links were clustered into 12 initial subgraphs clusters
Attempting to further cluster 12 initial subgraph clusters based on similar sumgrams
	sumgram for pair: 1 of 66 (12 Comb. 2), ov: 0.0
	sumgram for pair: 2 of 66 (12 Comb. 2), ov: 0.0
	sumgram for pair: 3 of 66 (12 Comb. 2), ov: 0.0
	sumgram for pair: 4 of 66 (12 Comb. 2), ov: 0.0
	sumgram for pair: 5 of 66 (12 Comb. 2), ov: 0.0
	sumgram for pair: 6 of 66 (12 Comb. 2), ov: 0.0
	sumgram for pair: 7 of 66 (12 Comb. 2), ov: 0.0
	sumgram for pair: 8 of 66 (12 Comb. 2), ov: 0.0
	sumgram for pair: 9 of 66 (12 Comb. 2), ov: 0.0
	sumgram for pair: 10 of 66 (12 Comb. 2), ov: 0.0
	sumgram for pair: 11 of 66 (12 Comb. 2), ov: 0.0
	sumgram for pair: 12 of 66 (12 Comb. 2), ov: 0.1
	sumgram for pair: 13 of 66 (12 Comb. 2), ov: 0.17
	sumgram for pair: 14 of 66 (12 Comb. 2), ov: 0.1
	sumgram for pair: 15 of 66 (12 Comb. 2), ov: 0.0
	sumgram for pair: 16 of 66 (12 Comb. 2), ov: 0.0
	sumgram for pair: 17 of 66 (12 Comb. 2), ov: 0.0
	sumgram for pair: 18 of 66 (12 Comb. 2), ov: 0.0
	sumgram for pair: 19 of 66 (12 Comb. 2), ov: 0.0
	sumgram for pair: 20 of 66 (12 Comb. 2), ov: 0.0
	sumgram for pair: 21 of 66 (12 Comb. 2), ov: 0.0
	sumgram for pair: 22 of 66 (12 Comb. 2), ov: 0.17
	sumgram for pair: 23 of 66 (12 Comb. 2), ov: 0.1
	sumgram for pair: 24 of 66 (12 Comb. 2), ov: 0.0
	sumgram for pair: 25 of 66 (12 Comb. 2), ov: 0.0
	sumgram for pair: 26 of 66 (12 Comb. 2), ov: 0.0
	sumgram for pair: 27 of 66 (12 Comb. 2), ov: 0.0
	sumgram for pair: 28 of 66 (12 Comb. 2), ov: 0.0
	sumgram for pair: 29 of 66 (12 Comb. 2), ov: 0.0
	sumgram for pair: 30 of 66 (12 Comb. 2), ov: 0.0
	sumgram for pair: 31 of 66 (12 Comb. 2), ov: 0.17
	sumgram for pair: 32 of 66 (12 Comb. 2), ov: 0.0
	sumgram for pair: 33 of 66 (12 Comb. 2), ov: 0.0
	sumgram for pair: 34 of 66 (12 Comb. 2), ov: 0.0
	sumgram for pair: 35 of 66 (12 Comb. 2), ov: 0.0
	sumgram for pair: 36 of 66 (12 Comb. 2), ov: 0.0
	sumgram for pair: 37 of 66 (12 Comb. 2), ov: 0.0
	sumgram for pair: 38 of 66 (12 Comb. 2), ov: 0.0
	sumgram for pair: 39 of 66 (12 Comb. 2), ov: 0.0
	sumgram for pair: 40 of 66 (12 Comb. 2), ov: 0.1
	sumgram for pair: 41 of 66 (12 Comb. 2), ov: 0.0
	sumgram for pair: 42 of 66 (12 Comb. 2), ov: 0.0
	sumgram for pair: 43 of 66 (12 Comb. 2), ov: 0.0
	sumgram for pair: 44 of 66 (12 Comb. 2), ov: 0.0
	sumgram for pair: 45 of 66 (12 Comb. 2), ov: 0.0
	sumgram for pair: 46 of 66 (12 Comb. 2), ov: 0.1
	sumgram for pair: 47 of 66 (12 Comb. 2), ov: 0.2
	sumgram for pair: 48 of 66 (12 Comb. 2), ov: 0.0
	sumgram for pair: 49 of 66 (12 Comb. 2), ov: 0.0
	sumgram for pair: 50 of 66 (12 Comb. 2), ov: 0.0
	sumgram for pair: 51 of 66 (12 Comb. 2), ov: 0.0
	sumgram for pair: 52 of 66 (12 Comb. 2), ov: 0.0
	sumgram for pair: 53 of 66 (12 Comb. 2), ov: 0.0
	sumgram for pair: 54 of 66 (12 Comb. 2), ov: 0.0
	sumgram for pair: 55 of 66 (12 Comb. 2), ov: 0.0
	sumgram for pair: 56 of 66 (12 Comb. 2), ov: 0.1
	sumgram for pair: 57 of 66 (12 Comb. 2), ov: 0.0
	sumgram for pair: 58 of 66 (12 Comb. 2), ov: 0.0
	sumgram for pair: 59 of 66 (12 Comb. 2), ov: 0.0
	sumgram for pair: 60 of 66 (12 Comb. 2), ov: 0.0
	sumgram for pair: 61 of 66 (12 Comb. 2), ov: 0.0
	sumgram for pair: 62 of 66 (12 Comb. 2), ov: 1.0
	sumgram for pair: 63 of 66 (12 Comb. 2), ov: 0.0
	sumgram for pair: 64 of 66 (12 Comb. 2), ov: 0.0
	sumgram for pair: 65 of 66 (12 Comb. 2), ov: 0.0
	sumgram for pair: 66 of 66 (12 Comb. 2), ov: 0.0
Initial subgraphs: [{8, 10}]
Singletons: [0, 1, 2, 3, 4, 5, 6, 7, 9, 11]
Subgraphs post adding singletons: [{8, 10}, {0}, {1}, {2}, {3}, {4}, {5}, {6}, {7}, {9}, {11}]
Clustered 12 initial subgraph clusters into 11 subgraph clusters
	dumpJsonToFile(), wrote: ./sgbot_4/tmp/multi-day-clust.json

RANKED LIST OF STORIES

date: YYYY-MM-DD, 11 (--maxstory-count=11) stories


1/11, max_node_title: Trump’s falsehoods on hush-money payments are ‘coming home to roost’ - The Washington Post (max_node_title repeated 22 of 31 graphs)
Maxgraph link: https://web.archive.org/storygraph/graphs/usa/#cursor=11&hist=144&t=2018-12-14T01:52:31
From: 2018-12-14T00:33:32Z to 2018-12-14T05:33:04Z (4hrs 59min 32 sec), maxgraph max CC avg. deg: 6.92
Maxgraph max CC max_node_title: Trump’s falsehoods on hush-money payments are ‘coming home to roost’ - The Washington Post
Clusterer: sgdata.same_day_seq_cluster_by_common_links
Pulse: .............................................................................●●●●●●●●●●●●●●●●●●●●●●●●●●●●●●●........................................

2/11, max_node_title: Senate Votes to Limit War Powers in Yemen, Angered by Saudi Killing of Journalist - The New York Times (max_node_title repeated 15 of 27 graphs)
Maxgraph link: https://web.archive.org/storygraph/graphs/usa/#cursor=133&hist=144&t=2018-12-13T22:13:00
From: 2018-12-13T19:52:37Z to 2018-12-14T00:22:47Z (4hrs 30min 10 sec), maxgraph max CC avg. deg: 6.2
Maxgraph max CC max_node_title: Senate Votes to Limit War Powers in Yemen, Angered by Saudi Killing of Journalist - The New York Times
Clusterer: sgdata.same_day_non_seq_cluster_by_title_sumgrams
Pulse: ..........................................................................⁜⁜⁜..........................................⁜⁜⁜⁜⁜⁜⁜⁜⁜⁜⁜⁜⁜⁜⁜⁜⁜⁜⁜⁜⁜.⁜⁜⁜....

3/11, max_node_title: Russian Spy Maria Butina Pleads Guilty To Conspiracy Against The United States | HuffPost (max_node_title repeated 5 of 13 graphs)
Maxgraph link: https://web.archive.org/storygraph/graphs/usa/#cursor=113&hist=144&t=2018-12-13T18:53:16
From: 2018-12-13T17:42:58Z to 2018-12-13T19:42:15Z (1hrs 59min 17 sec), maxgraph max CC avg. deg: 5.56
Maxgraph max CC max_node_title: Russian Spy Maria Butina Pleads Guilty To Conspiracy Against The United States | HuffPost
Clusterer: sgdata.same_day_seq_cluster_by_common_links
Pulse: ..........................................................................................................⚂⚂⚂⚂⚂⚂⚂⚂⚂⚂⚂⚂⚂.............................

4/11, max_node_title: Alleged Russian Spy Maria Butina Pleads Guilty To Conspiracy | The Daily Caller (max_node_title repeated 3 of 4 graphs)
Maxgraph link: https://web.archive.org/storygraph/graphs/usa/#cursor=104&hist=144&t=2018-12-13T17:23:33
From: 2018-12-13T17:05:14Z to 2018-12-13T17:33:46Z (0hrs 28min 31 sec), maxgraph max CC avg. deg: 5.09
Maxgraph max CC max_node_title: Alleged Russian Spy Maria Butina Pleads Guilty To Conspiracy | The Daily Caller
Clusterer: sgdata.same_day_seq_cluster_by_common_links
Pulse: ......................................................................................................ᛥᛥᛥᛥ..........................................

5/11, max_node_title: How the National Enquirer broke up with President Trump - CNN (max_node_title repeated 11 of 51 graphs)
Maxgraph link: https://web.archive.org/storygraph/graphs/usa/#cursor=92&hist=144&t=2018-12-13T15:23:13
From: 2018-12-13T08:32:00Z to 2018-12-13T16:54:16Z (8hrs 22min 16 sec), maxgraph max CC avg. deg: 4.16
Maxgraph max CC max_node_title: The Daily 202: Six key quotes from Michael Cohen’s sentencing — and why his ‘dirty deeds’ matter - The Washington Post
Clusterer: sgdata.same_day_seq_cluster_by_common_links
Pulse: ...................................................⊛⊛⊛⊛⊛⊛⊛⊛⊛⊛⊛⊛⊛⊛⊛⊛⊛⊛⊛⊛⊛⊛⊛⊛⊛⊛⊛⊛⊛⊛⊛⊛⊛⊛⊛⊛⊛⊛⊛⊛⊛⊛⊛⊛⊛⊛⊛⊛⊛⊛⊛..............................................

6/11, max_node_title: Federal prosecutors are investigating Trump inauguration spending (max_node_title repeated 1 of 1 graphs)
Maxgraph link: https://web.archive.org/storygraph/graphs/usa/#cursor=140&hist=144&t=2018-12-13T23:22:42
From: 2018-12-13T23:22:42Z to 2018-12-13T23:22:42Z (0hrs 00min 00 sec), maxgraph max CC avg. deg: 4.0
Maxgraph max CC max_node_title: Federal prosecutors are investigating Trump inauguration spending
Clusterer: sgdata.same_day_seq_cluster_by_common_links
Pulse: ............................................................................................................................................6.......

7/11, max_node_title: Millennial congresswoman: I'm 'seriously considering' running in 2020 (max_node_title repeated 1 of 1 graphs)
Maxgraph link: https://web.archive.org/storygraph/graphs/usa/#cursor=30&hist=144&t=2018-12-13T05:00:56
From: 2018-12-13T05:00:56Z to 2018-12-13T05:00:56Z (0hrs 00min 00 sec), maxgraph max CC avg. deg: 3.67
Maxgraph max CC max_node_title: Millennial congresswoman: I'm 'seriously considering' running in 2020
Clusterer: sgdata.same_day_seq_cluster_by_common_links
Pulse: ..............................7.....................................................................................................................

8/11, max_node_title: Judge Andrew Napolitano: Michael Cohen's actions 'at the direction of the president' | Fox News (max_node_title repeated 4 of 7 graphs)
Maxgraph link: https://web.archive.org/storygraph/graphs/usa/#cursor=33&hist=144&t=2018-12-13T05:31:38
From: 2018-12-13T05:31:38Z to 2018-12-13T06:30:49Z (0hrs 59min 11 sec), maxgraph max CC avg. deg: 2.5
Maxgraph max CC max_node_title: Judge Andrew Napolitano: Michael Cohen's actions 'at the direction of the president' | Fox News
Clusterer: sgdata.same_day_seq_cluster_by_common_links
Pulse: .................................8888888............................................................................................................

9/11, max_node_title: Second Canadian missing in China identified as entrepreneur behind North Korea tours | Fox News (max_node_title repeated 1 of 2 graphs)
Maxgraph link: https://web.archive.org/storygraph/graphs/usa/#cursor=31&hist=144&t=2018-12-13T05:11:30
From: 2018-12-13T05:11:30Z to 2018-12-13T05:20:45Z (0hrs 09min 15 sec), maxgraph max CC avg. deg: 2.0
Maxgraph max CC max_node_title: Second Canadian missing in China identified as entrepreneur behind North Korea tours | Fox News
Clusterer: sgdata.same_day_seq_cluster_by_common_links
Pulse: ...............................99...................................................................................................................

10/11, max_node_title: Melania Trump makes first lady history with ride in Osprey | Fox News (max_node_title repeated 8 of 10 graphs)
Maxgraph link: https://web.archive.org/storygraph/graphs/usa/#cursor=41&hist=144&t=2018-12-13T06:51:31
From: 2018-12-13T06:51:31Z to 2018-12-13T08:21:54Z (1hrs 30min 22 sec), maxgraph max CC avg. deg: 2.0
Maxgraph max CC max_node_title: Melania Trump Reveals Her Thoughts On A Potential Second Term | The Daily Caller
Clusterer: sgdata.same_day_seq_cluster_by_common_links
Pulse: .........................................**********.................................................................................................

11/11, max_node_title: Trump's 10 Terrorists: The evolution of a statistic | Fox News (max_node_title repeated 1 of 1 graphs)
Maxgraph link: https://web.archive.org/storygraph/graphs/usa/#cursor=40&hist=144&t=2018-12-13T06:41:19
From: 2018-12-13T06:41:19Z to 2018-12-13T06:41:19Z (0hrs 00min 00 sec), maxgraph max CC avg. deg: 1.75
Maxgraph max CC max_node_title: Trump's 10 Terrorists: The evolution of a statistic | Fox News
Clusterer: sgdata.same_day_seq_cluster_by_common_links
Pulse: ........................................*...........................................................................................................

All pulses: ..............................7998888888***********⊛⊛⊛⊛⊛⊛⊛⊛⊛⊛⊛⊛⊛⊛⊛⊛⊛⊛⊛⊛⊛⊛⊛⊛⊛⊛⊛⊛⊛⊛⊛⊛⊛⊛⊛⊛⊛⊛⊛⊛⊛⊛⊛⊛⊛⊛⊛⊛⊛⊛⊛ᛥᛥᛥᛥ⚂⚂⚂⚂⚂⚂⚂⚂⚂⚂⚂⚂⚂⁜⁜⁜⁜⁜⁜⁜⁜⁜⁜⁜⁜⁜⁜⁜⁜⁜⁜⁜⁜⁜6⁜⁜⁜....

