
StoryGraphToolkit, tool: maxgraph

Generating maxgraphs from 2020-12-28 01:19:44 to 2020-12-28 21:08:24
Calculating maxgraph for date: 2020-12-28
	get_timezone_aware_graphs() rm date: 2020-12-28 00:00:53 < 2020-12-28 01:19:44
	get_timezone_aware_graphs() rm date: 2020-12-28 00:10:16 < 2020-12-28 01:19:44
	get_timezone_aware_graphs() rm date: 2020-12-28 00:20:43 < 2020-12-28 01:19:44
	get_timezone_aware_graphs() rm date: 2020-12-28 00:30:13 < 2020-12-28 01:19:44
	get_timezone_aware_graphs() rm date: 2020-12-28 00:40:31 < 2020-12-28 01:19:44
	get_timezone_aware_graphs() rm date: 2020-12-28 00:49:48 < 2020-12-28 01:19:44
	get_timezone_aware_graphs() rm date: 2020-12-28 00:59:32 < 2020-12-28 01:19:44
	get_timezone_aware_graphs() rm date: 2020-12-28 01:09:19 < 2020-12-28 01:19:44
	get_timezone_aware_graphs() rm date: 2020-12-28 01:18:20 < 2020-12-28 01:19:44
	get_timezone_aware_graphs() rm date: 2020-12-28 21:11:32 > 2020-12-28 21:08:24
	get_timezone_aware_graphs() rm date: 2020-12-28 21:21:45 > 2020-12-28 21:08:24
	get_timezone_aware_graphs() rm date: 2020-12-28 21:32:04 > 2020-12-28 21:08:24
	get_timezone_aware_graphs() rm date: 2020-12-28 21:41:40 > 2020-12-28 21:08:24
	get_timezone_aware_graphs() rm date: 2020-12-28 21:52:12 > 2020-12-28 21:08:24
	get_timezone_aware_graphs() rm date: 2020-12-28 22:01:55 > 2020-12-28 21:08:24
	get_timezone_aware_graphs() rm date: 2020-12-28 22:12:25 > 2020-12-28 21:08:24
	get_timezone_aware_graphs() rm date: 2020-12-28 22:21:31 > 2020-12-28 21:08:24
	get_timezone_aware_graphs() rm date: 2020-12-28 22:31:54 > 2020-12-28 21:08:24
	get_timezone_aware_graphs() rm date: 2020-12-28 22:41:54 > 2020-12-28 21:08:24
	get_timezone_aware_graphs() rm date: 2020-12-28 22:51:44 > 2020-12-28 21:08:24
	get_timezone_aware_graphs() rm date: 2020-12-28 23:01:29 > 2020-12-28 21:08:24
	get_timezone_aware_graphs() rm date: 2020-12-28 23:11:32 > 2020-12-28 21:08:24
	get_timezone_aware_graphs() rm date: 2020-12-28 23:21:51 > 2020-12-28 21:08:24
	get_timezone_aware_graphs() rm date: 2020-12-28 23:31:39 > 2020-12-28 21:08:24
	get_timezone_aware_graphs() rm date: 2020-12-28 23:41:48 > 2020-12-28 21:08:24
	get_timezone_aware_graphs() rm date: 2020-12-28 23:51:51 > 2020-12-28 21:08:24
	download_graph_at_byteoffset() at: 2020-12-28T06:47:51.971539Z, bytes=4635738-4765527
	download_graph_at_byteoffset() at: 2020-12-28T10:08:10.517018Z, bytes=7012811-7123575
	download_graph_at_byteoffset() at: 2020-12-28T13:28:06.084031Z, bytes=9397639-9514633
	download_graph_at_byteoffset() at: 2020-12-28T16:48:31.642612Z, bytes=11766185-11874983
	download_graph_at_byteoffset() at: 2020-12-28T20:08:16.452389Z, bytes=13965452-14066768
	download_graph_at_byteoffset() at: 2020-12-28T23:28:56.212325Z, bytes=16077458-16169465
	download_graph_at_byteoffset() at: 2020-12-29T00:10:28.146188Z, bytes=0-96862

Day: 2020-12-28, clustered 118 graphs with similar links into 10 initial subgraph clusters

Day: 2020-12-28, graphs with similar links were clustered into 10 initial subgraphs clusters
Attempting to further cluster 10 initial subgraph clusters based on similar sumgrams
	sumgram for pair: 1 of 45 (10 Comb. 2), ov: 0.14
	sumgram for pair: 2 of 45 (10 Comb. 2), ov: 0.0
	sumgram for pair: 3 of 45 (10 Comb. 2), ov: 0.14
	sumgram for pair: 4 of 45 (10 Comb. 2), ov: 0.0
	sumgram for pair: 5 of 45 (10 Comb. 2), ov: 0.0
	sumgram for pair: 6 of 45 (10 Comb. 2), ov: 0.0
	sumgram for pair: 7 of 45 (10 Comb. 2), ov: 0.1
	sumgram for pair: 8 of 45 (10 Comb. 2), ov: 0.0
	sumgram for pair: 9 of 45 (10 Comb. 2), ov: 0.0
	sumgram for pair: 10 of 45 (10 Comb. 2), ov: 0.0
	sumgram for pair: 11 of 45 (10 Comb. 2), ov: 1.0
	sumgram for pair: 12 of 45 (10 Comb. 2), ov: 0.0
	sumgram for pair: 13 of 45 (10 Comb. 2), ov: 0.0
	sumgram for pair: 14 of 45 (10 Comb. 2), ov: 0.0
	sumgram for pair: 15 of 45 (10 Comb. 2), ov: 0.0
	sumgram for pair: 16 of 45 (10 Comb. 2), ov: 0.0
	sumgram for pair: 17 of 45 (10 Comb. 2), ov: 0.0
	sumgram for pair: 18 of 45 (10 Comb. 2), ov: 0.0
	sumgram for pair: 19 of 45 (10 Comb. 2), ov: 0.0
	sumgram for pair: 20 of 45 (10 Comb. 2), ov: 0.0
	sumgram for pair: 21 of 45 (10 Comb. 2), ov: 0.0
	sumgram for pair: 22 of 45 (10 Comb. 2), ov: 0.0
	sumgram for pair: 23 of 45 (10 Comb. 2), ov: 0.0
	sumgram for pair: 24 of 45 (10 Comb. 2), ov: 0.0
	sumgram for pair: 25 of 45 (10 Comb. 2), ov: 0.0
	sumgram for pair: 26 of 45 (10 Comb. 2), ov: 0.0
	sumgram for pair: 27 of 45 (10 Comb. 2), ov: 0.0
	sumgram for pair: 28 of 45 (10 Comb. 2), ov: 0.0
	sumgram for pair: 29 of 45 (10 Comb. 2), ov: 0.0
	sumgram for pair: 30 of 45 (10 Comb. 2), ov: 0.0
	sumgram for pair: 31 of 45 (10 Comb. 2), ov: 0.0
	sumgram for pair: 32 of 45 (10 Comb. 2), ov: 0.0
	sumgram for pair: 33 of 45 (10 Comb. 2), ov: 0.0
	sumgram for pair: 34 of 45 (10 Comb. 2), ov: 0.1
	sumgram for pair: 35 of 45 (10 Comb. 2), ov: 0.0
	sumgram for pair: 36 of 45 (10 Comb. 2), ov: 0.0
	sumgram for pair: 37 of 45 (10 Comb. 2), ov: 0.0
	sumgram for pair: 38 of 45 (10 Comb. 2), ov: 0.0
	sumgram for pair: 39 of 45 (10 Comb. 2), ov: 0.0
	sumgram for pair: 40 of 45 (10 Comb. 2), ov: 0.0
	sumgram for pair: 41 of 45 (10 Comb. 2), ov: 0.0
	sumgram for pair: 42 of 45 (10 Comb. 2), ov: 0.0
	sumgram for pair: 43 of 45 (10 Comb. 2), ov: 0.0
	sumgram for pair: 44 of 45 (10 Comb. 2), ov: 0.0
	sumgram for pair: 45 of 45 (10 Comb. 2), ov: 0.0
Initial subgraphs: [{1, 3}]
Singletons: [0, 2, 4, 5, 6, 7, 8, 9]
Subgraphs post adding singletons: [{1, 3}, {0}, {2}, {4}, {5}, {6}, {7}, {8}, {9}]
Clustered 10 initial subgraph clusters into 9 subgraph clusters
	dumpJsonToFile(), wrote: ./sgbot_16/tmp/current_storygraphdata.json

RANKED LIST OF STORIES

date: 2020-12-28, 9 (--maxstory-count=9) stories


1/9, max_node_title: House votes to increase stimulus checks to $2,000 - Vox (max_node_title repeated 10 of 19 graphs)
Maxgraph link: https://web.archive.org/storygraph/graphs/usa/#cursor=5&hist=144&t=2020-12-29T01:02:20
From: 2020-12-28T22:58:52Z to 2020-12-29T02:01:24Z (3hrs 02min 32 sec), maxgraph max CC avg. deg: 5.05
Maxgraph max CC max_node_title: House passes measure to increase stimulus checks to $2,000 - CNNPolitics
Clusterer: sgdata.same_day_seq_cluster_by_common_links
Pulse: ●●●●●●●●●●●●..........................................................................................................

2/9, max_node_title: President Trump Signs $900 Billion Covid-19 Stimulus Relief Bill (max_node_title repeated 51 of 52 graphs)
Maxgraph link: https://web.archive.org/storygraph/graphs/usa/#cursor=66&hist=144&t=2020-12-28T11:07:55
From: 2020-12-28T06:27:44Z to 2020-12-28T14:58:28Z (8hrs 30min 43 sec), maxgraph max CC avg. deg: 4.15
Maxgraph max CC max_node_title: President Trump Signs $900 Billion Covid-19 Stimulus Relief Bill
Clusterer: sgdata.same_day_seq_cluster_by_common_links
Pulse: ......................................⁜⁜⁜⁜⁜⁜⁜⁜⁜⁜⁜⁜⁜⁜⁜⁜⁜⁜⁜⁜⁜⁜⁜⁜⁜⁜⁜⁜⁜⁜⁜⁜⁜⁜⁜⁜⁜⁜⁜⁜⁜⁜⁜⁜⁜⁜⁜⁜⁜⁜⁜⁜............................

3/9, max_node_title: Biden Says Trump Is Withholding Key National Security Info From Him (max_node_title repeated 6 of 11 graphs)
Maxgraph link: https://web.archive.org/storygraph/graphs/usa/#cursor=133&hist=144&t=2020-12-28T22:18:37
From: 2020-12-28T21:08:24Z to 2020-12-28T22:48:42Z (1hrs 40min 18 sec), maxgraph max CC avg. deg: 2.8
Maxgraph max CC max_node_title: Biden Says Trump Is Withholding Key National Security Info From Him
Clusterer: sgdata.same_day_seq_cluster_by_common_links
Pulse: ......................................................................................................................

4/9, max_node_title: Advisor Says Biden Will Invoke Defense Production Act to Ramp Up Vaccine Production (max_node_title repeated 19 of 27 graphs)
Maxgraph link: https://web.archive.org/storygraph/graphs/usa/#cursor=108&hist=144&t=2020-12-28T18:08:53
From: 2020-12-28T15:38:33Z to 2020-12-28T19:58:51Z (4hrs 20min 18 sec), maxgraph max CC avg. deg: 2.67
Maxgraph max CC max_node_title: Advisor Says Biden Will Invoke Defense Production Act to Ramp Up Vaccine Production
Clusterer: sgdata.same_day_seq_cluster_by_common_links
Pulse: .............................................................................................ᛥᛥᛥᛥᛥᛥᛥᛥᛥᛥᛥᛥᛥᛥᛥᛥᛥᛥᛥᛥᛥᛥᛥᛥᛥ

5/9, max_node_title: McConnell thanks Trump for signing coronavirus relief bill | TheHill (max_node_title repeated 2 of 2 graphs)
Maxgraph link: https://web.archive.org/storygraph/graphs/usa/#cursor=92&hist=144&t=2020-12-28T15:28:56
From: 2020-12-28T15:08:36Z to 2020-12-28T15:28:56Z (0hrs 20min 19 sec), maxgraph max CC avg. deg: 2.5
Maxgraph max CC max_node_title: McConnell thanks Trump for signing coronavirus relief bill | TheHill
Clusterer: sgdata.same_day_non_seq_cluster_by_title_sumgrams
Pulse: ..........................................................................................⊛.⊛.........................

6/9, max_node_title: Trump To Sign Pandemic Stimulus As He Makes Insane Demands That Will Never Happen (max_node_title repeated 1 of 1 graphs)
Maxgraph link: https://web.archive.org/storygraph/graphs/usa/#cursor=91&hist=144&t=2020-12-28T15:18:44
From: 2020-12-28T15:18:44Z to 2020-12-28T15:18:44Z (0hrs 00min 00 sec), maxgraph max CC avg. deg: 2.33
Maxgraph max CC max_node_title: Trump To Sign Pandemic Stimulus As He Makes Insane Demands That Will Never Happen
Clusterer: sgdata.same_day_seq_cluster_by_common_links
Pulse: ...........................................................................................6..........................

7/9, max_node_title: Georgia Senate run-offs may hinge on whether Trump remains a 'poison' for Kelly Loeffler and David Perdue in the suburbs - The Washington Post (max_node_title repeated 1 of 1 graphs)
Maxgraph link: https://web.archive.org/storygraph/graphs/usa/#cursor=121&hist=144&t=2020-12-28T20:18:48
From: 2020-12-28T20:18:48Z to 2020-12-28T20:18:48Z (0hrs 00min 00 sec), maxgraph max CC avg. deg: 1.75
Maxgraph max CC max_node_title: Georgia Senate run-offs may hinge on whether Trump remains a 'poison' for Kelly Loeffler and David Perdue in the suburbs - The Washington Post
Clusterer: sgdata.same_day_seq_cluster_by_common_links
Pulse: ......................................................................................................................

8/9, max_node_title: Doctor Defiant After Being Removed From Walter Reed For Criticizing Trump's COVID Joyride (max_node_title repeated 1 of 1 graphs)
Maxgraph link: https://web.archive.org/storygraph/graphs/usa/#cursor=120&hist=144&t=2020-12-28T20:08:16
From: 2020-12-28T20:08:16Z to 2020-12-28T20:08:16Z (0hrs 00min 00 sec), maxgraph max CC avg. deg: 1.5
Maxgraph max CC max_node_title: Doctor Defiant After Being Removed From Walter Reed For Criticizing Trump's COVID Joyride
Clusterer: sgdata.same_day_seq_cluster_by_common_links
Pulse: ......................................................................................................................

9/9, max_node_title: US coronavirus news: Covid-19 hospitalizations this past week were higher than ever. Now doctors predict another onslaught of patients - CNN (max_node_title repeated 2 of 4 graphs)
Maxgraph link: https://web.archive.org/storygraph/graphs/usa/#cursor=122&hist=144&t=2020-12-28T20:28:46
From: 2020-12-28T20:28:46Z to 2020-12-28T20:59:02Z (0hrs 30min 15 sec), maxgraph max CC avg. deg: 1.5
Maxgraph max CC max_node_title: US coronavirus news: Covid-19 hospitalizations this past week were higher than ever. Now doctors predict another onslaught of patients - CNN
Clusterer: sgdata.same_day_seq_cluster_by_common_links
Pulse: ......................................................................................................................

All pulses: ●●●●●●●●●●●●..........................⁜⁜⁜⁜⁜⁜⁜⁜⁜⁜⁜⁜⁜⁜⁜⁜⁜⁜⁜⁜⁜⁜⁜⁜⁜⁜⁜⁜⁜⁜⁜⁜⁜⁜⁜⁜⁜⁜⁜⁜⁜⁜⁜⁜⁜⁜⁜⁜⁜⁜⁜⁜⊛6⊛ᛥᛥᛥᛥᛥᛥᛥᛥᛥᛥᛥᛥᛥᛥᛥᛥᛥᛥᛥᛥᛥᛥᛥᛥᛥ

