
StoryGraphToolkit, tool: maxgraph

Generating maxgraphs from 2019-12-30 23:25:01 to 2020-12-30 00:25:01
Calculating maxgraph for date: 2019-12-30
	get_timezone_aware_graphs() rm date: 2019-12-30 00:05:23 < 2019-12-30 23:25:01
	get_timezone_aware_graphs() rm date: 2019-12-30 00:15:02 < 2019-12-30 23:25:01
	get_timezone_aware_graphs() rm date: 2019-12-30 00:25:02 < 2019-12-30 23:25:01
	get_timezone_aware_graphs() rm date: 2019-12-30 00:35:14 < 2019-12-30 23:25:01
	get_timezone_aware_graphs() rm date: 2019-12-30 00:45:27 < 2019-12-30 23:25:01
	get_timezone_aware_graphs() rm date: 2019-12-30 00:55:16 < 2019-12-30 23:25:01
	get_timezone_aware_graphs() rm date: 2019-12-30 01:05:11 < 2019-12-30 23:25:01
	get_timezone_aware_graphs() rm date: 2019-12-30 01:15:43 < 2019-12-30 23:25:01
	get_timezone_aware_graphs() rm date: 2019-12-30 01:25:38 < 2019-12-30 23:25:01
	get_timezone_aware_graphs() rm date: 2019-12-30 01:35:14 < 2019-12-30 23:25:01
	get_timezone_aware_graphs() rm date: 2019-12-30 01:45:30 < 2019-12-30 23:25:01
	get_timezone_aware_graphs() rm date: 2019-12-30 01:55:23 < 2019-12-30 23:25:01
	get_timezone_aware_graphs() rm date: 2019-12-30 02:05:14 < 2019-12-30 23:25:01
	get_timezone_aware_graphs() rm date: 2019-12-30 02:15:25 < 2019-12-30 23:25:01
	get_timezone_aware_graphs() rm date: 2019-12-30 02:25:50 < 2019-12-30 23:25:01
	get_timezone_aware_graphs() rm date: 2019-12-30 02:35:44 < 2019-12-30 23:25:01
	get_timezone_aware_graphs() rm date: 2019-12-30 02:45:12 < 2019-12-30 23:25:01
	get_timezone_aware_graphs() rm date: 2019-12-30 02:55:16 < 2019-12-30 23:25:01
	get_timezone_aware_graphs() rm date: 2019-12-30 03:05:26 < 2019-12-30 23:25:01
	get_timezone_aware_graphs() rm date: 2019-12-30 03:15:27 < 2019-12-30 23:25:01
	get_timezone_aware_graphs() rm date: 2019-12-30 03:25:05 < 2019-12-30 23:25:01
	get_timezone_aware_graphs() rm date: 2019-12-30 03:35:11 < 2019-12-30 23:25:01
	get_timezone_aware_graphs() rm date: 2019-12-30 03:45:26 < 2019-12-30 23:25:01
	get_timezone_aware_graphs() rm date: 2019-12-30 03:55:24 < 2019-12-30 23:25:01
	get_timezone_aware_graphs() rm date: 2019-12-30 04:05:46 < 2019-12-30 23:25:01
	get_timezone_aware_graphs() rm date: 2019-12-30 04:15:21 < 2019-12-30 23:25:01
	get_timezone_aware_graphs() rm date: 2019-12-30 04:25:07 < 2019-12-30 23:25:01
	get_timezone_aware_graphs() rm date: 2019-12-30 04:35:17 < 2019-12-30 23:25:01
	get_timezone_aware_graphs() rm date: 2019-12-30 04:45:01 < 2019-12-30 23:25:01
	get_timezone_aware_graphs() rm date: 2019-12-30 04:55:41 < 2019-12-30 23:25:01
	get_timezone_aware_graphs() rm date: 2019-12-30 05:04:58 < 2019-12-30 23:25:01
	get_timezone_aware_graphs() rm date: 2019-12-30 05:15:15 < 2019-12-30 23:25:01
	get_timezone_aware_graphs() rm date: 2019-12-30 05:25:09 < 2019-12-30 23:25:01
	get_timezone_aware_graphs() rm date: 2019-12-30 05:35:25 < 2019-12-30 23:25:01
	get_timezone_aware_graphs() rm date: 2019-12-30 05:45:36 < 2019-12-30 23:25:01
	get_timezone_aware_graphs() rm date: 2019-12-30 05:55:42 < 2019-12-30 23:25:01
	get_timezone_aware_graphs() rm date: 2019-12-30 06:05:28 < 2019-12-30 23:25:01
	get_timezone_aware_graphs() rm date: 2019-12-30 06:15:50 < 2019-12-30 23:25:01
	get_timezone_aware_graphs() rm date: 2019-12-30 06:25:29 < 2019-12-30 23:25:01
	get_timezone_aware_graphs() rm date: 2019-12-30 06:35:48 < 2019-12-30 23:25:01
	get_timezone_aware_graphs() rm date: 2019-12-30 06:45:40 < 2019-12-30 23:25:01
	get_timezone_aware_graphs() rm date: 2019-12-30 06:55:35 < 2019-12-30 23:25:01
	get_timezone_aware_graphs() rm date: 2019-12-30 07:05:54 < 2019-12-30 23:25:01
	get_timezone_aware_graphs() rm date: 2019-12-30 07:16:13 < 2019-12-30 23:25:01
	get_timezone_aware_graphs() rm date: 2019-12-30 07:25:43 < 2019-12-30 23:25:01
	get_timezone_aware_graphs() rm date: 2019-12-30 07:35:28 < 2019-12-30 23:25:01
	get_timezone_aware_graphs() rm date: 2019-12-30 07:46:12 < 2019-12-30 23:25:01
	get_timezone_aware_graphs() rm date: 2019-12-30 07:55:59 < 2019-12-30 23:25:01
	get_timezone_aware_graphs() rm date: 2019-12-30 08:05:38 < 2019-12-30 23:25:01
	get_timezone_aware_graphs() rm date: 2019-12-30 08:15:48 < 2019-12-30 23:25:01
	get_timezone_aware_graphs() rm date: 2019-12-30 08:25:41 < 2019-12-30 23:25:01
	get_timezone_aware_graphs() rm date: 2019-12-30 08:35:41 < 2019-12-30 23:25:01
	get_timezone_aware_graphs() rm date: 2019-12-30 08:46:49 < 2019-12-30 23:25:01
	get_timezone_aware_graphs() rm date: 2019-12-30 08:56:33 < 2019-12-30 23:25:01
	get_timezone_aware_graphs() rm date: 2019-12-30 09:05:34 < 2019-12-30 23:25:01
	get_timezone_aware_graphs() rm date: 2019-12-30 09:15:59 < 2019-12-30 23:25:01
	get_timezone_aware_graphs() rm date: 2019-12-30 09:26:08 < 2019-12-30 23:25:01
	get_timezone_aware_graphs() rm date: 2019-12-30 09:36:00 < 2019-12-30 23:25:01
	get_timezone_aware_graphs() rm date: 2019-12-30 09:46:24 < 2019-12-30 23:25:01
	get_timezone_aware_graphs() rm date: 2019-12-30 09:56:35 < 2019-12-30 23:25:01
	get_timezone_aware_graphs() rm date: 2019-12-30 10:06:14 < 2019-12-30 23:25:01
	get_timezone_aware_graphs() rm date: 2019-12-30 10:16:01 < 2019-12-30 23:25:01
	get_timezone_aware_graphs() rm date: 2019-12-30 10:26:26 < 2019-12-30 23:25:01
	get_timezone_aware_graphs() rm date: 2019-12-30 10:36:44 < 2019-12-30 23:25:01
	get_timezone_aware_graphs() rm date: 2019-12-30 10:46:23 < 2019-12-30 23:25:01
	get_timezone_aware_graphs() rm date: 2019-12-30 10:56:02 < 2019-12-30 23:25:01
	get_timezone_aware_graphs() rm date: 2019-12-30 11:05:52 < 2019-12-30 23:25:01
	get_timezone_aware_graphs() rm date: 2019-12-30 11:15:46 < 2019-12-30 23:25:01
	get_timezone_aware_graphs() rm date: 2019-12-30 11:25:53 < 2019-12-30 23:25:01
	get_timezone_aware_graphs() rm date: 2019-12-30 11:36:09 < 2019-12-30 23:25:01
	get_timezone_aware_graphs() rm date: 2019-12-30 11:46:06 < 2019-12-30 23:25:01
	get_timezone_aware_graphs() rm date: 2019-12-30 11:55:53 < 2019-12-30 23:25:01
	get_timezone_aware_graphs() rm date: 2019-12-30 12:06:02 < 2019-12-30 23:25:01
	get_timezone_aware_graphs() rm date: 2019-12-30 12:16:38 < 2019-12-30 23:25:01
	get_timezone_aware_graphs() rm date: 2019-12-30 12:26:49 < 2019-12-30 23:25:01
	get_timezone_aware_graphs() rm date: 2019-12-30 12:36:17 < 2019-12-30 23:25:01
	get_timezone_aware_graphs() rm date: 2019-12-30 12:46:29 < 2019-12-30 23:25:01
	get_timezone_aware_graphs() rm date: 2019-12-30 12:55:54 < 2019-12-30 23:25:01
	get_timezone_aware_graphs() rm date: 2019-12-30 13:06:03 < 2019-12-30 23:25:01
	get_timezone_aware_graphs() rm date: 2019-12-30 13:16:23 < 2019-12-30 23:25:01
	get_timezone_aware_graphs() rm date: 2019-12-30 13:26:22 < 2019-12-30 23:25:01
	get_timezone_aware_graphs() rm date: 2019-12-30 13:36:45 < 2019-12-30 23:25:01
	get_timezone_aware_graphs() rm date: 2019-12-30 13:46:10 < 2019-12-30 23:25:01
	get_timezone_aware_graphs() rm date: 2019-12-30 13:55:58 < 2019-12-30 23:25:01
	get_timezone_aware_graphs() rm date: 2019-12-30 14:05:48 < 2019-12-30 23:25:01
	get_timezone_aware_graphs() rm date: 2019-12-30 14:16:47 < 2019-12-30 23:25:01
	get_timezone_aware_graphs() rm date: 2019-12-30 14:27:02 < 2019-12-30 23:25:01
	get_timezone_aware_graphs() rm date: 2019-12-30 14:36:36 < 2019-12-30 23:25:01
	get_timezone_aware_graphs() rm date: 2019-12-30 14:46:22 < 2019-12-30 23:25:01
	get_timezone_aware_graphs() rm date: 2019-12-30 14:56:42 < 2019-12-30 23:25:01
	get_timezone_aware_graphs() rm date: 2019-12-30 15:06:55 < 2019-12-30 23:25:01
	get_timezone_aware_graphs() rm date: 2019-12-30 15:17:44 < 2019-12-30 23:25:01
	get_timezone_aware_graphs() rm date: 2019-12-30 15:27:11 < 2019-12-30 23:25:01
	get_timezone_aware_graphs() rm date: 2019-12-30 15:36:36 < 2019-12-30 23:25:01
	get_timezone_aware_graphs() rm date: 2019-12-30 15:47:06 < 2019-12-30 23:25:01
	get_timezone_aware_graphs() rm date: 2019-12-30 15:56:51 < 2019-12-30 23:25:01
	get_timezone_aware_graphs() rm date: 2019-12-30 16:07:17 < 2019-12-30 23:25:01
	get_timezone_aware_graphs() rm date: 2019-12-30 16:17:11 < 2019-12-30 23:25:01
	get_timezone_aware_graphs() rm date: 2019-12-30 16:26:34 < 2019-12-30 23:25:01
	get_timezone_aware_graphs() rm date: 2019-12-30 16:36:49 < 2019-12-30 23:25:01
	get_timezone_aware_graphs() rm date: 2019-12-30 16:46:44 < 2019-12-30 23:25:01
	get_timezone_aware_graphs() rm date: 2019-12-30 16:56:26 < 2019-12-30 23:25:01
	get_timezone_aware_graphs() rm date: 2019-12-30 17:06:51 < 2019-12-30 23:25:01
	get_timezone_aware_graphs() rm date: 2019-12-30 17:16:18 < 2019-12-30 23:25:01
	get_timezone_aware_graphs() rm date: 2019-12-30 17:26:33 < 2019-12-30 23:25:01
	get_timezone_aware_graphs() rm date: 2019-12-30 17:36:38 < 2019-12-30 23:25:01
	get_timezone_aware_graphs() rm date: 2019-12-30 17:46:42 < 2019-12-30 23:25:01
	get_timezone_aware_graphs() rm date: 2019-12-30 17:57:00 < 2019-12-30 23:25:01
	get_timezone_aware_graphs() rm date: 2019-12-30 18:07:11 < 2019-12-30 23:25:01
	get_timezone_aware_graphs() rm date: 2019-12-30 18:16:50 < 2019-12-30 23:25:01
	get_timezone_aware_graphs() rm date: 2019-12-30 18:27:05 < 2019-12-30 23:25:01
	get_timezone_aware_graphs() rm date: 2019-12-30 18:38:19 < 2019-12-30 23:25:01
	get_timezone_aware_graphs() rm date: 2019-12-30 18:47:49 < 2019-12-30 23:25:01
	get_timezone_aware_graphs() rm date: 2019-12-30 18:57:52 < 2019-12-30 23:25:01
	get_timezone_aware_graphs() rm date: 2019-12-30 19:07:26 < 2019-12-30 23:25:01
	get_timezone_aware_graphs() rm date: 2019-12-30 19:17:15 < 2019-12-30 23:25:01
	get_timezone_aware_graphs() rm date: 2019-12-30 19:27:27 < 2019-12-30 23:25:01
	get_timezone_aware_graphs() rm date: 2019-12-30 19:37:29 < 2019-12-30 23:25:01
	get_timezone_aware_graphs() rm date: 2019-12-30 19:47:13 < 2019-12-30 23:25:01
	get_timezone_aware_graphs() rm date: 2019-12-30 19:57:56 < 2019-12-30 23:25:01
	get_timezone_aware_graphs() rm date: 2019-12-30 20:08:03 < 2019-12-30 23:25:01
	get_timezone_aware_graphs() rm date: 2019-12-30 20:16:56 < 2019-12-30 23:25:01
	get_timezone_aware_graphs() rm date: 2019-12-30 20:27:39 < 2019-12-30 23:25:01
	get_timezone_aware_graphs() rm date: 2019-12-30 20:38:14 < 2019-12-30 23:25:01
	get_timezone_aware_graphs() rm date: 2019-12-30 20:47:42 < 2019-12-30 23:25:01
	get_timezone_aware_graphs() rm date: 2019-12-30 20:59:10 < 2019-12-30 23:25:01
	get_timezone_aware_graphs() rm date: 2019-12-30 21:08:25 < 2019-12-30 23:25:01
	get_timezone_aware_graphs() rm date: 2019-12-30 21:17:45 < 2019-12-30 23:25:01
	get_timezone_aware_graphs() rm date: 2019-12-30 21:28:49 < 2019-12-30 23:25:01
	get_timezone_aware_graphs() rm date: 2019-12-30 21:38:29 < 2019-12-30 23:25:01
	get_timezone_aware_graphs() rm date: 2019-12-30 21:46:57 < 2019-12-30 23:25:01
	get_timezone_aware_graphs() rm date: 2019-12-30 21:56:51 < 2019-12-30 23:25:01
	get_timezone_aware_graphs() rm date: 2019-12-30 22:06:40 < 2019-12-30 23:25:01
	get_timezone_aware_graphs() rm date: 2019-12-30 22:16:57 < 2019-12-30 23:25:01
	get_timezone_aware_graphs() rm date: 2019-12-30 22:26:46 < 2019-12-30 23:25:01
	get_timezone_aware_graphs() rm date: 2019-12-30 22:37:00 < 2019-12-30 23:25:01
	get_timezone_aware_graphs() rm date: 2019-12-30 22:46:41 < 2019-12-30 23:25:01
	get_timezone_aware_graphs() rm date: 2019-12-30 22:57:08 < 2019-12-30 23:25:01
	get_timezone_aware_graphs() rm date: 2019-12-30 23:06:29 < 2019-12-30 23:25:01
	get_timezone_aware_graphs() rm date: 2019-12-30 23:16:59 < 2019-12-30 23:25:01
Calculating maxgraph for date: 2019-12-31
	download_graph_at_byteoffset() at: 2019-12-31T06:47:07.255928Z, bytes=6640177-6820754
	download_graph_at_byteoffset() at: 2019-12-31T10:07:37.211346Z, bytes=10081645-10239808
	download_graph_at_byteoffset() at: 2019-12-31T13:27:17.587309Z, bytes=13507361-13674447
	download_graph_at_byteoffset() at: 2019-12-31T16:48:21.476033Z, bytes=16981072-17146936
	download_graph_at_byteoffset() at: 2019-12-31T20:08:02.520869Z, bytes=20393771-20554862
	download_graph_at_byteoffset() at: 2020-01-01T00:09:12.675611Z, bytes=0-171247
	download_graph_at_byteoffset() at: 2019-12-31T23:28:45.909640Z, bytes=23744115-23915413
	download_graph_at_byteoffset() at: 2020-01-01T03:29:41.257906Z, bytes=3385027-3556101
Calculating maxgraph for date: 2020-01-01
	download_graph_at_byteoffset() at: 2020-01-01T06:49:59.525953Z, bytes=6988673-7169777
	download_graph_at_byteoffset() at: 2020-01-01T10:10:09.722897Z, bytes=10569483-10745986
	download_graph_at_byteoffset() at: 2020-01-01T13:30:54.723929Z, bytes=14038856-14209213
	download_graph_at_byteoffset() at: 2020-01-01T16:50:20.544985Z, bytes=17445669-17620683
	download_graph_at_byteoffset() at: 2020-01-01T20:10:47.014211Z, bytes=20772670-20937818
	download_graph_at_byteoffset() at: 2020-01-02T00:01:04.069973Z, bytes=0-159516
	download_graph_at_byteoffset() at: 2020-01-01T23:30:44.072859Z, bytes=23960262-24128623
	download_graph_at_byteoffset() at: 2020-01-02T03:21:06.825100Z, bytes=3334013-3510402
Calculating maxgraph for date: 2020-01-02
	download_graph_at_byteoffset() at: 2020-01-02T06:41:23.447763Z, bytes=7062297-7259358
	download_graph_at_byteoffset() at: 2020-01-02T10:03:25.645953Z, bytes=10808986-10984876
	download_graph_at_byteoffset() at: 2020-01-02T13:23:13.824712Z, bytes=14565119-14762296
	download_graph_at_byteoffset() at: 2020-01-02T16:45:02.568337Z, bytes=17882270-18029550
	download_graph_at_byteoffset() at: 2020-01-02T20:03:44.998883Z, bytes=20740226-20878147
	download_graph_at_byteoffset() at: 2020-01-03T00:03:38.687857Z, bytes=0-144427
	download_graph_at_byteoffset() at: 2020-01-02T23:24:00.517252Z, bytes=23647918-23789794
	download_graph_at_byteoffset() at: 2020-01-03T03:23:39.445683Z, bytes=2892180-3035773
Calculating maxgraph for date: 2020-01-03
	download_graph_at_byteoffset() at: 2020-01-03T06:43:29.357893Z, bytes=5916249-6070338
	download_graph_at_byteoffset() at: 2020-01-03T10:03:49.894216Z, bytes=9101908-9264849
	download_graph_at_byteoffset() at: 2020-01-03T13:24:33.876384Z, bytes=12319591-12481912
	download_graph_at_byteoffset() at: 2020-01-03T16:45:15.136671Z, bytes=15877750-16057049
	download_graph_at_byteoffset() at: 2020-01-03T20:05:14.527938Z, bytes=19261684-19438881
	download_graph_at_byteoffset() at: 2020-01-04T00:05:24.803731Z, bytes=0-155696
	download_graph_at_byteoffset() at: 2020-01-03T23:25:26.209566Z, bytes=22840525-23017246
	download_graph_at_byteoffset() at: 2020-01-04T03:25:26.782144Z, bytes=3427922-3607989
Calculating maxgraph for date: 2020-01-04
	download_graph_at_byteoffset() at: 2020-01-04T06:46:05.494000Z, bytes=6911882-7090262
	download_graph_at_byteoffset() at: 2020-01-04T10:07:33.483242Z, bytes=10311713-10471516
	download_graph_at_byteoffset() at: 2020-01-04T13:26:04.134254Z, bytes=13494000-13648210
	download_graph_at_byteoffset() at: 2020-01-04T16:46:09.795957Z, bytes=16464673-16606919
	download_graph_at_byteoffset() at: 2020-01-04T20:06:59.357493Z, bytes=19407071-19570380
	download_graph_at_byteoffset() at: 2020-01-05T00:07:33.947231Z, bytes=0-153913
	download_graph_at_byteoffset() at: 2020-01-04T23:27:30.319783Z, bytes=22623598-22777603
	download_graph_at_byteoffset() at: 2020-01-05T03:28:01.565911Z, bytes=3139651-3301176
Calculating maxgraph for date: 2020-01-05
	download_graph_at_byteoffset() at: 2020-01-05T06:48:28.249657Z, bytes=6360155-6523582
	download_graph_at_byteoffset() at: 2020-01-05T10:08:09.431356Z, bytes=9558740-9716048
	download_graph_at_byteoffset() at: 2020-01-05T13:28:40.192102Z, bytes=12739763-12896656
	download_graph_at_byteoffset() at: 2020-01-05T16:49:05.971440Z, bytes=15811937-15949689
	download_graph_at_byteoffset() at: 2020-01-05T20:09:35.893941Z, bytes=18736049-18892479
	download_graph_at_byteoffset() at: 2020-01-06T00:09:33.941588Z, bytes=0-163396
	download_graph_at_byteoffset() at: 2020-01-05T23:29:39.100993Z, bytes=21928221-22089942
	download_graph_at_byteoffset() at: 2020-01-06T03:29:54.533387Z, bytes=3241429-3394553
Calculating maxgraph for date: 2020-01-06
	download_graph_at_byteoffset() at: 2020-01-06T06:50:26.924331Z, bytes=6211961-6363858
	download_graph_at_byteoffset() at: 2020-01-06T10:11:15.158475Z, bytes=9269953-9429287
	download_graph_at_byteoffset() at: 2020-01-06T13:31:24.630014Z, bytes=12473807-12633791
	download_graph_at_byteoffset() at: 2020-01-06T16:50:42.622917Z, bytes=15709626-15862502
	download_graph_at_byteoffset() at: 2020-01-06T20:11:34.056614Z, bytes=18866988-19015116
	download_graph_at_byteoffset() at: 2020-01-07T00:02:06.722785Z, bytes=0-167483
	download_graph_at_byteoffset() at: 2020-01-06T23:31:17.716346Z, bytes=22041963-22212388
	download_graph_at_byteoffset() at: 2020-01-07T03:21:54.166559Z, bytes=3333227-3501187
Calculating maxgraph for date: 2020-01-07
	download_graph_at_byteoffset() at: 2020-01-07T06:42:09.856454Z, bytes=6420829-6565476
	download_graph_at_byteoffset() at: 2020-01-07T10:02:45.438926Z, bytes=9683289-9864209
	download_graph_at_byteoffset() at: 2020-01-07T13:23:52.893472Z, bytes=13337468-13509187
	download_graph_at_byteoffset() at: 2020-01-07T16:44:19.631424Z, bytes=16558706-16739950
	download_graph_at_byteoffset() at: 2020-01-07T20:04:05.870544Z, bytes=19884553-20048314
	download_graph_at_byteoffset() at: 2020-01-08T00:04:10.368921Z, bytes=0-154775
	download_graph_at_byteoffset() at: 2020-01-07T23:24:06.950495Z, bytes=22927916-23081024
	download_graph_at_byteoffset() at: 2020-01-08T03:24:16.407615Z, bytes=3014508-3171553
Calculating maxgraph for date: 2020-01-08
	download_graph_at_byteoffset() at: 2020-01-08T06:44:26.856865Z, bytes=6179963-6338213
	download_graph_at_byteoffset() at: 2020-01-08T10:04:47.545973Z, bytes=9392534-9561458
	download_graph_at_byteoffset() at: 2020-01-08T13:26:10.437291Z, bytes=12746428-12915813
	download_graph_at_byteoffset() at: 2020-01-08T16:45:32.493130Z, bytes=15910515-16053334
	download_graph_at_byteoffset() at: 2020-01-08T20:05:54.198622Z, bytes=18805967-18965324
	download_graph_at_byteoffset() at: 2020-01-09T00:06:38.945618Z, bytes=0-151696
	download_graph_at_byteoffset() at: 2020-01-08T23:26:37.878286Z, bytes=21938599-22097078
	download_graph_at_byteoffset() at: 2020-01-09T03:26:48.231078Z, bytes=3320844-3501311
Calculating maxgraph for date: 2020-01-09
	download_graph_at_byteoffset() at: 2020-01-09T06:47:35.088965Z, bytes=6803223-6977328
	download_graph_at_byteoffset() at: 2020-01-09T10:06:39.167586Z, bytes=10279484-10455636
	download_graph_at_byteoffset() at: 2020-01-09T13:27:52.024916Z, bytes=13713724-13866800
	download_graph_at_byteoffset() at: 2020-01-09T16:48:16.220820Z, bytes=16957273-17131277
	download_graph_at_byteoffset() at: 2020-01-09T20:08:20.544772Z, bytes=20071104-20227441
	download_graph_at_byteoffset() at: 2020-01-10T00:08:31.581173Z, bytes=0-142538
	download_graph_at_byteoffset() at: 2020-01-09T23:28:31.922926Z, bytes=22975717-23117415
	download_graph_at_byteoffset() at: 2020-01-10T03:28:32.094214Z, bytes=3010271-3173419
Calculating maxgraph for date: 2020-01-10
	download_graph_at_byteoffset() at: 2020-01-10T06:49:11.224440Z, bytes=6259540-6418537
	download_graph_at_byteoffset() at: 2020-01-10T10:09:28.765639Z, bytes=9514990-9679572
	download_graph_at_byteoffset() at: 2020-01-10T13:30:10.514128Z, bytes=12643746-12823287
	download_graph_at_byteoffset() at: 2020-01-10T16:51:20.359782Z, bytes=16053212-16193031
	download_graph_at_byteoffset() at: 2020-01-11T00:01:32.686748Z, bytes=0-162225
	download_graph_at_byteoffset() at: 2020-01-10T20:11:29.929512Z, bytes=19182476-19333746
	download_graph_at_byteoffset() at: 2020-01-10T23:30:37.598769Z, bytes=22311667-22468013
	download_graph_at_byteoffset() at: 2020-01-11T03:20:31.051002Z, bytes=3126878-3289920
Calculating maxgraph for date: 2020-01-11
	download_graph_at_byteoffset() at: 2020-01-11T06:40:42.059071Z, bytes=6313152-6470944
	download_graph_at_byteoffset() at: 2020-01-11T10:01:11.503727Z, bytes=9450635-9611090
	download_graph_at_byteoffset() at: 2020-01-11T13:21:48.753409Z, bytes=12624999-12784426
	download_graph_at_byteoffset() at: 2020-01-11T16:42:07.900202Z, bytes=15704731-15850306
	download_graph_at_byteoffset() at: 2020-01-11T20:02:04.843292Z, bytes=18620860-18783722
	download_graph_at_byteoffset() at: 2020-01-12T00:02:13.773483Z, bytes=0-159318
	download_graph_at_byteoffset() at: 2020-01-11T23:22:53.751094Z, bytes=21804171-21967904
	download_graph_at_byteoffset() at: 2020-01-12T03:22:44.319382Z, bytes=3312760-3479722
Calculating maxgraph for date: 2020-01-12
	download_graph_at_byteoffset() at: 2020-01-12T06:42:39.060989Z, bytes=6739798-6915125
	download_graph_at_byteoffset() at: 2020-01-12T10:03:45.671160Z, bytes=10261600-10437567
	download_graph_at_byteoffset() at: 2020-01-12T13:24:08.503925Z, bytes=13696505-13865667
	download_graph_at_byteoffset() at: 2020-01-12T16:44:04.733454Z, bytes=16998870-17160309
	download_graph_at_byteoffset() at: 2020-01-12T20:05:33.645561Z, bytes=20158053-20314614
	download_graph_at_byteoffset() at: 2020-01-13T00:05:02.309408Z, bytes=0-151355
	download_graph_at_byteoffset() at: 2020-01-12T23:26:53.758171Z, bytes=23271453-23427622
	download_graph_at_byteoffset() at: 2020-01-13T03:26:10.623178Z, bytes=3183451-3343326
Calculating maxgraph for date: 2020-01-13
	download_graph_at_byteoffset() at: 2020-01-13T06:45:31.709782Z, bytes=6297717-6456716
	download_graph_at_byteoffset() at: 2020-01-13T10:06:09.612746Z, bytes=9523426-9684970
	download_graph_at_byteoffset() at: 2020-01-13T13:26:25.461978Z, bytes=12854490-13011665
	download_graph_at_byteoffset() at: 2020-01-13T16:47:24.529411Z, bytes=16087468-16242670
	download_graph_at_byteoffset() at: 2020-01-13T20:06:07.639895Z, bytes=19265477-19417163
	download_graph_at_byteoffset() at: 2020-01-14T00:06:21.014420Z, bytes=0-166666
	download_graph_at_byteoffset() at: 2020-01-13T23:27:16.336455Z, bytes=22472702-22641794
	download_graph_at_byteoffset() at: 2020-01-14T03:27:08.097853Z, bytes=3499934-3674402
Calculating maxgraph for date: 2020-01-14
	download_graph_at_byteoffset() at: 2020-01-14T06:47:10.338481Z, bytes=6922108-7087898
	download_graph_at_byteoffset() at: 2020-01-14T10:07:57.967858Z, bytes=10279101-10445899
	download_graph_at_byteoffset() at: 2020-01-14T13:30:46.304229Z, bytes=13561367-13721691
	download_graph_at_byteoffset() at: 2020-01-14T16:52:07.676263Z, bytes=16787132-16957189
	download_graph_at_byteoffset() at: 2020-01-15T00:04:29.939420Z, bytes=0-162297
	download_graph_at_byteoffset() at: 2020-01-14T20:12:48.047894Z, bytes=20026092-20176714
	download_graph_at_byteoffset() at: 2020-01-14T23:32:54.119229Z, bytes=23147894-23308426
	download_graph_at_byteoffset() at: 2020-01-15T03:20:42.447885Z, bytes=3261574-3431346
Calculating maxgraph for date: 2020-01-15
	download_graph_at_byteoffset() at: 2020-01-15T06:39:32.941557Z, bytes=6855272-7033486
	download_graph_at_byteoffset() at: 2020-01-15T10:02:10.532394Z, bytes=10346867-10526851
	download_graph_at_byteoffset() at: 2020-01-15T13:23:17.925053Z, bytes=13837194-13988087
	download_graph_at_byteoffset() at: 2020-01-15T16:41:22.939398Z, bytes=17054750-17232096
	download_graph_at_byteoffset() at: 2020-01-15T20:04:46.625959Z, bytes=20134737-20282927
	download_graph_at_byteoffset() at: 2020-01-16T00:00:47.811773Z, bytes=0-163824
	download_graph_at_byteoffset() at: 2020-01-15T23:22:01.860706Z, bytes=23393434-23568651
	download_graph_at_byteoffset() at: 2020-01-16T03:20:53.730911Z, bytes=3275778-3431649
Calculating maxgraph for date: 2020-01-16
	download_graph_at_byteoffset() at: 2020-01-16T06:42:07.405204Z, bytes=6511615-6682508
	download_graph_at_byteoffset() at: 2020-01-16T10:02:32.458065Z, bytes=9915986-10086504
	download_graph_at_byteoffset() at: 2020-01-16T13:23:08.910227Z, bytes=13298654-13471551
	download_graph_at_byteoffset() at: 2020-01-16T16:43:13.889110Z, bytes=16312996-16462471
	download_graph_at_byteoffset() at: 2020-01-16T20:03:23.797191Z, bytes=19555759-19720435
	download_graph_at_byteoffset() at: 2020-01-17T00:03:45.302987Z, bytes=0-168290
	download_graph_at_byteoffset() at: 2020-01-16T23:23:30.415405Z, bytes=23000059-23172469
	download_graph_at_byteoffset() at: 2020-01-17T03:24:27.649734Z, bytes=3210955-3374711
Calculating maxgraph for date: 2020-01-17
	download_graph_at_byteoffset() at: 2020-01-17T06:43:42.292188Z, bytes=6527562-6692966
	download_graph_at_byteoffset() at: 2020-01-17T10:05:22.032627Z, bytes=9824057-9988988
	download_graph_at_byteoffset() at: 2020-01-17T13:28:37.969889Z, bytes=12980139-13126760
	download_graph_at_byteoffset() at: 2020-01-17T16:47:52.432250Z, bytes=15936454-16076171
	download_graph_at_byteoffset() at: 2020-01-17T20:04:25.825525Z, bytes=18944801-19101288
	download_graph_at_byteoffset() at: 2020-01-18T00:05:18.696713Z, bytes=0-156159
	download_graph_at_byteoffset() at: 2020-01-17T23:25:26.410846Z, bytes=22149978-22301898
	download_graph_at_byteoffset() at: 2020-01-18T03:25:12.147562Z, bytes=3336155-3495255
Calculating maxgraph for date: 2020-01-18
	download_graph_at_byteoffset() at: 2020-01-18T06:45:34.097966Z, bytes=6560969-6718742
	download_graph_at_byteoffset() at: 2020-01-18T10:05:46.929715Z, bytes=9708599-9858727
	download_graph_at_byteoffset() at: 2020-01-18T13:26:42.544752Z, bytes=13055525-13221157
	download_graph_at_byteoffset() at: 2020-01-18T16:46:56.140108Z, bytes=16230133-16385017
	download_graph_at_byteoffset() at: 2020-01-18T20:07:53.790683Z, bytes=19416015-19568131
	download_graph_at_byteoffset() at: 2020-01-19T00:07:26.955759Z, bytes=0-161133
	download_graph_at_byteoffset() at: 2020-01-18T23:26:44.577749Z, bytes=22339169-22496105
	download_graph_at_byteoffset() at: 2020-01-19T03:27:52.644640Z, bytes=3306158-3473050
Calculating maxgraph for date: 2020-01-19
	download_graph_at_byteoffset() at: 2020-01-19T06:47:48.694909Z, bytes=6632543-6803693
	download_graph_at_byteoffset() at: 2020-01-19T10:07:49.490376Z, bytes=10047957-10212107
	download_graph_at_byteoffset() at: 2020-01-19T13:28:13.062992Z, bytes=13262807-13424497
	download_graph_at_byteoffset() at: 2020-01-19T16:49:28.956288Z, bytes=16515941-16682976
	download_graph_at_byteoffset() at: 2020-01-19T20:11:09.098636Z, bytes=19808798-19959109
	download_graph_at_byteoffset() at: 2020-01-20T00:02:34.615865Z, bytes=0-139142
	download_graph_at_byteoffset() at: 2020-01-19T23:33:01.704415Z, bytes=22901415-23058206
	download_graph_at_byteoffset() at: 2020-01-20T03:21:49.261869Z, bytes=3092328-3246789
Calculating maxgraph for date: 2020-01-20
	download_graph_at_byteoffset() at: 2020-01-20T06:40:29.978613Z, bytes=6219969-6373599
	download_graph_at_byteoffset() at: 2020-01-20T10:00:49.234708Z, bytes=9298832-9459075
	download_graph_at_byteoffset() at: 2020-01-20T13:23:51.687943Z, bytes=12561205-12722273
	download_graph_at_byteoffset() at: 2020-01-20T16:44:44.041366Z, bytes=15977792-16142059
	download_graph_at_byteoffset() at: 2020-01-20T20:03:03.210167Z, bytes=19436274-19608106
	download_graph_at_byteoffset() at: 2020-01-21T00:02:54.192710Z, bytes=0-151296
	download_graph_at_byteoffset() at: 2020-01-20T23:26:27.984022Z, bytes=22706568-22861859
	download_graph_at_byteoffset() at: 2020-01-21T03:22:12.687236Z, bytes=3160195-3323598
Calculating maxgraph for date: 2020-01-21
	download_graph_at_byteoffset() at: 2020-01-21T06:42:33.816818Z, bytes=6569000-6738770
	download_graph_at_byteoffset() at: 2020-01-21T10:02:12.117482Z, bytes=9905269-10069550
	download_graph_at_byteoffset() at: 2020-01-21T13:23:21.546617Z, bytes=13300523-13462377
	download_graph_at_byteoffset() at: 2020-01-21T16:43:19.309523Z, bytes=16297624-16446385
	download_graph_at_byteoffset() at: 2020-01-21T20:03:36.322496Z, bytes=19537825-19707682
	download_graph_at_byteoffset() at: 2020-01-22T00:04:37.638425Z, bytes=0-155961
	download_graph_at_byteoffset() at: 2020-01-21T23:24:49.273350Z, bytes=22823727-22976957
	download_graph_at_byteoffset() at: 2020-01-22T03:25:38.208238Z, bytes=3363815-3528303
Calculating maxgraph for date: 2020-01-22
	download_graph_at_byteoffset() at: 2020-01-22T06:45:33.658349Z, bytes=6636890-6801349
	download_graph_at_byteoffset() at: 2020-01-22T10:05:23.346417Z, bytes=9688361-9842255
	download_graph_at_byteoffset() at: 2020-01-22T13:27:44.768059Z, bytes=12785146-12965125
	download_graph_at_byteoffset() at: 2020-01-22T16:46:37.747829Z, bytes=16003827-16164887
	download_graph_at_byteoffset() at: 2020-01-22T20:06:48.348200Z, bytes=19226125-19384548
	download_graph_at_byteoffset() at: 2020-01-23T00:06:34.832387Z, bytes=0-167305
	download_graph_at_byteoffset() at: 2020-01-22T23:27:51.072501Z, bytes=22336552-22484457
	download_graph_at_byteoffset() at: 2020-01-23T03:28:30.685946Z, bytes=3333340-3502388
Calculating maxgraph for date: 2020-01-23
	download_graph_at_byteoffset() at: 2020-01-23T06:49:05.895477Z, bytes=6783513-6955269
	download_graph_at_byteoffset() at: 2020-01-23T10:08:00.540471Z, bytes=10256535-10427224
	download_graph_at_byteoffset() at: 2020-01-23T13:30:17.864739Z, bytes=13565791-13716758
	download_graph_at_byteoffset() at: 2020-01-23T16:50:26.451994Z, bytes=16230342-16384758
	download_graph_at_byteoffset() at: 2020-01-23T20:09:10.033239Z, bytes=19239115-19385669
	download_graph_at_byteoffset() at: 2020-01-24T00:08:32.676666Z, bytes=0-156126
	download_graph_at_byteoffset() at: 2020-01-23T23:28:16.950483Z, bytes=22456068-22568518
	download_graph_at_byteoffset() at: 2020-01-24T03:27:18.274571Z, bytes=3635602-3827921
Calculating maxgraph for date: 2020-01-24
	download_graph_at_byteoffset() at: 2020-01-24T06:47:32.865374Z, bytes=7244806-7427718
	download_graph_at_byteoffset() at: 2020-01-24T10:08:04.369508Z, bytes=10891517-11071015
	download_graph_at_byteoffset() at: 2020-01-24T16:50:34.827640Z, bytes=18087945-18262680
	download_graph_at_byteoffset() at: 2020-01-24T20:10:53.743631Z, bytes=21471778-21649702
	download_graph_at_byteoffset() at: 2020-01-24T13:28:46.737284Z, bytes=14539237-14726220
	download_graph_at_byteoffset() at: 2020-01-25T00:12:14.402834Z, bytes=0-172513
	download_graph_at_byteoffset() at: 2020-01-24T23:32:01.869611Z, bytes=24794344-24959679
	download_graph_at_byteoffset() at: 2020-01-25T03:29:25.274355Z, bytes=3414010-3574942
Calculating maxgraph for date: 2020-01-25
	download_graph_at_byteoffset() at: 2020-01-25T06:48:53.991923Z, bytes=6693851-6850683
	download_graph_at_byteoffset() at: 2020-01-25T10:09:17.632584Z, bytes=9853890-10016777
	download_graph_at_byteoffset() at: 2020-01-25T13:29:41.819661Z, bytes=13154250-13323729
	download_graph_at_byteoffset() at: 2020-01-25T16:50:33.767758Z, bytes=16322210-16479007
	download_graph_at_byteoffset() at: 2020-01-26T00:03:17.119391Z, bytes=0-134093
	download_graph_at_byteoffset() at: 2020-01-25T20:13:27.375114Z, bytes=19543124-19703645
	download_graph_at_byteoffset() at: 2020-01-25T23:35:20.117772Z, bytes=22646279-22798685
	download_graph_at_byteoffset() at: 2020-01-26T03:20:44.721632Z, bytes=2980527-3130190
Calculating maxgraph for date: 2020-01-26
	download_graph_at_byteoffset() at: 2020-01-26T06:42:57.822790Z, bytes=5940073-6092699
	download_graph_at_byteoffset() at: 2020-01-26T10:01:32.492224Z, bytes=8982125-9148366
	download_graph_at_byteoffset() at: 2020-01-26T13:21:08.687431Z, bytes=12240946-12400990
	download_graph_at_byteoffset() at: 2020-01-26T16:43:41.440024Z, bytes=15456399-15607196
	download_graph_at_byteoffset() at: 2020-01-27T00:03:10.709355Z, bytes=0-142677
	download_graph_at_byteoffset() at: 2020-01-26T23:25:15.361815Z, bytes=21745135-21885779
	download_graph_at_byteoffset() at: 2020-01-26T20:03:41.060525Z, bytes=18732668-18896028
	download_graph_at_byteoffset() at: 2020-01-27T03:26:06.834658Z, bytes=2696297-2833212
Calculating maxgraph for date: 2020-01-27
	download_graph_at_byteoffset() at: 2020-01-27T06:44:35.739436Z, bytes=5592557-5734163
	download_graph_at_byteoffset() at: 2020-01-27T10:06:08.954685Z, bytes=8531337-8654796
	download_graph_at_byteoffset() at: 2020-01-27T13:25:33.892577Z, bytes=11139153-11296871
	download_graph_at_byteoffset() at: 2020-01-27T16:45:17.963930Z, bytes=14158333-14350596
	download_graph_at_byteoffset() at: 2020-01-27T20:05:31.261317Z, bytes=17665295-17831442
	download_graph_at_byteoffset() at: 2020-01-28T00:04:47.623131Z, bytes=0-169017
	download_graph_at_byteoffset() at: 2020-01-27T23:25:07.005846Z, bytes=21103583-21283990
	download_graph_at_byteoffset() at: 2020-01-28T03:25:29.226292Z, bytes=3618703-3811791
Calculating maxgraph for date: 2020-01-28
	download_graph_at_byteoffset() at: 2020-01-28T06:45:34.092631Z, bytes=7487355-7680948
	download_graph_at_byteoffset() at: 2020-01-28T10:05:42.234521Z, bytes=11206968-11389657
	download_graph_at_byteoffset() at: 2020-01-28T13:27:06.012930Z, bytes=14796764-14964627
	download_graph_at_byteoffset() at: 2020-01-28T16:47:30.713834Z, bytes=18176323-18336735
	download_graph_at_byteoffset() at: 2020-01-28T20:08:26.514150Z, bytes=21535801-21691673
	download_graph_at_byteoffset() at: 2020-01-29T00:08:11.538015Z, bytes=0-146387
	download_graph_at_byteoffset() at: 2020-01-28T23:28:44.702045Z, bytes=24810170-24960550
	download_graph_at_byteoffset() at: 2020-01-29T03:28:16.231476Z, bytes=3162557-3345255
Calculating maxgraph for date: 2020-01-29
	download_graph_at_byteoffset() at: 2020-01-29T06:48:40.070220Z, bytes=6830852-7009724
	download_graph_at_byteoffset() at: 2020-01-29T10:10:53.966875Z, bytes=10462040-10645314
	download_graph_at_byteoffset() at: 2020-01-29T13:34:07.263038Z, bytes=13987185-14153351
	download_graph_at_byteoffset() at: 2020-01-29T16:51:05.915493Z, bytes=17045187-17204845
	download_graph_at_byteoffset() at: 2020-01-29T20:12:33.658055Z, bytes=20233827-20364420
	download_graph_at_byteoffset() at: 2020-01-30T00:00:11.097235Z, bytes=0-74103
	download_graph_at_byteoffset() at: 2020-01-29T23:29:40.641498Z, bytes=23119751-23254867
	download_graph_at_byteoffset() at: 2020-01-30T03:19:35.337232Z, bytes=3162429-3345028
Calculating maxgraph for date: 2020-01-30
	download_graph_at_byteoffset() at: 2020-01-30T06:40:22.283584Z, bytes=7073696-7276144
	download_graph_at_byteoffset() at: 2020-01-30T10:00:14.166264Z, bytes=10978715-11171081
	download_graph_at_byteoffset() at: 2020-01-30T13:21:12.908948Z, bytes=14793371-14988311
	download_graph_at_byteoffset() at: 2020-01-30T16:41:53.020690Z, bytes=18317026-18483350
	download_graph_at_byteoffset() at: 2020-01-30T20:03:43.321364Z, bytes=21646391-21816040
	download_graph_at_byteoffset() at: 2020-01-31T00:04:22.180537Z, bytes=0-190708
	download_graph_at_byteoffset() at: 2020-01-30T23:22:32.462669Z, bytes=25099248-25274481
	download_graph_at_byteoffset() at: 2020-01-31T03:21:21.313125Z, bytes=3542411-3720857
Calculating maxgraph for date: 2020-01-31
	download_graph_at_byteoffset() at: 2020-01-31T06:41:34.274432Z, bytes=6923298-7074203
	download_graph_at_byteoffset() at: 2020-01-31T10:02:29.054433Z, bytes=9870174-10014632
	download_graph_at_byteoffset() at: 2020-01-31T13:21:39.717274Z, bytes=12990178-13156812
	download_graph_at_byteoffset() at: 2020-01-31T16:43:18.592048Z, bytes=16502929-16670082
	download_graph_at_byteoffset() at: 2020-01-31T20:04:04.481104Z, bytes=19996043-20175224
	download_graph_at_byteoffset() at: 2020-02-01T00:03:39.808206Z, bytes=0-168899
	download_graph_at_byteoffset() at: 2020-01-31T23:24:58.029817Z, bytes=23434668-23616369
	download_graph_at_byteoffset() at: 2020-02-01T03:23:14.308208Z, bytes=3512553-3686282
Calculating maxgraph for date: 2020-02-01
	download_graph_at_byteoffset() at: 2020-02-01T06:43:16.949890Z, bytes=7096945-7275556
	download_graph_at_byteoffset() at: 2020-02-01T10:04:01.385592Z, bytes=10636006-10816641
	download_graph_at_byteoffset() at: 2020-02-01T13:26:20.267364Z, bytes=14039756-14200361
	download_graph_at_byteoffset() at: 2020-02-01T16:46:16.639481Z, bytes=17372858-17549003
	download_graph_at_byteoffset() at: 2020-02-01T20:07:06.749010Z, bytes=20766117-20943264
	download_graph_at_byteoffset() at: 2020-02-02T00:05:15.361750Z, bytes=0-183348
	download_graph_at_byteoffset() at: 2020-02-01T23:27:54.265187Z, bytes=24154021-24308227
	download_graph_at_byteoffset() at: 2020-02-02T03:24:46.169776Z, bytes=3547918-3719304
Calculating maxgraph for date: 2020-02-02
	download_graph_at_byteoffset() at: 2020-02-02T06:45:16.352123Z, bytes=7005705-7177554
	download_graph_at_byteoffset() at: 2020-02-02T10:05:53.060147Z, bytes=10388611-10564500
	download_graph_at_byteoffset() at: 2020-02-02T13:30:07.714371Z, bytes=13862987-14029172
	download_graph_at_byteoffset() at: 2020-02-02T20:09:57.776847Z, bytes=20340100-20496551
	download_graph_at_byteoffset() at: 2020-02-02T16:49:07.079478Z, bytes=17187694-17347332
	download_graph_at_byteoffset() at: 2020-02-03T00:10:24.068085Z, bytes=0-168434
	download_graph_at_byteoffset() at: 2020-02-02T23:29:13.021123Z, bytes=23658979-23851191
	download_graph_at_byteoffset() at: 2020-02-03T03:26:42.742386Z, bytes=3278399-3431707
Calculating maxgraph for date: 2020-02-03
	download_graph_at_byteoffset() at: 2020-02-03T06:47:06.235738Z, bytes=6373468-6542118
	download_graph_at_byteoffset() at: 2020-02-03T10:08:15.076265Z, bytes=9504064-9678561
	download_graph_at_byteoffset() at: 2020-02-03T13:28:33.123135Z, bytes=12825419-13001550
	download_graph_at_byteoffset() at: 2020-02-03T16:49:05.752399Z, bytes=16154700-16307610
	download_graph_at_byteoffset() at: 2020-02-03T20:08:41.046483Z, bytes=19421990-19599048
	download_graph_at_byteoffset() at: 2020-02-04T00:08:34.379213Z, bytes=0-171718
	download_graph_at_byteoffset() at: 2020-02-03T23:29:07.003156Z, bytes=23013975-23195103
	download_graph_at_byteoffset() at: 2020-02-04T03:29:33.965215Z, bytes=3604444-3803967
Calculating maxgraph for date: 2020-02-04
	download_graph_at_byteoffset() at: 2020-02-04T06:49:40.234730Z, bytes=7182415-7340349
	download_graph_at_byteoffset() at: 2020-02-04T10:09:45.505357Z, bytes=10332609-10485487
	download_graph_at_byteoffset() at: 2020-02-04T13:31:18.361683Z, bytes=13742714-13909504
	download_graph_at_byteoffset() at: 2020-02-04T16:51:42.396073Z, bytes=16974658-17136955
	download_graph_at_byteoffset() at: 2020-02-05T00:00:31.977636Z, bytes=0-166177
	download_graph_at_byteoffset() at: 2020-02-04T20:11:16.783733Z, bytes=20157704-20335763
	download_graph_at_byteoffset() at: 2020-02-04T23:31:04.250058Z, bytes=23760593-23955590
	download_graph_at_byteoffset() at: 2020-02-05T03:21:31.823830Z, bytes=3471531-3682394
Calculating maxgraph for date: 2020-02-05
	download_graph_at_byteoffset() at: 2020-02-05T06:41:53.176988Z, bytes=7376077-7559961
	download_graph_at_byteoffset() at: 2020-02-05T10:01:25.539420Z, bytes=11043414-11221183
	download_graph_at_byteoffset() at: 2020-02-05T13:22:25.510470Z, bytes=14570174-14746933
	download_graph_at_byteoffset() at: 2020-02-05T16:43:07.824990Z, bytes=17861075-18015115
	download_graph_at_byteoffset() at: 2020-02-05T20:03:02.168628Z, bytes=21022553-21166429
	download_graph_at_byteoffset() at: 2020-02-06T00:03:24.448313Z, bytes=0-178495
	download_graph_at_byteoffset() at: 2020-02-05T23:23:17.840950Z, bytes=24223301-24403788
	download_graph_at_byteoffset() at: 2020-02-06T03:23:54.588924Z, bytes=3684550-3863348
Calculating maxgraph for date: 2020-02-06
	download_graph_at_byteoffset() at: 2020-02-06T06:43:58.978704Z, bytes=7430681-7612088
	download_graph_at_byteoffset() at: 2020-02-06T10:04:28.431958Z, bytes=10924703-11096312
	download_graph_at_byteoffset() at: 2020-02-06T13:25:27.914972Z, bytes=14538684-14716160
	download_graph_at_byteoffset() at: 2020-02-06T16:46:12.814126Z, bytes=17903341-18046839
	download_graph_at_byteoffset() at: 2020-02-06T20:04:30.534683Z, bytes=20970349-21144666
	download_graph_at_byteoffset() at: 2020-02-07T00:04:48.544444Z, bytes=0-179046
	download_graph_at_byteoffset() at: 2020-02-06T23:25:09.511776Z, bytes=24243284-24421082
	download_graph_at_byteoffset() at: 2020-02-07T03:24:58.213545Z, bytes=3582027-3766044
Calculating maxgraph for date: 2020-02-07
	download_graph_at_byteoffset() at: 2020-02-07T06:45:50.743744Z, bytes=7327518-7510571
	download_graph_at_byteoffset() at: 2020-02-07T10:05:49.389461Z, bytes=10899812-11054579
	download_graph_at_byteoffset() at: 2020-02-07T13:26:34.235181Z, bytes=13973920-14134277
	download_graph_at_byteoffset() at: 2020-02-07T16:46:38.685646Z, bytes=17216053-17384232
	download_graph_at_byteoffset() at: 2020-02-07T20:07:16.603304Z, bytes=20732915-20907991
	download_graph_at_byteoffset() at: 2020-02-07T23:27:11.480559Z, bytes=24044882-24218635
Calculating maxgraph for date: 2020-02-08
	download_graph_at_byteoffset() at: 2020-02-09T00:09:13.537733Z, bytes=0-146551
	download_graph_at_byteoffset() at: 2020-02-09T03:29:30.331122Z, bytes=2915630-3066787
Calculating maxgraph for date: 2020-02-09
	download_graph_at_byteoffset() at: 2020-02-09T06:50:19.051057Z, bytes=5857443-5998698
	download_graph_at_byteoffset() at: 2020-02-09T10:10:37.950729Z, bytes=8715523-8861457
	download_graph_at_byteoffset() at: 2020-02-09T13:30:17.680577Z, bytes=11647099-11786013
	download_graph_at_byteoffset() at: 2020-02-09T16:50:47.909032Z, bytes=14433386-14577621
	download_graph_at_byteoffset() at: 2020-02-09T20:11:09.836175Z, bytes=17306998-17446828
	download_graph_at_byteoffset() at: 2020-02-10T00:01:10.389490Z, bytes=0-134003
	download_graph_at_byteoffset() at: 2020-02-09T23:32:04.031403Z, bytes=20026152-20155219
	download_graph_at_byteoffset() at: 2020-02-10T03:22:39.603693Z, bytes=2607354-2734496
Calculating maxgraph for date: 2020-02-10
	download_graph_at_byteoffset() at: 2020-02-10T06:42:33.565185Z, bytes=5219791-5360324
	download_graph_at_byteoffset() at: 2020-02-10T10:02:33.298504Z, bytes=8060211-8204722
	download_graph_at_byteoffset() at: 2020-02-10T13:23:09.408562Z, bytes=11078802-11240870
	download_graph_at_byteoffset() at: 2020-02-10T16:43:13.654521Z, bytes=14036168-14181532
	download_graph_at_byteoffset() at: 2020-02-10T20:03:59.580793Z, bytes=16929245-17059976
	download_graph_at_byteoffset() at: 2020-02-11T00:03:52.135750Z, bytes=0-143899
	download_graph_at_byteoffset() at: 2020-02-10T23:23:21.784153Z, bytes=19818033-19965797
	download_graph_at_byteoffset() at: 2020-02-11T03:23:40.562381Z, bytes=2934383-3079087
Calculating maxgraph for date: 2020-02-11
	download_graph_at_byteoffset() at: 2020-02-11T06:44:34.167044Z, bytes=5734697-5873502
	download_graph_at_byteoffset() at: 2020-02-11T13:25:37.798746Z, bytes=11288375-11441272
	download_graph_at_byteoffset() at: 2020-02-11T10:04:52.135651Z, bytes=8476220-8614635
	download_graph_at_byteoffset() at: 2020-02-11T16:46:40.596287Z, bytes=14314904-14462026
	download_graph_at_byteoffset() at: 2020-02-11T20:07:11.012050Z, bytes=17295461-17440826
	download_graph_at_byteoffset() at: 2020-02-12T00:07:21.420542Z, bytes=0-132729
	download_graph_at_byteoffset() at: 2020-02-11T23:27:07.152527Z, bytes=19961437-20096175
	download_graph_at_byteoffset() at: 2020-02-12T03:27:22.522710Z, bytes=2937558-3090282
Calculating maxgraph for date: 2020-02-12
	download_graph_at_byteoffset() at: 2020-02-12T06:47:11.614974Z, bytes=6236933-6402222
	download_graph_at_byteoffset() at: 2020-02-12T10:07:44.753067Z, bytes=9260040-9402923
	download_graph_at_byteoffset() at: 2020-02-12T13:28:36.563670Z, bytes=12223124-12386743
	download_graph_at_byteoffset() at: 2020-02-12T16:48:42.639966Z, bytes=15059599-15192767
	download_graph_at_byteoffset() at: 2020-02-12T20:08:06.607997Z, bytes=17950810-18084646
	download_graph_at_byteoffset() at: 2020-02-13T00:08:30.437104Z, bytes=0-140283
	download_graph_at_byteoffset() at: 2020-02-12T23:28:34.221647Z, bytes=20548082-20684126
	download_graph_at_byteoffset() at: 2020-02-13T03:28:21.749716Z, bytes=2888010-3038179
Calculating maxgraph for date: 2020-02-13
	download_graph_at_byteoffset() at: 2020-02-13T06:49:20.504072Z, bytes=5747075-5895844
	download_graph_at_byteoffset() at: 2020-02-13T10:09:17.439502Z, bytes=8659156-8804776
	download_graph_at_byteoffset() at: 2020-02-13T13:30:44.267876Z, bytes=11673483-11844959
	download_graph_at_byteoffset() at: 2020-02-13T16:51:07.904977Z, bytes=14644860-14797904
	download_graph_at_byteoffset() at: 2020-02-13T20:11:15.506987Z, bytes=17333312-17463927
	download_graph_at_byteoffset() at: 2020-02-14T00:00:19.124871Z, bytes=0-135362
	download_graph_at_byteoffset() at: 2020-02-13T23:30:29.365717Z, bytes=20033302-20167261
	download_graph_at_byteoffset() at: 2020-02-14T03:19:53.686506Z, bytes=2766015-2908465
Calculating maxgraph for date: 2020-02-14
	download_graph_at_byteoffset() at: 2020-02-14T06:40:45.238770Z, bytes=5590212-5720793
	download_graph_at_byteoffset() at: 2020-02-14T13:21:51.520359Z, bytes=11042292-11210024
	download_graph_at_byteoffset() at: 2020-02-14T10:01:22.629100Z, bytes=8286778-8424286
	download_graph_at_byteoffset() at: 2020-02-14T16:42:18.589752Z, bytes=14310108-14480313
	download_graph_at_byteoffset() at: 2020-02-14T20:02:01.794319Z, bytes=17322842-17473369
	download_graph_at_byteoffset() at: 2020-02-14T23:22:23.187437Z, bytes=20258005-20387091
	download_graph_at_byteoffset() at: 2020-02-15T00:02:02.633710Z, bytes=0-129429
	download_graph_at_byteoffset() at: 2020-02-15T03:22:46.255950Z, bytes=2736595-2880680
Calculating maxgraph for date: 2020-02-15
	download_graph_at_byteoffset() at: 2020-02-15T06:42:58.680643Z, bytes=5521246-5651587
	download_graph_at_byteoffset() at: 2020-02-15T10:03:18.115233Z, bytes=8164629-8296215
	download_graph_at_byteoffset() at: 2020-02-15T16:44:38.774391Z, bytes=13662472-13809427
maxgraphs.py, 100, (<class 'ssl.SSLError'>, SSLError(1, '[SSL: KRB5_S_TKT_NYV] unexpected eof while reading (_ssl.c:2570)'), <traceback object at 0x7f130c396870>)
	download_graph_at_byteoffset() at: 2020-02-15T20:04:37.659167Z, bytes=16614797-16760063
	download_graph_at_byteoffset() at: 2020-02-15T23:24:24.233374Z, bytes=19473684-19610201
	download_graph_at_byteoffset() at: 2020-02-15T13:23:47.214708Z, bytes=10799916-10930942
	download_graph_at_byteoffset() at: 2020-02-16T00:04:19.652881Z, bytes=0-134486
	download_graph_at_byteoffset() at: 2020-02-16T03:24:38.517611Z, bytes=2777087-2916681
