
StoryGraphToolkit, tool: maxgraph

Generating maxgraphs from 2018-02-08 00:00:00 to 2018-02-08 03:24:48
Calculating maxgraph for date: 2018-02-08
	get_timezone_aware_graphs() rm date: 2018-02-08 03:25:25 > 2018-02-08 03:24:48
	get_timezone_aware_graphs() rm date: 2018-02-08 03:35:24 > 2018-02-08 03:24:48
	get_timezone_aware_graphs() rm date: 2018-02-08 03:45:23 > 2018-02-08 03:24:48
	get_timezone_aware_graphs() rm date: 2018-02-08 03:55:24 > 2018-02-08 03:24:48
	get_timezone_aware_graphs() rm date: 2018-02-08 04:05:28 > 2018-02-08 03:24:48
	get_timezone_aware_graphs() rm date: 2018-02-08 04:15:22 > 2018-02-08 03:24:48
	get_timezone_aware_graphs() rm date: 2018-02-08 04:25:30 > 2018-02-08 03:24:48
	get_timezone_aware_graphs() rm date: 2018-02-08 04:35:32 > 2018-02-08 03:24:48
	get_timezone_aware_graphs() rm date: 2018-02-08 04:45:26 > 2018-02-08 03:24:48
	get_timezone_aware_graphs() rm date: 2018-02-08 04:55:28 > 2018-02-08 03:24:48
	get_timezone_aware_graphs() rm date: 2018-02-08 05:05:32 > 2018-02-08 03:24:48
	get_timezone_aware_graphs() rm date: 2018-02-08 05:15:29 > 2018-02-08 03:24:48
	get_timezone_aware_graphs() rm date: 2018-02-08 05:25:38 > 2018-02-08 03:24:48
	get_timezone_aware_graphs() rm date: 2018-02-08 05:35:32 > 2018-02-08 03:24:48
	get_timezone_aware_graphs() rm date: 2018-02-08 05:45:38 > 2018-02-08 03:24:48
	get_timezone_aware_graphs() rm date: 2018-02-08 05:55:37 > 2018-02-08 03:24:48
	get_timezone_aware_graphs() rm date: 2018-02-08 06:05:38 > 2018-02-08 03:24:48
	get_timezone_aware_graphs() rm date: 2018-02-08 06:15:34 > 2018-02-08 03:24:48
	get_timezone_aware_graphs() rm date: 2018-02-08 06:25:41 > 2018-02-08 03:24:48
	get_timezone_aware_graphs() rm date: 2018-02-08 06:35:39 > 2018-02-08 03:24:48
	get_timezone_aware_graphs() rm date: 2018-02-08 06:45:43 > 2018-02-08 03:24:48
	get_timezone_aware_graphs() rm date: 2018-02-08 06:55:45 > 2018-02-08 03:24:48
	get_timezone_aware_graphs() rm date: 2018-02-08 07:05:33 > 2018-02-08 03:24:48
	get_timezone_aware_graphs() rm date: 2018-02-08 07:15:39 > 2018-02-08 03:24:48
	get_timezone_aware_graphs() rm date: 2018-02-08 07:25:39 > 2018-02-08 03:24:48
	get_timezone_aware_graphs() rm date: 2018-02-08 07:35:40 > 2018-02-08 03:24:48
	get_timezone_aware_graphs() rm date: 2018-02-08 07:45:43 > 2018-02-08 03:24:48
	get_timezone_aware_graphs() rm date: 2018-02-08 07:55:43 > 2018-02-08 03:24:48
	get_timezone_aware_graphs() rm date: 2018-02-08 08:05:43 > 2018-02-08 03:24:48
	get_timezone_aware_graphs() rm date: 2018-02-08 08:15:49 > 2018-02-08 03:24:48
	get_timezone_aware_graphs() rm date: 2018-02-08 08:25:46 > 2018-02-08 03:24:48
	get_timezone_aware_graphs() rm date: 2018-02-08 08:35:52 > 2018-02-08 03:24:48
	get_timezone_aware_graphs() rm date: 2018-02-08 08:45:44 > 2018-02-08 03:24:48
	get_timezone_aware_graphs() rm date: 2018-02-08 08:55:48 > 2018-02-08 03:24:48
	get_timezone_aware_graphs() rm date: 2018-02-08 09:05:51 > 2018-02-08 03:24:48
	get_timezone_aware_graphs() rm date: 2018-02-08 09:15:54 > 2018-02-08 03:24:48
	get_timezone_aware_graphs() rm date: 2018-02-08 09:25:57 > 2018-02-08 03:24:48
	get_timezone_aware_graphs() rm date: 2018-02-08 09:35:58 > 2018-02-08 03:24:48
	get_timezone_aware_graphs() rm date: 2018-02-08 09:46:10 > 2018-02-08 03:24:48
	get_timezone_aware_graphs() rm date: 2018-02-08 09:55:59 > 2018-02-08 03:24:48
	get_timezone_aware_graphs() rm date: 2018-02-08 10:05:53 > 2018-02-08 03:24:48
	get_timezone_aware_graphs() rm date: 2018-02-08 10:15:58 > 2018-02-08 03:24:48
	get_timezone_aware_graphs() rm date: 2018-02-08 10:25:55 > 2018-02-08 03:24:48
	get_timezone_aware_graphs() rm date: 2018-02-08 10:36:02 > 2018-02-08 03:24:48
	get_timezone_aware_graphs() rm date: 2018-02-08 10:46:03 > 2018-02-08 03:24:48
	get_timezone_aware_graphs() rm date: 2018-02-08 10:56:00 > 2018-02-08 03:24:48
	get_timezone_aware_graphs() rm date: 2018-02-08 11:06:01 > 2018-02-08 03:24:48
	get_timezone_aware_graphs() rm date: 2018-02-08 11:16:03 > 2018-02-08 03:24:48
	get_timezone_aware_graphs() rm date: 2018-02-08 11:26:06 > 2018-02-08 03:24:48
	get_timezone_aware_graphs() rm date: 2018-02-08 11:35:57 > 2018-02-08 03:24:48
	get_timezone_aware_graphs() rm date: 2018-02-08 11:46:02 > 2018-02-08 03:24:48
	get_timezone_aware_graphs() rm date: 2018-02-08 11:56:05 > 2018-02-08 03:24:48
	get_timezone_aware_graphs() rm date: 2018-02-08 12:06:05 > 2018-02-08 03:24:48
	get_timezone_aware_graphs() rm date: 2018-02-08 12:16:09 > 2018-02-08 03:24:48
	get_timezone_aware_graphs() rm date: 2018-02-08 12:26:07 > 2018-02-08 03:24:48
	get_timezone_aware_graphs() rm date: 2018-02-08 12:36:06 > 2018-02-08 03:24:48
	get_timezone_aware_graphs() rm date: 2018-02-08 12:46:22 > 2018-02-08 03:24:48
	get_timezone_aware_graphs() rm date: 2018-02-08 12:56:09 > 2018-02-08 03:24:48
	get_timezone_aware_graphs() rm date: 2018-02-08 13:06:21 > 2018-02-08 03:24:48
	get_timezone_aware_graphs() rm date: 2018-02-08 13:16:11 > 2018-02-08 03:24:48
	get_timezone_aware_graphs() rm date: 2018-02-08 13:26:15 > 2018-02-08 03:24:48
	get_timezone_aware_graphs() rm date: 2018-02-08 13:36:16 > 2018-02-08 03:24:48
	get_timezone_aware_graphs() rm date: 2018-02-08 13:46:20 > 2018-02-08 03:24:48
	get_timezone_aware_graphs() rm date: 2018-02-08 13:56:24 > 2018-02-08 03:24:48
	get_timezone_aware_graphs() rm date: 2018-02-08 14:06:21 > 2018-02-08 03:24:48
	get_timezone_aware_graphs() rm date: 2018-02-08 14:16:26 > 2018-02-08 03:24:48
	get_timezone_aware_graphs() rm date: 2018-02-08 14:26:22 > 2018-02-08 03:24:48
	get_timezone_aware_graphs() rm date: 2018-02-08 14:36:24 > 2018-02-08 03:24:48
	get_timezone_aware_graphs() rm date: 2018-02-08 14:46:24 > 2018-02-08 03:24:48
	get_timezone_aware_graphs() rm date: 2018-02-08 14:56:26 > 2018-02-08 03:24:48
	get_timezone_aware_graphs() rm date: 2018-02-08 15:06:24 > 2018-02-08 03:24:48
	get_timezone_aware_graphs() rm date: 2018-02-08 15:16:28 > 2018-02-08 03:24:48
	get_timezone_aware_graphs() rm date: 2018-02-08 15:26:29 > 2018-02-08 03:24:48
	get_timezone_aware_graphs() rm date: 2018-02-08 15:36:30 > 2018-02-08 03:24:48
	get_timezone_aware_graphs() rm date: 2018-02-08 15:46:31 > 2018-02-08 03:24:48
	get_timezone_aware_graphs() rm date: 2018-02-08 15:56:29 > 2018-02-08 03:24:48
	get_timezone_aware_graphs() rm date: 2018-02-08 16:06:26 > 2018-02-08 03:24:48
	get_timezone_aware_graphs() rm date: 2018-02-08 16:16:29 > 2018-02-08 03:24:48
	get_timezone_aware_graphs() rm date: 2018-02-08 16:26:32 > 2018-02-08 03:24:48
	get_timezone_aware_graphs() rm date: 2018-02-08 16:36:37 > 2018-02-08 03:24:48
	get_timezone_aware_graphs() rm date: 2018-02-08 16:46:36 > 2018-02-08 03:24:48
	get_timezone_aware_graphs() rm date: 2018-02-08 16:56:39 > 2018-02-08 03:24:48
	get_timezone_aware_graphs() rm date: 2018-02-08 17:06:32 > 2018-02-08 03:24:48
	get_timezone_aware_graphs() rm date: 2018-02-08 17:16:41 > 2018-02-08 03:24:48
	get_timezone_aware_graphs() rm date: 2018-02-08 17:26:38 > 2018-02-08 03:24:48
	get_timezone_aware_graphs() rm date: 2018-02-08 17:36:39 > 2018-02-08 03:24:48
	get_timezone_aware_graphs() rm date: 2018-02-08 17:46:47 > 2018-02-08 03:24:48
	get_timezone_aware_graphs() rm date: 2018-02-08 17:56:44 > 2018-02-08 03:24:48
	get_timezone_aware_graphs() rm date: 2018-02-08 18:06:45 > 2018-02-08 03:24:48
	get_timezone_aware_graphs() rm date: 2018-02-08 18:16:47 > 2018-02-08 03:24:48
	get_timezone_aware_graphs() rm date: 2018-02-08 18:26:46 > 2018-02-08 03:24:48
	get_timezone_aware_graphs() rm date: 2018-02-08 18:36:51 > 2018-02-08 03:24:48
	get_timezone_aware_graphs() rm date: 2018-02-08 18:46:51 > 2018-02-08 03:24:48
	get_timezone_aware_graphs() rm date: 2018-02-08 18:56:57 > 2018-02-08 03:24:48
	get_timezone_aware_graphs() rm date: 2018-02-08 19:06:49 > 2018-02-08 03:24:48
	get_timezone_aware_graphs() rm date: 2018-02-08 19:16:58 > 2018-02-08 03:24:48
	get_timezone_aware_graphs() rm date: 2018-02-08 19:26:52 > 2018-02-08 03:24:48
	get_timezone_aware_graphs() rm date: 2018-02-08 19:36:53 > 2018-02-08 03:24:48
	get_timezone_aware_graphs() rm date: 2018-02-08 19:46:56 > 2018-02-08 03:24:48
	get_timezone_aware_graphs() rm date: 2018-02-08 19:56:53 > 2018-02-08 03:24:48
	get_timezone_aware_graphs() rm date: 2018-02-08 20:06:55 > 2018-02-08 03:24:48
	get_timezone_aware_graphs() rm date: 2018-02-08 20:17:06 > 2018-02-08 03:24:48
	get_timezone_aware_graphs() rm date: 2018-02-08 20:27:00 > 2018-02-08 03:24:48
	get_timezone_aware_graphs() rm date: 2018-02-08 20:37:05 > 2018-02-08 03:24:48
	get_timezone_aware_graphs() rm date: 2018-02-08 20:46:59 > 2018-02-08 03:24:48
	get_timezone_aware_graphs() rm date: 2018-02-08 20:57:14 > 2018-02-08 03:24:48
	get_timezone_aware_graphs() rm date: 2018-02-08 21:07:06 > 2018-02-08 03:24:48
	get_timezone_aware_graphs() rm date: 2018-02-08 21:16:56 > 2018-02-08 03:24:48
	get_timezone_aware_graphs() rm date: 2018-02-08 21:26:56 > 2018-02-08 03:24:48
	get_timezone_aware_graphs() rm date: 2018-02-08 21:37:13 > 2018-02-08 03:24:48
	get_timezone_aware_graphs() rm date: 2018-02-08 21:47:07 > 2018-02-08 03:24:48
	get_timezone_aware_graphs() rm date: 2018-02-08 21:57:02 > 2018-02-08 03:24:48
	get_timezone_aware_graphs() rm date: 2018-02-08 22:06:59 > 2018-02-08 03:24:48
	get_timezone_aware_graphs() rm date: 2018-02-08 22:17:08 > 2018-02-08 03:24:48
	get_timezone_aware_graphs() rm date: 2018-02-08 22:27:07 > 2018-02-08 03:24:48
	get_timezone_aware_graphs() rm date: 2018-02-08 22:37:15 > 2018-02-08 03:24:48
	get_timezone_aware_graphs() rm date: 2018-02-08 22:47:11 > 2018-02-08 03:24:48
	get_timezone_aware_graphs() rm date: 2018-02-08 22:57:31 > 2018-02-08 03:24:48
	get_timezone_aware_graphs() rm date: 2018-02-08 23:07:16 > 2018-02-08 03:24:48
	get_timezone_aware_graphs() rm date: 2018-02-08 23:17:14 > 2018-02-08 03:24:48
	get_timezone_aware_graphs() rm date: 2018-02-08 23:27:17 > 2018-02-08 03:24:48
	get_timezone_aware_graphs() rm date: 2018-02-08 23:37:17 > 2018-02-08 03:24:48
	get_timezone_aware_graphs() rm date: 2018-02-08 23:47:19 > 2018-02-08 03:24:48
	get_timezone_aware_graphs() rm date: 2018-02-08 23:57:27 > 2018-02-08 03:24:48
	download_graph_at_byteoffset() at: 2018-02-08T06:45:09.579023Z, bytes=5692848-5850887

Day: 2018-02-08, clustered 20 graphs with similar links into 1 initial subgraph clusters

Day: 2018-02-08, graphs with similar links were clustered into 1 initial subgraphs clusters
Attempting to further cluster 1 initial subgraph clusters based on similar sumgrams
Clustered 1 initial subgraph clusters into 1 subgraph clusters
	dumpJsonToFile(), wrote: ./sgbot_1/tmp/current_storygraphdata.json

RANKED LIST OF STORIES

date: 2018-02-08, 1 (--maxstory-count=1) story


1/1, max_node_title: White House staff secretary Rob Porter resigns after abuse allegations - Vox (max_node_title repeated 12 of 20 graphs)
Maxgraph link: https://web.archive.org/storygraph/graphs/usa/#cursor=30&hist=144&t=2018-02-08T05:04:58
From: 2018-02-08T05:04:58Z to 2018-02-08T08:15:23Z (3hrs 10min 24 sec), maxgraph max CC avg. deg: 5.33
Maxgraph max CC max_node_title: Senior White House official to resign after ex-wives’ allegations of abuse - The Washington Post
Clusterer: sgdata.same_day_seq_cluster_by_common_links
Pulse: ....................

All pulses: ....................

