
StoryGraphToolkit, tool: maxgraph

Generating maxgraphs from 2019-03-30 00:34:19 to 2019-03-30 14:45:03
Calculating maxgraph for date: 2019-03-30
	get_timezone_aware_graphs() rm date: 2019-03-30 00:04:09 < 2019-03-30 00:34:19
	get_timezone_aware_graphs() rm date: 2019-03-30 00:14:16 < 2019-03-30 00:34:19
	get_timezone_aware_graphs() rm date: 2019-03-30 00:24:43 < 2019-03-30 00:34:19
	get_timezone_aware_graphs() rm date: 2019-03-30 00:33:55 < 2019-03-30 00:34:19
	get_timezone_aware_graphs() rm date: 2019-03-30 14:45:07 > 2019-03-30 14:45:03
	get_timezone_aware_graphs() rm date: 2019-03-30 14:55:31 > 2019-03-30 14:45:03
	get_timezone_aware_graphs() rm date: 2019-03-30 15:05:51 > 2019-03-30 14:45:03
	get_timezone_aware_graphs() rm date: 2019-03-30 15:15:59 > 2019-03-30 14:45:03
	get_timezone_aware_graphs() rm date: 2019-03-30 15:25:06 > 2019-03-30 14:45:03
	get_timezone_aware_graphs() rm date: 2019-03-30 15:35:33 > 2019-03-30 14:45:03
	get_timezone_aware_graphs() rm date: 2019-03-30 15:46:05 > 2019-03-30 14:45:03
	get_timezone_aware_graphs() rm date: 2019-03-30 15:55:31 > 2019-03-30 14:45:03
	get_timezone_aware_graphs() rm date: 2019-03-30 16:05:38 > 2019-03-30 14:45:03
	get_timezone_aware_graphs() rm date: 2019-03-30 16:16:10 > 2019-03-30 14:45:03
	get_timezone_aware_graphs() rm date: 2019-03-30 16:24:56 > 2019-03-30 14:45:03
	get_timezone_aware_graphs() rm date: 2019-03-30 16:35:18 > 2019-03-30 14:45:03
	get_timezone_aware_graphs() rm date: 2019-03-30 16:45:38 > 2019-03-30 14:45:03
	get_timezone_aware_graphs() rm date: 2019-03-30 16:55:07 > 2019-03-30 14:45:03
	get_timezone_aware_graphs() rm date: 2019-03-30 17:05:57 > 2019-03-30 14:45:03
	get_timezone_aware_graphs() rm date: 2019-03-30 17:15:04 > 2019-03-30 14:45:03
	get_timezone_aware_graphs() rm date: 2019-03-30 17:25:44 > 2019-03-30 14:45:03
	get_timezone_aware_graphs() rm date: 2019-03-30 17:35:55 > 2019-03-30 14:45:03
	get_timezone_aware_graphs() rm date: 2019-03-30 17:46:06 > 2019-03-30 14:45:03
	get_timezone_aware_graphs() rm date: 2019-03-30 17:55:21 > 2019-03-30 14:45:03
	get_timezone_aware_graphs() rm date: 2019-03-30 18:06:00 > 2019-03-30 14:45:03
	get_timezone_aware_graphs() rm date: 2019-03-30 18:16:09 > 2019-03-30 14:45:03
	get_timezone_aware_graphs() rm date: 2019-03-30 18:25:30 > 2019-03-30 14:45:03
	get_timezone_aware_graphs() rm date: 2019-03-30 18:36:05 > 2019-03-30 14:45:03
	get_timezone_aware_graphs() rm date: 2019-03-30 18:45:23 > 2019-03-30 14:45:03
	get_timezone_aware_graphs() rm date: 2019-03-30 18:55:47 > 2019-03-30 14:45:03
	get_timezone_aware_graphs() rm date: 2019-03-30 19:06:01 > 2019-03-30 14:45:03
	get_timezone_aware_graphs() rm date: 2019-03-30 19:15:45 > 2019-03-30 14:45:03
	get_timezone_aware_graphs() rm date: 2019-03-30 19:26:00 > 2019-03-30 14:45:03
	get_timezone_aware_graphs() rm date: 2019-03-30 19:36:11 > 2019-03-30 14:45:03
	get_timezone_aware_graphs() rm date: 2019-03-30 19:46:16 > 2019-03-30 14:45:03
	get_timezone_aware_graphs() rm date: 2019-03-30 19:55:40 > 2019-03-30 14:45:03
	get_timezone_aware_graphs() rm date: 2019-03-30 20:06:37 > 2019-03-30 14:45:03
	get_timezone_aware_graphs() rm date: 2019-03-30 20:15:30 > 2019-03-30 14:45:03
	get_timezone_aware_graphs() rm date: 2019-03-30 20:26:31 > 2019-03-30 14:45:03
	get_timezone_aware_graphs() rm date: 2019-03-30 20:35:41 > 2019-03-30 14:45:03
	get_timezone_aware_graphs() rm date: 2019-03-30 20:46:10 > 2019-03-30 14:45:03
	get_timezone_aware_graphs() rm date: 2019-03-30 20:56:22 > 2019-03-30 14:45:03
	get_timezone_aware_graphs() rm date: 2019-03-30 21:06:33 > 2019-03-30 14:45:03
	get_timezone_aware_graphs() rm date: 2019-03-30 21:15:44 > 2019-03-30 14:45:03
	get_timezone_aware_graphs() rm date: 2019-03-30 21:26:23 > 2019-03-30 14:45:03
	get_timezone_aware_graphs() rm date: 2019-03-30 21:35:36 > 2019-03-30 14:45:03
	get_timezone_aware_graphs() rm date: 2019-03-30 21:46:00 > 2019-03-30 14:45:03
	get_timezone_aware_graphs() rm date: 2019-03-30 21:56:13 > 2019-03-30 14:45:03
	get_timezone_aware_graphs() rm date: 2019-03-30 22:06:23 > 2019-03-30 14:45:03
	get_timezone_aware_graphs() rm date: 2019-03-30 22:15:50 > 2019-03-30 14:45:03
	get_timezone_aware_graphs() rm date: 2019-03-30 22:26:23 > 2019-03-30 14:45:03
	get_timezone_aware_graphs() rm date: 2019-03-30 22:35:59 > 2019-03-30 14:45:03
	get_timezone_aware_graphs() rm date: 2019-03-30 22:46:22 > 2019-03-30 14:45:03
	get_timezone_aware_graphs() rm date: 2019-03-30 22:56:44 > 2019-03-30 14:45:03
	get_timezone_aware_graphs() rm date: 2019-03-30 23:05:48 > 2019-03-30 14:45:03
	get_timezone_aware_graphs() rm date: 2019-03-30 23:17:01 > 2019-03-30 14:45:03
	get_timezone_aware_graphs() rm date: 2019-03-30 23:25:52 > 2019-03-30 14:45:03
	get_timezone_aware_graphs() rm date: 2019-03-30 23:36:55 > 2019-03-30 14:45:03
	get_timezone_aware_graphs() rm date: 2019-03-30 23:46:25 > 2019-03-30 14:45:03
	get_timezone_aware_graphs() rm date: 2019-03-30 23:56:14 > 2019-03-30 14:45:03
	download_graph_at_byteoffset() at: 2019-03-30T06:44:03.282554Z, bytes=5925771-6069626
	download_graph_at_byteoffset() at: 2019-03-30T10:04:52.410584Z, bytes=8758871-8904237
	download_graph_at_byteoffset() at: 2019-03-30T13:24:20.509084Z, bytes=12001330-12179949
	download_graph_at_byteoffset() at: 2019-03-30T16:45:59.840979Z, bytes=15603441-15769403

Day: 2019-03-30, clustered 84 graphs with similar links into 8 initial subgraph clusters

Day: 2019-03-30, graphs with similar links were clustered into 8 initial subgraphs clusters
Attempting to further cluster 8 initial subgraph clusters based on similar sumgrams
	sumgram for pair: 1 of 28 (8 Comb. 2), ov: 0.0
	sumgram for pair: 2 of 28 (8 Comb. 2), ov: 1.0
	sumgram for pair: 3 of 28 (8 Comb. 2), ov: 0.0
	sumgram for pair: 4 of 28 (8 Comb. 2), ov: 0.0
	sumgram for pair: 5 of 28 (8 Comb. 2), ov: 0.0
	sumgram for pair: 6 of 28 (8 Comb. 2), ov: 0.0
	sumgram for pair: 7 of 28 (8 Comb. 2), ov: 0.1
	sumgram for pair: 8 of 28 (8 Comb. 2), ov: 0.0
	sumgram for pair: 9 of 28 (8 Comb. 2), ov: 0.0
	sumgram for pair: 10 of 28 (8 Comb. 2), ov: 0.2
	sumgram for pair: 11 of 28 (8 Comb. 2), ov: 0.0
	sumgram for pair: 12 of 28 (8 Comb. 2), ov: 0.0
	sumgram for pair: 13 of 28 (8 Comb. 2), ov: 0.0
	sumgram for pair: 14 of 28 (8 Comb. 2), ov: 0.0
	sumgram for pair: 15 of 28 (8 Comb. 2), ov: 0.0
	sumgram for pair: 16 of 28 (8 Comb. 2), ov: 0.0
	sumgram for pair: 17 of 28 (8 Comb. 2), ov: 0.0
	sumgram for pair: 18 of 28 (8 Comb. 2), ov: 0.1
	sumgram for pair: 19 of 28 (8 Comb. 2), ov: 0.0
	sumgram for pair: 20 of 28 (8 Comb. 2), ov: 0.0
	sumgram for pair: 21 of 28 (8 Comb. 2), ov: 0.0
	sumgram for pair: 22 of 28 (8 Comb. 2), ov: 0.0
	sumgram for pair: 23 of 28 (8 Comb. 2), ov: 0.0
	sumgram for pair: 24 of 28 (8 Comb. 2), ov: 0.0
	sumgram for pair: 25 of 28 (8 Comb. 2), ov: 0.12
	sumgram for pair: 26 of 28 (8 Comb. 2), ov: 0.0
	sumgram for pair: 27 of 28 (8 Comb. 2), ov: 0.0
	sumgram for pair: 28 of 28 (8 Comb. 2), ov: 0.0
Initial subgraphs: [{0, 2}]
Singletons: [1, 3, 4, 5, 6, 7]
Subgraphs post adding singletons: [{0, 2}, {1}, {3}, {4}, {5}, {6}, {7}]
Clustered 8 initial subgraph clusters into 7 subgraph clusters
	dumpJsonToFile(), wrote: ./sgbot_9/tmp/current_storygraphdata.json

RANKED LIST OF STORIES

date: 2019-03-30, 7 (--maxstory-count=7) stories


1/7, max_node_title: AOC Takes Issue When Former GOP Rep. Says She Is The Trump Of The Left | The Daily Caller (max_node_title repeated 46 of 46 graphs)
Maxgraph link: https://web.archive.org/storygraph/graphs/usa/#cursor=68&hist=144&t=2019-03-30T11:24:41
From: 2019-03-30T04:44:24Z to 2019-03-30T12:24:38Z (7hrs 40min 14 sec), maxgraph max CC avg. deg: 4.57
Maxgraph max CC max_node_title: AOC Takes Issue When Former GOP Rep. Says She Is The Trump Of The Left | The Daily Caller
Clusterer: sgdata.same_day_non_seq_cluster_by_title_sumgrams
Pulse: ............................●●●●●●●●●●●●●●●●●●●●●●●●●●●●●●●●●.●●●●●●●●●●●●●.........

2/7, max_node_title: Republicans Begin Witch Hunt, Plan to Investigate Obama Officials (max_node_title repeated 6 of 14 graphs)
Maxgraph link: https://web.archive.org/storygraph/graphs/usa/#cursor=86&hist=144&t=2019-03-30T14:24:59
From: 2019-03-30T12:34:58Z to 2019-03-30T14:45:03Z (2hrs 10min 05 sec), maxgraph max CC avg. deg: 3.85
Maxgraph max CC max_node_title: Trump hits Dems as AG Barr says reacted Mueller report will come out in April
Clusterer: sgdata.same_day_seq_cluster_by_common_links
Pulse: ...........................................................................⁜⁜⁜⁜⁜⁜⁜⁜⁜

3/7, max_node_title: Barr Is Going To Edit The Mueller Report For Trump (max_node_title repeated 1 of 1 graphs)
Maxgraph link: https://web.archive.org/storygraph/graphs/usa/#cursor=61&hist=144&t=2019-03-30T10:15:02
From: 2019-03-30T10:15:02Z to 2019-03-30T10:15:02Z (0hrs 00min 00 sec), maxgraph max CC avg. deg: 3.71
Maxgraph max CC max_node_title: Barr Is Going To Edit The Mueller Report For Trump
Clusterer: sgdata.same_day_seq_cluster_by_common_links
Pulse: .............................................................⚂......................

4/7, max_node_title: Democrat Fascism in Action: Chick-fil-A Banned from Buffalo Airport in Commie State New York (VIDEO) (max_node_title repeated 11 of 12 graphs)
Maxgraph link: https://web.archive.org/storygraph/graphs/usa/#cursor=97&hist=144&t=2019-03-30T16:15:29
From: 2019-03-30T15:14:38Z to 2019-03-30T17:05:03Z (1hrs 50min 25 sec), maxgraph max CC avg. deg: 3.0
Maxgraph max CC max_node_title: Democrat Fascism in Action: Chick-fil-A Banned from Buffalo Airport in Commie State New York (VIDEO)
Clusterer: sgdata.same_day_seq_cluster_by_common_links
Pulse: ....................................................................................

5/7, max_node_title: House Republican says it would be illegal to release full Mueller report (max_node_title repeated 2 of 2 graphs)
Maxgraph link: https://web.archive.org/storygraph/graphs/usa/#cursor=89&hist=144&t=2019-03-30T14:55:39
From: 2019-03-30T14:55:39Z to 2019-03-30T15:05:56Z (0hrs 10min 17 sec), maxgraph max CC avg. deg: 2.67
Maxgraph max CC max_node_title: House Republican says it would be illegal to release full Mueller report
Clusterer: sgdata.same_day_seq_cluster_by_common_links
Pulse: ....................................................................................

6/7, max_node_title: Dems, Media Prepare Conspiracy Theories To Discredit Mueller Report | The Daily Caller (max_node_title repeated 6 of 6 graphs)
Maxgraph link: https://web.archive.org/storygraph/graphs/usa/#cursor=111&hist=144&t=2019-03-30T18:35:47
From: 2019-03-30T17:45:49Z to 2019-03-30T18:35:47Z (0hrs 49min 58 sec), maxgraph max CC avg. deg: 2.46
Maxgraph max CC max_node_title: Dems, Media Prepare Conspiracy Theories To Discredit Mueller Report | The Daily Caller
Clusterer: sgdata.same_day_seq_cluster_by_common_links
Pulse: ....................................................................................

7/7, max_node_title: House Dems Are About To Force A Vote On Health Care That Could Sink Trump And The GOP In 2020 (max_node_title repeated 3 of 3 graphs)
Maxgraph link: https://web.archive.org/storygraph/graphs/usa/#cursor=103&hist=144&t=2019-03-30T17:16:14
From: 2019-03-30T17:16:14Z to 2019-03-30T17:35:37Z (0hrs 19min 23 sec), maxgraph max CC avg. deg: 2.0
Maxgraph max CC max_node_title: House Dems Are About To Force A Vote On Health Care That Could Sink Trump And The GOP In 2020
Clusterer: sgdata.same_day_seq_cluster_by_common_links
Pulse: ....................................................................................

All pulses: ............................●●●●●●●●●●●●●●●●●●●●●●●●●●●●●●●●●⚂●●●●●●●●●●●●●⁜⁜⁜⁜⁜⁜⁜⁜⁜

