
StoryGraphToolkit, tool: maxgraph

Generating maxgraphs from 2018-06-12 00:00:00 to 2018-06-13 00:21:34
Calculating maxgraph for date: 2018-06-12
	download_graph_at_byteoffset() at: 2018-06-12T06:42:45.595019Z, bytes=8066734-8264076
	download_graph_at_byteoffset() at: 2018-06-12T10:03:14.837975Z, bytes=11688791-11840255
	download_graph_at_byteoffset() at: 2018-06-12T13:23:43.018149Z, bytes=15234482-15408183
	download_graph_at_byteoffset() at: 2018-06-12T16:43:56.957125Z, bytes=18773788-18927863
	download_graph_at_byteoffset() at: 2018-06-12T20:04:21.823150Z, bytes=21812080-21957529
	download_graph_at_byteoffset() at: 2018-06-12T23:24:40.310969Z, bytes=24780195-24914483
	download_graph_at_byteoffset() at: 2018-06-13T00:04:54.570227Z, bytes=0-137401
	download_graph_at_byteoffset() at: 2018-06-13T03:25:06.022834Z, bytes=2704470-2844750
Calculating maxgraph for date: 2018-06-13
	get_timezone_aware_graphs() rm date: 2018-06-13 00:25:17 > 2018-06-13 00:21:34
	get_timezone_aware_graphs() rm date: 2018-06-13 00:35:20 > 2018-06-13 00:21:34
	get_timezone_aware_graphs() rm date: 2018-06-13 00:45:20 > 2018-06-13 00:21:34
	get_timezone_aware_graphs() rm date: 2018-06-13 00:55:16 > 2018-06-13 00:21:34
	get_timezone_aware_graphs() rm date: 2018-06-13 01:05:19 > 2018-06-13 00:21:34
	get_timezone_aware_graphs() rm date: 2018-06-13 01:15:20 > 2018-06-13 00:21:34
	get_timezone_aware_graphs() rm date: 2018-06-13 01:25:21 > 2018-06-13 00:21:34
	get_timezone_aware_graphs() rm date: 2018-06-13 01:35:20 > 2018-06-13 00:21:34
	get_timezone_aware_graphs() rm date: 2018-06-13 01:45:24 > 2018-06-13 00:21:34
	get_timezone_aware_graphs() rm date: 2018-06-13 01:55:20 > 2018-06-13 00:21:34
	get_timezone_aware_graphs() rm date: 2018-06-13 02:05:25 > 2018-06-13 00:21:34
	get_timezone_aware_graphs() rm date: 2018-06-13 02:15:32 > 2018-06-13 00:21:34
	get_timezone_aware_graphs() rm date: 2018-06-13 02:25:28 > 2018-06-13 00:21:34
	get_timezone_aware_graphs() rm date: 2018-06-13 02:35:33 > 2018-06-13 00:21:34
	get_timezone_aware_graphs() rm date: 2018-06-13 02:45:31 > 2018-06-13 00:21:34
	get_timezone_aware_graphs() rm date: 2018-06-13 02:55:30 > 2018-06-13 00:21:34
	get_timezone_aware_graphs() rm date: 2018-06-13 03:05:30 > 2018-06-13 00:21:34
	get_timezone_aware_graphs() rm date: 2018-06-13 03:15:41 > 2018-06-13 00:21:34
	get_timezone_aware_graphs() rm date: 2018-06-13 03:25:39 > 2018-06-13 00:21:34
	get_timezone_aware_graphs() rm date: 2018-06-13 03:35:32 > 2018-06-13 00:21:34
	get_timezone_aware_graphs() rm date: 2018-06-13 03:45:33 > 2018-06-13 00:21:34
	get_timezone_aware_graphs() rm date: 2018-06-13 03:55:35 > 2018-06-13 00:21:34
	get_timezone_aware_graphs() rm date: 2018-06-13 04:05:34 > 2018-06-13 00:21:34
	get_timezone_aware_graphs() rm date: 2018-06-13 04:15:43 > 2018-06-13 00:21:34
	get_timezone_aware_graphs() rm date: 2018-06-13 04:25:42 > 2018-06-13 00:21:34
	get_timezone_aware_graphs() rm date: 2018-06-13 04:35:33 > 2018-06-13 00:21:34
	get_timezone_aware_graphs() rm date: 2018-06-13 04:45:45 > 2018-06-13 00:21:34
	get_timezone_aware_graphs() rm date: 2018-06-13 04:55:48 > 2018-06-13 00:21:34
	get_timezone_aware_graphs() rm date: 2018-06-13 05:05:39 > 2018-06-13 00:21:34
	get_timezone_aware_graphs() rm date: 2018-06-13 05:15:53 > 2018-06-13 00:21:34
	get_timezone_aware_graphs() rm date: 2018-06-13 05:25:53 > 2018-06-13 00:21:34
	get_timezone_aware_graphs() rm date: 2018-06-13 05:36:13 > 2018-06-13 00:21:34
	get_timezone_aware_graphs() rm date: 2018-06-13 05:46:17 > 2018-06-13 00:21:34
	get_timezone_aware_graphs() rm date: 2018-06-13 05:56:06 > 2018-06-13 00:21:34
	get_timezone_aware_graphs() rm date: 2018-06-13 06:06:18 > 2018-06-13 00:21:34
	get_timezone_aware_graphs() rm date: 2018-06-13 06:16:12 > 2018-06-13 00:21:34
	get_timezone_aware_graphs() rm date: 2018-06-13 06:26:20 > 2018-06-13 00:21:34
	get_timezone_aware_graphs() rm date: 2018-06-13 06:36:20 > 2018-06-13 00:21:34
	get_timezone_aware_graphs() rm date: 2018-06-13 06:46:20 > 2018-06-13 00:21:34
	get_timezone_aware_graphs() rm date: 2018-06-13 06:56:20 > 2018-06-13 00:21:34
	get_timezone_aware_graphs() rm date: 2018-06-13 07:06:21 > 2018-06-13 00:21:34
	get_timezone_aware_graphs() rm date: 2018-06-13 07:16:21 > 2018-06-13 00:21:34
	get_timezone_aware_graphs() rm date: 2018-06-13 07:26:29 > 2018-06-13 00:21:34
	get_timezone_aware_graphs() rm date: 2018-06-13 07:36:26 > 2018-06-13 00:21:34
	get_timezone_aware_graphs() rm date: 2018-06-13 07:46:23 > 2018-06-13 00:21:34
	get_timezone_aware_graphs() rm date: 2018-06-13 07:56:27 > 2018-06-13 00:21:34
	get_timezone_aware_graphs() rm date: 2018-06-13 08:06:28 > 2018-06-13 00:21:34
	get_timezone_aware_graphs() rm date: 2018-06-13 08:16:28 > 2018-06-13 00:21:34
	get_timezone_aware_graphs() rm date: 2018-06-13 08:26:29 > 2018-06-13 00:21:34
	get_timezone_aware_graphs() rm date: 2018-06-13 08:36:35 > 2018-06-13 00:21:34
	get_timezone_aware_graphs() rm date: 2018-06-13 08:46:28 > 2018-06-13 00:21:34
	get_timezone_aware_graphs() rm date: 2018-06-13 08:56:34 > 2018-06-13 00:21:34
	get_timezone_aware_graphs() rm date: 2018-06-13 09:06:33 > 2018-06-13 00:21:34
	get_timezone_aware_graphs() rm date: 2018-06-13 09:16:43 > 2018-06-13 00:21:34
	get_timezone_aware_graphs() rm date: 2018-06-13 09:26:50 > 2018-06-13 00:21:34
	get_timezone_aware_graphs() rm date: 2018-06-13 09:36:37 > 2018-06-13 00:21:34
	get_timezone_aware_graphs() rm date: 2018-06-13 09:46:51 > 2018-06-13 00:21:34
	get_timezone_aware_graphs() rm date: 2018-06-13 09:56:39 > 2018-06-13 00:21:34
	get_timezone_aware_graphs() rm date: 2018-06-13 10:06:47 > 2018-06-13 00:21:34
	get_timezone_aware_graphs() rm date: 2018-06-13 10:16:43 > 2018-06-13 00:21:34
	get_timezone_aware_graphs() rm date: 2018-06-13 10:26:48 > 2018-06-13 00:21:34
	get_timezone_aware_graphs() rm date: 2018-06-13 10:36:48 > 2018-06-13 00:21:34
	get_timezone_aware_graphs() rm date: 2018-06-13 10:46:47 > 2018-06-13 00:21:34
	get_timezone_aware_graphs() rm date: 2018-06-13 10:56:50 > 2018-06-13 00:21:34
	get_timezone_aware_graphs() rm date: 2018-06-13 11:06:51 > 2018-06-13 00:21:34
	get_timezone_aware_graphs() rm date: 2018-06-13 11:16:48 > 2018-06-13 00:21:34
	get_timezone_aware_graphs() rm date: 2018-06-13 11:26:43 > 2018-06-13 00:21:34
	get_timezone_aware_graphs() rm date: 2018-06-13 11:36:53 > 2018-06-13 00:21:34
	get_timezone_aware_graphs() rm date: 2018-06-13 11:46:55 > 2018-06-13 00:21:34
	get_timezone_aware_graphs() rm date: 2018-06-13 11:56:54 > 2018-06-13 00:21:34
	get_timezone_aware_graphs() rm date: 2018-06-13 12:06:54 > 2018-06-13 00:21:34
	get_timezone_aware_graphs() rm date: 2018-06-13 12:17:02 > 2018-06-13 00:21:34
	get_timezone_aware_graphs() rm date: 2018-06-13 12:26:56 > 2018-06-13 00:21:34
	get_timezone_aware_graphs() rm date: 2018-06-13 12:36:57 > 2018-06-13 00:21:34
	get_timezone_aware_graphs() rm date: 2018-06-13 12:47:11 > 2018-06-13 00:21:34
	get_timezone_aware_graphs() rm date: 2018-06-13 12:57:03 > 2018-06-13 00:21:34
	get_timezone_aware_graphs() rm date: 2018-06-13 13:07:03 > 2018-06-13 00:21:34
	get_timezone_aware_graphs() rm date: 2018-06-13 13:17:04 > 2018-06-13 00:21:34
	get_timezone_aware_graphs() rm date: 2018-06-13 13:27:04 > 2018-06-13 00:21:34
	get_timezone_aware_graphs() rm date: 2018-06-13 13:37:04 > 2018-06-13 00:21:34
	get_timezone_aware_graphs() rm date: 2018-06-13 13:47:04 > 2018-06-13 00:21:34
	get_timezone_aware_graphs() rm date: 2018-06-13 13:57:06 > 2018-06-13 00:21:34
	get_timezone_aware_graphs() rm date: 2018-06-13 14:07:08 > 2018-06-13 00:21:34
	get_timezone_aware_graphs() rm date: 2018-06-13 14:17:09 > 2018-06-13 00:21:34
	get_timezone_aware_graphs() rm date: 2018-06-13 14:27:10 > 2018-06-13 00:21:34
	get_timezone_aware_graphs() rm date: 2018-06-13 14:37:11 > 2018-06-13 00:21:34
	get_timezone_aware_graphs() rm date: 2018-06-13 14:47:25 > 2018-06-13 00:21:34
	get_timezone_aware_graphs() rm date: 2018-06-13 14:57:12 > 2018-06-13 00:21:34
	get_timezone_aware_graphs() rm date: 2018-06-13 15:07:16 > 2018-06-13 00:21:34
	get_timezone_aware_graphs() rm date: 2018-06-13 15:17:15 > 2018-06-13 00:21:34
	get_timezone_aware_graphs() rm date: 2018-06-13 15:27:13 > 2018-06-13 00:21:34
	get_timezone_aware_graphs() rm date: 2018-06-13 15:37:22 > 2018-06-13 00:21:34
	get_timezone_aware_graphs() rm date: 2018-06-13 15:47:22 > 2018-06-13 00:21:34
	get_timezone_aware_graphs() rm date: 2018-06-13 15:57:23 > 2018-06-13 00:21:34
	get_timezone_aware_graphs() rm date: 2018-06-13 16:07:22 > 2018-06-13 00:21:34
	get_timezone_aware_graphs() rm date: 2018-06-13 16:17:25 > 2018-06-13 00:21:34
	get_timezone_aware_graphs() rm date: 2018-06-13 16:27:22 > 2018-06-13 00:21:34
	get_timezone_aware_graphs() rm date: 2018-06-13 16:37:37 > 2018-06-13 00:21:34
	get_timezone_aware_graphs() rm date: 2018-06-13 16:47:32 > 2018-06-13 00:21:34
	get_timezone_aware_graphs() rm date: 2018-06-13 16:57:28 > 2018-06-13 00:21:34
	get_timezone_aware_graphs() rm date: 2018-06-13 17:07:28 > 2018-06-13 00:21:34
	get_timezone_aware_graphs() rm date: 2018-06-13 17:17:39 > 2018-06-13 00:21:34
	get_timezone_aware_graphs() rm date: 2018-06-13 17:27:35 > 2018-06-13 00:21:34
	get_timezone_aware_graphs() rm date: 2018-06-13 17:37:40 > 2018-06-13 00:21:34
	get_timezone_aware_graphs() rm date: 2018-06-13 17:47:39 > 2018-06-13 00:21:34
	get_timezone_aware_graphs() rm date: 2018-06-13 17:57:40 > 2018-06-13 00:21:34
	get_timezone_aware_graphs() rm date: 2018-06-13 18:07:39 > 2018-06-13 00:21:34
	get_timezone_aware_graphs() rm date: 2018-06-13 18:17:45 > 2018-06-13 00:21:34
	get_timezone_aware_graphs() rm date: 2018-06-13 18:27:40 > 2018-06-13 00:21:34
	get_timezone_aware_graphs() rm date: 2018-06-13 18:37:42 > 2018-06-13 00:21:34
	get_timezone_aware_graphs() rm date: 2018-06-13 18:47:44 > 2018-06-13 00:21:34
	get_timezone_aware_graphs() rm date: 2018-06-13 18:57:47 > 2018-06-13 00:21:34
	get_timezone_aware_graphs() rm date: 2018-06-13 19:07:47 > 2018-06-13 00:21:34
	get_timezone_aware_graphs() rm date: 2018-06-13 19:17:46 > 2018-06-13 00:21:34
	get_timezone_aware_graphs() rm date: 2018-06-13 19:27:48 > 2018-06-13 00:21:34
	get_timezone_aware_graphs() rm date: 2018-06-13 19:37:50 > 2018-06-13 00:21:34
	get_timezone_aware_graphs() rm date: 2018-06-13 19:47:51 > 2018-06-13 00:21:34
	get_timezone_aware_graphs() rm date: 2018-06-13 19:57:57 > 2018-06-13 00:21:34
	get_timezone_aware_graphs() rm date: 2018-06-13 20:07:54 > 2018-06-13 00:21:34
	get_timezone_aware_graphs() rm date: 2018-06-13 20:17:55 > 2018-06-13 00:21:34
	get_timezone_aware_graphs() rm date: 2018-06-13 20:27:59 > 2018-06-13 00:21:34
	get_timezone_aware_graphs() rm date: 2018-06-13 20:37:59 > 2018-06-13 00:21:34
	get_timezone_aware_graphs() rm date: 2018-06-13 20:47:59 > 2018-06-13 00:21:34
	get_timezone_aware_graphs() rm date: 2018-06-13 20:58:02 > 2018-06-13 00:21:34
	get_timezone_aware_graphs() rm date: 2018-06-13 21:08:02 > 2018-06-13 00:21:34
	get_timezone_aware_graphs() rm date: 2018-06-13 21:18:08 > 2018-06-13 00:21:34
	get_timezone_aware_graphs() rm date: 2018-06-13 21:28:07 > 2018-06-13 00:21:34
	get_timezone_aware_graphs() rm date: 2018-06-13 21:38:11 > 2018-06-13 00:21:34
	get_timezone_aware_graphs() rm date: 2018-06-13 21:48:07 > 2018-06-13 00:21:34
	get_timezone_aware_graphs() rm date: 2018-06-13 21:58:14 > 2018-06-13 00:21:34
	get_timezone_aware_graphs() rm date: 2018-06-13 22:08:13 > 2018-06-13 00:21:34
	get_timezone_aware_graphs() rm date: 2018-06-13 22:18:11 > 2018-06-13 00:21:34
	get_timezone_aware_graphs() rm date: 2018-06-13 22:28:14 > 2018-06-13 00:21:34
	get_timezone_aware_graphs() rm date: 2018-06-13 22:38:13 > 2018-06-13 00:21:34
	get_timezone_aware_graphs() rm date: 2018-06-13 22:48:13 > 2018-06-13 00:21:34
	get_timezone_aware_graphs() rm date: 2018-06-13 22:58:15 > 2018-06-13 00:21:34
	get_timezone_aware_graphs() rm date: 2018-06-13 23:08:11 > 2018-06-13 00:21:34
	get_timezone_aware_graphs() rm date: 2018-06-13 23:18:11 > 2018-06-13 00:21:34
	get_timezone_aware_graphs() rm date: 2018-06-13 23:28:12 > 2018-06-13 00:21:34
	get_timezone_aware_graphs() rm date: 2018-06-13 23:38:14 > 2018-06-13 00:21:34
	get_timezone_aware_graphs() rm date: 2018-06-13 23:48:15 > 2018-06-13 00:21:34
	get_timezone_aware_graphs() rm date: 2018-06-13 23:58:17 > 2018-06-13 00:21:34

Day: YYYY-MM-DD, clustered 146 graphs with similar links into 13 initial subgraph clusters

Day: YYYY-MM-DD, graphs with similar links were clustered into 13 initial subgraphs clusters
Attempting to further cluster 13 initial subgraph clusters based on similar sumgrams
	sumgram for pair: 1 of 78 (13 Comb. 2), ov: 0.0
	sumgram for pair: 2 of 78 (13 Comb. 2), ov: 0.1
	sumgram for pair: 3 of 78 (13 Comb. 2), ov: 0.0
	sumgram for pair: 4 of 78 (13 Comb. 2), ov: 0.0
	sumgram for pair: 5 of 78 (13 Comb. 2), ov: 0.0
	sumgram for pair: 6 of 78 (13 Comb. 2), ov: 0.1
	sumgram for pair: 7 of 78 (13 Comb. 2), ov: 0.0
	sumgram for pair: 8 of 78 (13 Comb. 2), ov: 0.1
	sumgram for pair: 9 of 78 (13 Comb. 2), ov: 0.0
	sumgram for pair: 10 of 78 (13 Comb. 2), ov: 0.0
	sumgram for pair: 11 of 78 (13 Comb. 2), ov: 0.0
	sumgram for pair: 12 of 78 (13 Comb. 2), ov: 0.0
	sumgram for pair: 13 of 78 (13 Comb. 2), ov: 0.0
	sumgram for pair: 14 of 78 (13 Comb. 2), ov: 0.6
	sumgram for pair: 15 of 78 (13 Comb. 2), ov: 0.0
	sumgram for pair: 16 of 78 (13 Comb. 2), ov: 0.33
	sumgram for pair: 17 of 78 (13 Comb. 2), ov: 0.0
	sumgram for pair: 18 of 78 (13 Comb. 2), ov: 0.0
	sumgram for pair: 19 of 78 (13 Comb. 2), ov: 0.0
	sumgram for pair: 20 of 78 (13 Comb. 2), ov: 0.0
	sumgram for pair: 21 of 78 (13 Comb. 2), ov: 0.0
	sumgram for pair: 22 of 78 (13 Comb. 2), ov: 0.0
	sumgram for pair: 23 of 78 (13 Comb. 2), ov: 0.0
	sumgram for pair: 24 of 78 (13 Comb. 2), ov: 0.0
	sumgram for pair: 25 of 78 (13 Comb. 2), ov: 0.0
	sumgram for pair: 26 of 78 (13 Comb. 2), ov: 0.0
	sumgram for pair: 27 of 78 (13 Comb. 2), ov: 0.0
	sumgram for pair: 28 of 78 (13 Comb. 2), ov: 0.0
	sumgram for pair: 29 of 78 (13 Comb. 2), ov: 0.1
	sumgram for pair: 30 of 78 (13 Comb. 2), ov: 0.0
	sumgram for pair: 31 of 78 (13 Comb. 2), ov: 0.12
	sumgram for pair: 32 of 78 (13 Comb. 2), ov: 0.0
	sumgram for pair: 33 of 78 (13 Comb. 2), ov: 0.0
	sumgram for pair: 34 of 78 (13 Comb. 2), ov: 0.0
	sumgram for pair: 35 of 78 (13 Comb. 2), ov: 1.0
	sumgram for pair: 36 of 78 (13 Comb. 2), ov: 0.0
	sumgram for pair: 37 of 78 (13 Comb. 2), ov: 0.0
	sumgram for pair: 38 of 78 (13 Comb. 2), ov: 0.0
	sumgram for pair: 39 of 78 (13 Comb. 2), ov: 0.0
	sumgram for pair: 40 of 78 (13 Comb. 2), ov: 0.0
	sumgram for pair: 41 of 78 (13 Comb. 2), ov: 0.0
	sumgram for pair: 42 of 78 (13 Comb. 2), ov: 0.0
	sumgram for pair: 43 of 78 (13 Comb. 2), ov: 0.0
	sumgram for pair: 44 of 78 (13 Comb. 2), ov: 0.0
	sumgram for pair: 45 of 78 (13 Comb. 2), ov: 0.0
	sumgram for pair: 46 of 78 (13 Comb. 2), ov: 0.0
	sumgram for pair: 47 of 78 (13 Comb. 2), ov: 0.0
	sumgram for pair: 48 of 78 (13 Comb. 2), ov: 0.0
	sumgram for pair: 49 of 78 (13 Comb. 2), ov: 0.0
	sumgram for pair: 50 of 78 (13 Comb. 2), ov: 0.1
	sumgram for pair: 51 of 78 (13 Comb. 2), ov: 0.0
	sumgram for pair: 52 of 78 (13 Comb. 2), ov: 0.0
	sumgram for pair: 53 of 78 (13 Comb. 2), ov: 0.0
	sumgram for pair: 54 of 78 (13 Comb. 2), ov: 0.0
	sumgram for pair: 55 of 78 (13 Comb. 2), ov: 0.0
	sumgram for pair: 56 of 78 (13 Comb. 2), ov: 0.0
	sumgram for pair: 57 of 78 (13 Comb. 2), ov: 0.0
	sumgram for pair: 58 of 78 (13 Comb. 2), ov: 0.0
	sumgram for pair: 59 of 78 (13 Comb. 2), ov: 0.0
	sumgram for pair: 60 of 78 (13 Comb. 2), ov: 0.0
	sumgram for pair: 61 of 78 (13 Comb. 2), ov: 0.0
	sumgram for pair: 62 of 78 (13 Comb. 2), ov: 0.0
	sumgram for pair: 63 of 78 (13 Comb. 2), ov: 0.0
	sumgram for pair: 64 of 78 (13 Comb. 2), ov: 0.0
	sumgram for pair: 65 of 78 (13 Comb. 2), ov: 0.0
	sumgram for pair: 66 of 78 (13 Comb. 2), ov: 0.0
	sumgram for pair: 67 of 78 (13 Comb. 2), ov: 0.0
	sumgram for pair: 68 of 78 (13 Comb. 2), ov: 0.0
	sumgram for pair: 69 of 78 (13 Comb. 2), ov: 0.0
	sumgram for pair: 70 of 78 (13 Comb. 2), ov: 0.0
	sumgram for pair: 71 of 78 (13 Comb. 2), ov: 0.0
	sumgram for pair: 72 of 78 (13 Comb. 2), ov: 0.0
	sumgram for pair: 73 of 78 (13 Comb. 2), ov: 0.0
	sumgram for pair: 74 of 78 (13 Comb. 2), ov: 1.0
	sumgram for pair: 75 of 78 (13 Comb. 2), ov: 0.0
	sumgram for pair: 76 of 78 (13 Comb. 2), ov: 0.0
	sumgram for pair: 77 of 78 (13 Comb. 2), ov: 0.0
	sumgram for pair: 78 of 78 (13 Comb. 2), ov: 0.0
Initial subgraphs: [{1, 3, 5}, {9, 11}]
Singletons: [0, 2, 4, 6, 7, 8, 10, 12]
Subgraphs post adding singletons: [{1, 3, 5}, {9, 11}, {0}, {2}, {4}, {6}, {7}, {8}, {10}, {12}]
Clustered 13 initial subgraph clusters into 10 subgraph clusters
	dumpJsonToFile(), wrote: ./sgbot_0_expanded/tmp/multi-day-clust.json

RANKED LIST OF STORIES

date: YYYY-MM-DD, 10 (--maxstory-count=10) stories


1/10, max_node_title: Kim Jong Un, Trump participate in signing ceremony, make history: Live updates - ABC News (max_node_title repeated 47 of 103 graphs)
Maxgraph link: https://web.archive.org/storygraph/graphs/usa/#cursor=56&hist=144&t=2018-06-12T09:22:55
From: 2018-06-12T04:02:25Z to 2018-06-12T21:04:30Z (17hrs 02min 04 sec), maxgraph max CC avg. deg: 18.15
Maxgraph max CC max_node_title: Kim Jong Un, Trump participate in signing ceremony, make history: Live updates - ABC News
Clusterer: sgdata.same_day_seq_cluster_by_common_links
Pulse: ........................●●●●●●●●●●●●●●●●●●●●●●●●●●●●●●●●●●●●●●●●●●●●●●●●●●●●●●●●●●●●●●●●●●●●●●●●●●●●●●●●●●●●●●●●●●●●●●●●●●●●●●●...................

2/10, max_node_title: CNN Projection: Trump critic Mark Sanford will not finish first in South Carolina GOP primary - CNNPolitics (max_node_title repeated 5 of 11 graphs)
Maxgraph link: https://web.archive.org/storygraph/graphs/usa/#cursor=25&hist=144&t=2018-06-13T04:15:13
From: 2018-06-13T02:35:06Z to 2018-06-13T04:15:13Z (1hrs 40min 07 sec), maxgraph max CC avg. deg: 5.1
Maxgraph max CC max_node_title: South Carolina's Rep. Mark Sanford: 'I think that I'll end up losing this election' - CNNPolitics
Clusterer: sgdata.same_day_seq_cluster_by_common_links
Pulse: ........................................................................................⁜⁜⁜⁜⁜⁜⁜⁜⁜⁜⁜...............................................

3/10, max_node_title: AT&T-Time; Warner merger: Judge approves deal (max_node_title repeated 8 of 10 graphs)
Maxgraph link: https://web.archive.org/storygraph/graphs/usa/#cursor=132&hist=144&t=2018-06-12T22:04:30
From: 2018-06-12T21:14:26Z to 2018-06-12T23:04:41Z (1hrs 50min 15 sec), maxgraph max CC avg. deg: 4.86
Maxgraph max CC max_node_title: AT&T-Time; Warner merger: Judge approves deal
Clusterer: sgdata.same_day_seq_cluster_by_common_links
Pulse: ...............................................................................................................................⚂.⚂⚂⚂⚂⚂.⚂⚂⚂⚂.......

4/10, max_node_title: Kim Jong Un accepts Trump's invitation to Washington: report | TheHill (max_node_title repeated 4 of 10 graphs)
Maxgraph link: https://web.archive.org/storygraph/graphs/usa/#cursor=142&hist=144&t=2018-06-12T23:44:42
From: 2018-06-12T23:14:38Z to 2018-06-13T00:45:19Z (1hrs 30min 40 sec), maxgraph max CC avg. deg: 4.1
Maxgraph max CC max_node_title: Kim Jong Un accepts Trump's invitation to Washington: report | TheHill
Clusterer: sgdata.same_day_seq_cluster_by_common_links
Pulse: .........................................................................ᛥᛥᛥᛥᛥ.............................................................ᛥᛥᛥᛥᛥ..

5/10, max_node_title: Trump endorses Rep. Mark Sanford’s far-right primary challenger 3 hours before polls close - Vox (max_node_title repeated 1 of 1 graphs)
Maxgraph link: https://web.archive.org/storygraph/graphs/usa/#cursor=134&hist=144&t=2018-06-12T22:24:31
From: 2018-06-12T22:24:31Z to 2018-06-12T22:24:31Z (0hrs 00min 00 sec), maxgraph max CC avg. deg: 4.0
Maxgraph max CC max_node_title: Trump endorses Rep. Mark Sanford’s far-right primary challenger 3 hours before polls close - Vox
Clusterer: sgdata.same_day_seq_cluster_by_common_links
Pulse: ......................................................................................................................................⊛...........

6/10, max_node_title: Live Updates: Trump-Kim Summit Ends with Promise to Suspend Military Exercises - The New York Times (max_node_title repeated 1 of 1 graphs)
Maxgraph link: https://web.archive.org/storygraph/graphs/usa/#cursor=128&hist=144&t=2018-06-12T21:24:30
From: 2018-06-12T21:24:30Z to 2018-06-12T21:24:30Z (0hrs 00min 00 sec), maxgraph max CC avg. deg: 3.59
Maxgraph max CC max_node_title: Live Updates: Trump-Kim Summit Ends with Promise to Suspend Military Exercises - The New York Times
Clusterer: sgdata.same_day_seq_cluster_by_common_links
Pulse: ................................................................................................................................6.................

7/10, max_node_title: McCabe sues Justice, FBI for materials related to his firing - CNNPolitics (max_node_title repeated 5 of 5 graphs)
Maxgraph link: https://web.archive.org/storygraph/graphs/usa/#cursor=8&hist=144&t=2018-06-13T01:24:58
From: 2018-06-13T00:56:01Z to 2018-06-13T01:34:57Z (0hrs 38min 55 sec), maxgraph max CC avg. deg: 3.56
Maxgraph max CC max_node_title: McCabe sues Justice, FBI for materials related to his firing - CNNPolitics
Clusterer: sgdata.same_day_seq_cluster_by_common_links
Pulse: ..............................................................................77777...............................................................

8/10, max_node_title: ***Live Updates*** Primary Night: MAGA Candidates Hoping for Huge Wins | Breitbart (max_node_title repeated 2 of 2 graphs)
Maxgraph link: https://web.archive.org/storygraph/graphs/usa/#cursor=10&hist=144&t=2018-06-13T01:45:00
From: 2018-06-13T01:45:00Z to 2018-06-13T01:54:55Z (0hrs 09min 54 sec), maxgraph max CC avg. deg: 3.25
Maxgraph max CC max_node_title: ***Live Updates*** Primary Night: MAGA Candidates Hoping for Huge Wins | Breitbart
Clusterer: sgdata.same_day_seq_cluster_by_common_links
Pulse: ...................................................................................88.............................................................

9/10, max_node_title: The Summit Was Unprecedented, the Statement Vague and the Day Historic - The New York Times (max_node_title repeated 1 of 1 graphs)
Maxgraph link: https://web.archive.org/storygraph/graphs/usa/#cursor=13&hist=144&t=2018-06-13T02:15:05
From: 2018-06-13T02:15:05Z to 2018-06-13T02:15:05Z (0hrs 00min 00 sec), maxgraph max CC avg. deg: 2.95
Maxgraph max CC max_node_title: The Summit Was Unprecedented, the Statement Vague and the Day Historic - The New York Times
Clusterer: sgdata.same_day_seq_cluster_by_common_links
Pulse: ......................................................................................9...........................................................

10/10, max_node_title: Andrew McCabe turned over memo on Comey firing to Mueller - CNNPolitics (max_node_title repeated 2 of 2 graphs)
Maxgraph link: https://web.archive.org/storygraph/graphs/usa/#cursor=12&hist=144&t=2018-06-13T02:05:01
From: 2018-06-13T02:05:01Z to 2018-06-13T02:25:01Z (0hrs 19min 59 sec), maxgraph max CC avg. deg: 2.86
Maxgraph max CC max_node_title: Andrew McCabe turned over memo on Comey firing to Mueller - CNNPolitics
Clusterer: sgdata.same_day_non_seq_cluster_by_title_sumgrams
Pulse: .....................................................................................*.*..........................................................

All pulses: ........................●●●●●●●●●●●●●●●●●●●●●●●●●●●●●●●●●●●●●●●●●●●●●●●●●ᛥᛥᛥᛥᛥ7777788*9*⁜⁜⁜⁜⁜⁜⁜⁜⁜⁜⁜●●●●●●●●●●●●●●●●●●●●●●●●●●●●⚂6⚂⚂⚂⚂⚂⊛⚂⚂⚂⚂ᛥᛥᛥᛥᛥ..

