
StoryGraphToolkit, tool: maxgraph

Generating maxgraphs from 2018-06-13 00:00:00 to 2018-06-13 02:34:48
Calculating maxgraph for date: 2018-06-13
	get_timezone_aware_graphs() rm date: 2018-06-13 02:35:33 > 2018-06-13 02:34:48
	get_timezone_aware_graphs() rm date: 2018-06-13 02:45:31 > 2018-06-13 02:34:48
	get_timezone_aware_graphs() rm date: 2018-06-13 02:55:30 > 2018-06-13 02:34:48
	get_timezone_aware_graphs() rm date: 2018-06-13 03:05:30 > 2018-06-13 02:34:48
	get_timezone_aware_graphs() rm date: 2018-06-13 03:15:41 > 2018-06-13 02:34:48
	get_timezone_aware_graphs() rm date: 2018-06-13 03:25:39 > 2018-06-13 02:34:48
	get_timezone_aware_graphs() rm date: 2018-06-13 03:35:32 > 2018-06-13 02:34:48
	get_timezone_aware_graphs() rm date: 2018-06-13 03:45:33 > 2018-06-13 02:34:48
	get_timezone_aware_graphs() rm date: 2018-06-13 03:55:35 > 2018-06-13 02:34:48
	get_timezone_aware_graphs() rm date: 2018-06-13 04:05:34 > 2018-06-13 02:34:48
	get_timezone_aware_graphs() rm date: 2018-06-13 04:15:43 > 2018-06-13 02:34:48
	get_timezone_aware_graphs() rm date: 2018-06-13 04:25:42 > 2018-06-13 02:34:48
	get_timezone_aware_graphs() rm date: 2018-06-13 04:35:33 > 2018-06-13 02:34:48
	get_timezone_aware_graphs() rm date: 2018-06-13 04:45:45 > 2018-06-13 02:34:48
	get_timezone_aware_graphs() rm date: 2018-06-13 04:55:48 > 2018-06-13 02:34:48
	get_timezone_aware_graphs() rm date: 2018-06-13 05:05:39 > 2018-06-13 02:34:48
	get_timezone_aware_graphs() rm date: 2018-06-13 05:15:53 > 2018-06-13 02:34:48
	get_timezone_aware_graphs() rm date: 2018-06-13 05:25:53 > 2018-06-13 02:34:48
	get_timezone_aware_graphs() rm date: 2018-06-13 05:36:13 > 2018-06-13 02:34:48
	get_timezone_aware_graphs() rm date: 2018-06-13 05:46:17 > 2018-06-13 02:34:48
	get_timezone_aware_graphs() rm date: 2018-06-13 05:56:06 > 2018-06-13 02:34:48
	get_timezone_aware_graphs() rm date: 2018-06-13 06:06:18 > 2018-06-13 02:34:48
	get_timezone_aware_graphs() rm date: 2018-06-13 06:16:12 > 2018-06-13 02:34:48
	get_timezone_aware_graphs() rm date: 2018-06-13 06:26:20 > 2018-06-13 02:34:48
	get_timezone_aware_graphs() rm date: 2018-06-13 06:36:20 > 2018-06-13 02:34:48
	get_timezone_aware_graphs() rm date: 2018-06-13 06:46:20 > 2018-06-13 02:34:48
	get_timezone_aware_graphs() rm date: 2018-06-13 06:56:20 > 2018-06-13 02:34:48
	get_timezone_aware_graphs() rm date: 2018-06-13 07:06:21 > 2018-06-13 02:34:48
	get_timezone_aware_graphs() rm date: 2018-06-13 07:16:21 > 2018-06-13 02:34:48
	get_timezone_aware_graphs() rm date: 2018-06-13 07:26:29 > 2018-06-13 02:34:48
	get_timezone_aware_graphs() rm date: 2018-06-13 07:36:26 > 2018-06-13 02:34:48
	get_timezone_aware_graphs() rm date: 2018-06-13 07:46:23 > 2018-06-13 02:34:48
	get_timezone_aware_graphs() rm date: 2018-06-13 07:56:27 > 2018-06-13 02:34:48
	get_timezone_aware_graphs() rm date: 2018-06-13 08:06:28 > 2018-06-13 02:34:48
	get_timezone_aware_graphs() rm date: 2018-06-13 08:16:28 > 2018-06-13 02:34:48
	get_timezone_aware_graphs() rm date: 2018-06-13 08:26:29 > 2018-06-13 02:34:48
	get_timezone_aware_graphs() rm date: 2018-06-13 08:36:35 > 2018-06-13 02:34:48
	get_timezone_aware_graphs() rm date: 2018-06-13 08:46:28 > 2018-06-13 02:34:48
	get_timezone_aware_graphs() rm date: 2018-06-13 08:56:34 > 2018-06-13 02:34:48
	get_timezone_aware_graphs() rm date: 2018-06-13 09:06:33 > 2018-06-13 02:34:48
	get_timezone_aware_graphs() rm date: 2018-06-13 09:16:43 > 2018-06-13 02:34:48
	get_timezone_aware_graphs() rm date: 2018-06-13 09:26:50 > 2018-06-13 02:34:48
	get_timezone_aware_graphs() rm date: 2018-06-13 09:36:37 > 2018-06-13 02:34:48
	get_timezone_aware_graphs() rm date: 2018-06-13 09:46:51 > 2018-06-13 02:34:48
	get_timezone_aware_graphs() rm date: 2018-06-13 09:56:39 > 2018-06-13 02:34:48
	get_timezone_aware_graphs() rm date: 2018-06-13 10:06:47 > 2018-06-13 02:34:48
	get_timezone_aware_graphs() rm date: 2018-06-13 10:16:43 > 2018-06-13 02:34:48
	get_timezone_aware_graphs() rm date: 2018-06-13 10:26:48 > 2018-06-13 02:34:48
	get_timezone_aware_graphs() rm date: 2018-06-13 10:36:48 > 2018-06-13 02:34:48
	get_timezone_aware_graphs() rm date: 2018-06-13 10:46:47 > 2018-06-13 02:34:48
	get_timezone_aware_graphs() rm date: 2018-06-13 10:56:50 > 2018-06-13 02:34:48
	get_timezone_aware_graphs() rm date: 2018-06-13 11:06:51 > 2018-06-13 02:34:48
	get_timezone_aware_graphs() rm date: 2018-06-13 11:16:48 > 2018-06-13 02:34:48
	get_timezone_aware_graphs() rm date: 2018-06-13 11:26:43 > 2018-06-13 02:34:48
	get_timezone_aware_graphs() rm date: 2018-06-13 11:36:53 > 2018-06-13 02:34:48
	get_timezone_aware_graphs() rm date: 2018-06-13 11:46:55 > 2018-06-13 02:34:48
	get_timezone_aware_graphs() rm date: 2018-06-13 11:56:54 > 2018-06-13 02:34:48
	get_timezone_aware_graphs() rm date: 2018-06-13 12:06:54 > 2018-06-13 02:34:48
	get_timezone_aware_graphs() rm date: 2018-06-13 12:17:02 > 2018-06-13 02:34:48
	get_timezone_aware_graphs() rm date: 2018-06-13 12:26:56 > 2018-06-13 02:34:48
	get_timezone_aware_graphs() rm date: 2018-06-13 12:36:57 > 2018-06-13 02:34:48
	get_timezone_aware_graphs() rm date: 2018-06-13 12:47:11 > 2018-06-13 02:34:48
	get_timezone_aware_graphs() rm date: 2018-06-13 12:57:03 > 2018-06-13 02:34:48
	get_timezone_aware_graphs() rm date: 2018-06-13 13:07:03 > 2018-06-13 02:34:48
	get_timezone_aware_graphs() rm date: 2018-06-13 13:17:04 > 2018-06-13 02:34:48
	get_timezone_aware_graphs() rm date: 2018-06-13 13:27:04 > 2018-06-13 02:34:48
	get_timezone_aware_graphs() rm date: 2018-06-13 13:37:04 > 2018-06-13 02:34:48
	get_timezone_aware_graphs() rm date: 2018-06-13 13:47:04 > 2018-06-13 02:34:48
	get_timezone_aware_graphs() rm date: 2018-06-13 13:57:06 > 2018-06-13 02:34:48
	get_timezone_aware_graphs() rm date: 2018-06-13 14:07:08 > 2018-06-13 02:34:48
	get_timezone_aware_graphs() rm date: 2018-06-13 14:17:09 > 2018-06-13 02:34:48
	get_timezone_aware_graphs() rm date: 2018-06-13 14:27:10 > 2018-06-13 02:34:48
	get_timezone_aware_graphs() rm date: 2018-06-13 14:37:11 > 2018-06-13 02:34:48
	get_timezone_aware_graphs() rm date: 2018-06-13 14:47:25 > 2018-06-13 02:34:48
	get_timezone_aware_graphs() rm date: 2018-06-13 14:57:12 > 2018-06-13 02:34:48
	get_timezone_aware_graphs() rm date: 2018-06-13 15:07:16 > 2018-06-13 02:34:48
	get_timezone_aware_graphs() rm date: 2018-06-13 15:17:15 > 2018-06-13 02:34:48
	get_timezone_aware_graphs() rm date: 2018-06-13 15:27:13 > 2018-06-13 02:34:48
	get_timezone_aware_graphs() rm date: 2018-06-13 15:37:22 > 2018-06-13 02:34:48
	get_timezone_aware_graphs() rm date: 2018-06-13 15:47:22 > 2018-06-13 02:34:48
	get_timezone_aware_graphs() rm date: 2018-06-13 15:57:23 > 2018-06-13 02:34:48
	get_timezone_aware_graphs() rm date: 2018-06-13 16:07:22 > 2018-06-13 02:34:48
	get_timezone_aware_graphs() rm date: 2018-06-13 16:17:25 > 2018-06-13 02:34:48
	get_timezone_aware_graphs() rm date: 2018-06-13 16:27:22 > 2018-06-13 02:34:48
	get_timezone_aware_graphs() rm date: 2018-06-13 16:37:37 > 2018-06-13 02:34:48
	get_timezone_aware_graphs() rm date: 2018-06-13 16:47:32 > 2018-06-13 02:34:48
	get_timezone_aware_graphs() rm date: 2018-06-13 16:57:28 > 2018-06-13 02:34:48
	get_timezone_aware_graphs() rm date: 2018-06-13 17:07:28 > 2018-06-13 02:34:48
	get_timezone_aware_graphs() rm date: 2018-06-13 17:17:39 > 2018-06-13 02:34:48
	get_timezone_aware_graphs() rm date: 2018-06-13 17:27:35 > 2018-06-13 02:34:48
	get_timezone_aware_graphs() rm date: 2018-06-13 17:37:40 > 2018-06-13 02:34:48
	get_timezone_aware_graphs() rm date: 2018-06-13 17:47:39 > 2018-06-13 02:34:48
	get_timezone_aware_graphs() rm date: 2018-06-13 17:57:40 > 2018-06-13 02:34:48
	get_timezone_aware_graphs() rm date: 2018-06-13 18:07:39 > 2018-06-13 02:34:48
	get_timezone_aware_graphs() rm date: 2018-06-13 18:17:45 > 2018-06-13 02:34:48
	get_timezone_aware_graphs() rm date: 2018-06-13 18:27:40 > 2018-06-13 02:34:48
	get_timezone_aware_graphs() rm date: 2018-06-13 18:37:42 > 2018-06-13 02:34:48
	get_timezone_aware_graphs() rm date: 2018-06-13 18:47:44 > 2018-06-13 02:34:48
	get_timezone_aware_graphs() rm date: 2018-06-13 18:57:47 > 2018-06-13 02:34:48
	get_timezone_aware_graphs() rm date: 2018-06-13 19:07:47 > 2018-06-13 02:34:48
	get_timezone_aware_graphs() rm date: 2018-06-13 19:17:46 > 2018-06-13 02:34:48
	get_timezone_aware_graphs() rm date: 2018-06-13 19:27:48 > 2018-06-13 02:34:48
	get_timezone_aware_graphs() rm date: 2018-06-13 19:37:50 > 2018-06-13 02:34:48
	get_timezone_aware_graphs() rm date: 2018-06-13 19:47:51 > 2018-06-13 02:34:48
	get_timezone_aware_graphs() rm date: 2018-06-13 19:57:57 > 2018-06-13 02:34:48
	get_timezone_aware_graphs() rm date: 2018-06-13 20:07:54 > 2018-06-13 02:34:48
	get_timezone_aware_graphs() rm date: 2018-06-13 20:17:55 > 2018-06-13 02:34:48
	get_timezone_aware_graphs() rm date: 2018-06-13 20:27:59 > 2018-06-13 02:34:48
	get_timezone_aware_graphs() rm date: 2018-06-13 20:37:59 > 2018-06-13 02:34:48
	get_timezone_aware_graphs() rm date: 2018-06-13 20:47:59 > 2018-06-13 02:34:48
	get_timezone_aware_graphs() rm date: 2018-06-13 20:58:02 > 2018-06-13 02:34:48
	get_timezone_aware_graphs() rm date: 2018-06-13 21:08:02 > 2018-06-13 02:34:48
	get_timezone_aware_graphs() rm date: 2018-06-13 21:18:08 > 2018-06-13 02:34:48
	get_timezone_aware_graphs() rm date: 2018-06-13 21:28:07 > 2018-06-13 02:34:48
	get_timezone_aware_graphs() rm date: 2018-06-13 21:38:11 > 2018-06-13 02:34:48
	get_timezone_aware_graphs() rm date: 2018-06-13 21:48:07 > 2018-06-13 02:34:48
	get_timezone_aware_graphs() rm date: 2018-06-13 21:58:14 > 2018-06-13 02:34:48
	get_timezone_aware_graphs() rm date: 2018-06-13 22:08:13 > 2018-06-13 02:34:48
	get_timezone_aware_graphs() rm date: 2018-06-13 22:18:11 > 2018-06-13 02:34:48
	get_timezone_aware_graphs() rm date: 2018-06-13 22:28:14 > 2018-06-13 02:34:48
	get_timezone_aware_graphs() rm date: 2018-06-13 22:38:13 > 2018-06-13 02:34:48
	get_timezone_aware_graphs() rm date: 2018-06-13 22:48:13 > 2018-06-13 02:34:48
	get_timezone_aware_graphs() rm date: 2018-06-13 22:58:15 > 2018-06-13 02:34:48
	get_timezone_aware_graphs() rm date: 2018-06-13 23:08:11 > 2018-06-13 02:34:48
	get_timezone_aware_graphs() rm date: 2018-06-13 23:18:11 > 2018-06-13 02:34:48
	get_timezone_aware_graphs() rm date: 2018-06-13 23:28:12 > 2018-06-13 02:34:48
	get_timezone_aware_graphs() rm date: 2018-06-13 23:38:14 > 2018-06-13 02:34:48
	get_timezone_aware_graphs() rm date: 2018-06-13 23:48:15 > 2018-06-13 02:34:48
	get_timezone_aware_graphs() rm date: 2018-06-13 23:58:17 > 2018-06-13 02:34:48

Day: 2018-06-13, clustered 15 graphs with similar links into 1 initial subgraph clusters

Day: 2018-06-13, graphs with similar links were clustered into 1 initial subgraphs clusters
Attempting to further cluster 1 initial subgraph clusters based on similar sumgrams
Clustered 1 initial subgraph clusters into 1 subgraph clusters
	dumpJsonToFile(), wrote: ./sgbot_0_expanded/tmp/current_storygraphdata.json

RANKED LIST OF STORIES

date: 2018-06-13, 1 (--maxstory-count=1) story


1/1, max_node_title: Trump critic Mark Sanford falls in South Carolina GOP primary  - CNNPolitics (max_node_title repeated 12 of 15 graphs)
Maxgraph link: https://web.archive.org/storygraph/graphs/usa/#cursor=30&hist=144&t=2018-06-13T05:05:19
From: 2018-06-13T04:05:16Z to 2018-06-13T06:25:28Z (2hrs 20min 11 sec), maxgraph max CC avg. deg: 5.36
Maxgraph max CC max_node_title: Trump critic Mark Sanford falls in South Carolina GOP primary  - CNNPolitics
Clusterer: sgdata.same_day_seq_cluster_by_common_links
Pulse: ...............

All pulses: ...............

